
ariadne_atmega328_w5100.elf:     file format elf32-avr

Sections:
Idx Name          Size      VMA       LMA       File off  Algn
  0 .data         00000020  00800100  00007ac4  00000b58  2**0
                  CONTENTS, ALLOC, LOAD, DATA
  1 .text         00000ac4  00007000  00007000  00000094  2**1
                  CONTENTS, ALLOC, LOAD, READONLY, CODE
  2 .bss          0000000f  00800120  00800120  00000b78  2**0
                  ALLOC
  3 .stab         000008c4  00000000  00000000  00000b78  2**2
                  CONTENTS, READONLY, DEBUGGING
  4 .stabstr      00000198  00000000  00000000  0000143c  2**0
                  CONTENTS, READONLY, DEBUGGING
  5 .debug_aranges 000001a0  00000000  00000000  000015d8  2**3
                  CONTENTS, READONLY, DEBUGGING
  6 .debug_info   000014e5  00000000  00000000  00001778  2**0
                  CONTENTS, READONLY, DEBUGGING
  7 .debug_abbrev 0000097b  00000000  00000000  00002c5d  2**0
                  CONTENTS, READONLY, DEBUGGING
  8 .debug_line   00000cc9  00000000  00000000  000035d8  2**0
                  CONTENTS, READONLY, DEBUGGING
  9 .debug_frame  000003bc  00000000  00000000  000042a4  2**2
                  CONTENTS, READONLY, DEBUGGING
 10 .debug_str    0000054a  00000000  00000000  00004660  2**0
                  CONTENTS, READONLY, DEBUGGING
 11 .debug_loc    00001407  00000000  00000000  00004baa  2**0
                  CONTENTS, READONLY, DEBUGGING
 12 .debug_ranges 00000088  00000000  00000000  00005fb1  2**0
                  CONTENTS, READONLY, DEBUGGING

Disassembly of section .text:

00007000 <__vectors>:
    7000:	50 c0       	rjmp	.+160    	; 0x70a2 <__ctors_end>
    7002:	00 00       	nop
    7004:	c5 c0       	rjmp	.+394    	; 0x7190 <__bad_interrupt>
    7006:	00 00       	nop
    7008:	c3 c0       	rjmp	.+390    	; 0x7190 <__bad_interrupt>
    700a:	00 00       	nop
    700c:	c1 c0       	rjmp	.+386    	; 0x7190 <__bad_interrupt>
    700e:	00 00       	nop
    7010:	bf c0       	rjmp	.+382    	; 0x7190 <__bad_interrupt>
    7012:	00 00       	nop
    7014:	bd c0       	rjmp	.+378    	; 0x7190 <__bad_interrupt>
    7016:	00 00       	nop
    7018:	bb c0       	rjmp	.+374    	; 0x7190 <__bad_interrupt>
    701a:	00 00       	nop
    701c:	b9 c0       	rjmp	.+370    	; 0x7190 <__bad_interrupt>
    701e:	00 00       	nop
    7020:	b7 c0       	rjmp	.+366    	; 0x7190 <__bad_interrupt>
    7022:	00 00       	nop
    7024:	b5 c0       	rjmp	.+362    	; 0x7190 <__bad_interrupt>
    7026:	00 00       	nop
    7028:	b3 c0       	rjmp	.+358    	; 0x7190 <__bad_interrupt>
    702a:	00 00       	nop
    702c:	b1 c0       	rjmp	.+354    	; 0x7190 <__bad_interrupt>
    702e:	00 00       	nop
    7030:	af c0       	rjmp	.+350    	; 0x7190 <__bad_interrupt>
    7032:	00 00       	nop
    7034:	ad c0       	rjmp	.+346    	; 0x7190 <__bad_interrupt>
    7036:	00 00       	nop
    7038:	ab c0       	rjmp	.+342    	; 0x7190 <__bad_interrupt>
    703a:	00 00       	nop
    703c:	a9 c0       	rjmp	.+338    	; 0x7190 <__bad_interrupt>
    703e:	00 00       	nop
    7040:	a7 c0       	rjmp	.+334    	; 0x7190 <__bad_interrupt>
    7042:	00 00       	nop
    7044:	a5 c0       	rjmp	.+330    	; 0x7190 <__bad_interrupt>
    7046:	00 00       	nop
    7048:	a3 c0       	rjmp	.+326    	; 0x7190 <__bad_interrupt>
    704a:	00 00       	nop
    704c:	a1 c0       	rjmp	.+322    	; 0x7190 <__bad_interrupt>
    704e:	00 00       	nop
    7050:	9f c0       	rjmp	.+318    	; 0x7190 <__bad_interrupt>
    7052:	00 00       	nop
    7054:	9d c0       	rjmp	.+314    	; 0x7190 <__bad_interrupt>
    7056:	00 00       	nop
    7058:	9b c0       	rjmp	.+310    	; 0x7190 <__bad_interrupt>
    705a:	00 00       	nop
    705c:	99 c0       	rjmp	.+306    	; 0x7190 <__bad_interrupt>
    705e:	00 00       	nop
    7060:	97 c0       	rjmp	.+302    	; 0x7190 <__bad_interrupt>
    7062:	00 00       	nop
    7064:	95 c0       	rjmp	.+298    	; 0x7190 <__bad_interrupt>
	...

00007068 <tftp_invalid_image_packet>:
    7068:	13 00 05 00 00 49 6e 76 61 6c 69 64 20 69 6d 61     .....Invalid ima
    7078:	67 65 20 66 69 6c 65 00                             ge file.

00007080 <tftp_unknown_error_packet>:
    7080:	08 00 05 00 00 45 72 72 6f 72 00                    .....Error.

0000708b <tftp_full_error_packet>:
    708b:	09 00 05 00 03 46 75 6c 6c 00                       .....Full.

00007095 <tftp_opcode_error_packet>:
    7095:	0a 00 05 00 00 4f 70 63 6f 64 65 3f 00              .....Opcode?.

000070a2 <__ctors_end>:
    70a2:	11 24       	eor	r1, r1
    70a4:	1f be       	out	0x3f, r1	; 63
    70a6:	cf ef       	ldi	r28, 0xFF	; 255
    70a8:	d8 e0       	ldi	r29, 0x08	; 8
    70aa:	de bf       	out	0x3e, r29	; 62
    70ac:	cd bf       	out	0x3d, r28	; 61

000070ae <__do_copy_data>:
    70ae:	11 e0       	ldi	r17, 0x01	; 1
    70b0:	a0 e0       	ldi	r26, 0x00	; 0
    70b2:	b1 e0       	ldi	r27, 0x01	; 1
    70b4:	e4 ec       	ldi	r30, 0xC4	; 196
    70b6:	fa e7       	ldi	r31, 0x7A	; 122
    70b8:	02 c0       	rjmp	.+4      	; 0x70be <__do_copy_data+0x10>
    70ba:	05 90       	lpm	r0, Z+
    70bc:	0d 92       	st	X+, r0
    70be:	a0 32       	cpi	r26, 0x20	; 32
    70c0:	b1 07       	cpc	r27, r17
    70c2:	d9 f7       	brne	.-10     	; 0x70ba <__do_copy_data+0xc>

000070c4 <__do_clear_bss>:
    70c4:	11 e0       	ldi	r17, 0x01	; 1
    70c6:	a0 e2       	ldi	r26, 0x20	; 32
    70c8:	b1 e0       	ldi	r27, 0x01	; 1
    70ca:	01 c0       	rjmp	.+2      	; 0x70ce <.do_clear_bss_start>

000070cc <.do_clear_bss_loop>:
    70cc:	1d 92       	st	X+, r1

000070ce <.do_clear_bss_start>:
    70ce:	af 32       	cpi	r26, 0x2F	; 47
    70d0:	b1 07       	cpc	r27, r17
    70d2:	e1 f7       	brne	.-8      	; 0x70cc <.do_clear_bss_loop>
    70d4:	01 d0       	rcall	.+2      	; 0x70d8 <main>
    70d6:	f4 c4       	rjmp	.+2536   	; 0x7ac0 <_exit>

000070d8 <main>:

int main(void)
{
	/* Disable the watchdog timer to prevent
	 * eternal reset loop of doom and despair */
	MCUSR = 0;
    70d8:	14 be       	out	0x34, r1	; 52
	wdt_disable();
    70da:	88 e1       	ldi	r24, 0x18	; 24
    70dc:	0f b6       	in	r0, 0x3f	; 63
    70de:	f8 94       	cli
    70e0:	80 93 60 00 	sts	0x0060, r24
    70e4:	10 92 60 00 	sts	0x0060, r1
    70e8:	0f be       	out	0x3f, r0	; 63
	#else
		//round up by default
		__ticks_dc = (uint32_t)(ceil(fabs(__tmp)));
	#endif

	__builtin_avr_delay_cycles(__ticks_dc);
    70ea:	8f ef       	ldi	r24, 0xFF	; 255
    70ec:	93 ec       	ldi	r25, 0xC3	; 195
    70ee:	a9 e0       	ldi	r26, 0x09	; 9
    70f0:	81 50       	subi	r24, 0x01	; 1
    70f2:	90 40       	sbci	r25, 0x00	; 0
    70f4:	a0 40       	sbci	r26, 0x00	; 0
    70f6:	e1 f7       	brne	.-8      	; 0x70f0 <main+0x18>
    70f8:	00 c0       	rjmp	.+0      	; 0x70fa <main+0x22>
    70fa:	00 00       	nop
	/* This code makes the following assumptions:
	 * No interrupts will execute
	 * SP points to RAMEND
	 * r1 contains zero */
	//cli();
	asm volatile("clr __zero_reg__");
    70fc:	11 24       	eor	r1, r1
	// 0x02 -> ClkIO/8 -> 500ns period, 32ms max
	// 0X03 -> ClkIO/64 -> 4us period, 256ms max
	// 0x04 -> ClkIO/256 -> 16us period, 1024ms max
	// 0x05 -> ClkIO/1024 -> 64us period, 4096ms max
	// Set up Timer 1 as timekeeper for LED flashing
	TCCR1B = _BV(CS12) | _BV(CS10); // Same thing as TCCR1B = 0x05;
    70fe:	85 e0       	ldi	r24, 0x05	; 5
    7100:	80 93 81 00 	sts	0x0081, r24

	/* Write version information in the EEPROM */
	if(eeprom_read_byte(EEPROM_MAJVER) != ARIADNE_MAJVER)
    7104:	80 e0       	ldi	r24, 0x00	; 0
    7106:	90 e0       	ldi	r25, 0x00	; 0
    7108:	c5 d4       	rcall	.+2442   	; 0x7a94 <__eerd_byte_m328p>
    710a:	88 23       	and	r24, r24
    710c:	21 f0       	breq	.+8      	; 0x7116 <main+0x3e>
    710e:	80 e0       	ldi	r24, 0x00	; 0
		eeprom_write_byte(EEPROM_MAJVER, ARIADNE_MAJVER);
    7110:	90 e0       	ldi	r25, 0x00	; 0
    7112:	60 e0       	ldi	r22, 0x00	; 0
    7114:	c7 d4       	rcall	.+2446   	; 0x7aa4 <__eewr_byte_m328p>
    7116:	81 e0       	ldi	r24, 0x01	; 1
    7118:	90 e0       	ldi	r25, 0x00	; 0
	if(eeprom_read_byte(EEPROM_MINVER) != ARIADNE_MINVER)
    711a:	bc d4       	rcall	.+2424   	; 0x7a94 <__eerd_byte_m328p>
    711c:	84 30       	cpi	r24, 0x04	; 4
    711e:	21 f0       	breq	.+8      	; 0x7128 <main+0x50>
    7120:	81 e0       	ldi	r24, 0x01	; 1
    7122:	90 e0       	ldi	r25, 0x00	; 0
    7124:	64 e0       	ldi	r22, 0x04	; 4
		eeprom_write_byte(EEPROM_MINVER, ARIADNE_MINVER);
    7126:	be d4       	rcall	.+2428   	; 0x7aa4 <__eewr_byte_m328p>
    7128:	44 d3       	rcall	.+1672   	; 0x77b2 <serialInit>
    712a:	94 d0       	rcall	.+296    	; 0x7254 <spiInit>
    712c:	9c d0       	rcall	.+312    	; 0x7266 <netInit>
    712e:	46 d2       	rcall	.+1164   	; 0x75bc <tftpInit>

	/* Initialize UART communication */
	serialInit();
    7130:	10 92 2d 01 	sts	0x012D, r1
		buttonInit();
	)

	/* Initalize SPI communication */
	DBG_MAIN_EX(tracePGMlnMain(mDebugMain_SPI);)
	spiInit();
    7134:	10 92 2e 01 	sts	0x012E, r1
	/* Initialize networking */
	DBG_MAIN_EX(tracePGMlnMain(mDebugMain_NET);)
	netInit();
    7138:	13 e0       	ldi	r17, 0x03	; 3
    713a:	c0 e0       	ldi	r28, 0x00	; 0

	/* Initialize the UDP socket for tftp */
	DBG_MAIN_EX(tracePGMlnMain(mDebugMain_TFTP);)
	tftpInit();
    713c:	d0 e0       	ldi	r29, 0x00	; 0
    713e:	80 91 2d 01 	lds	r24, 0x012D
#if defined(ANNOUNCE)
	DBG_MAIN_EX(tracePGMlnMain(mDebugMain_ANN);)
	announceInit();
#endif

	serialFlashing = FALSE;
    7142:	88 23       	and	r24, r24
	tftpFlashing = FALSE;
    7144:	19 f4       	brne	.+6      	; 0x714c <main+0x74>
    7146:	5d d2       	rcall	.+1210   	; 0x7602 <tftpPoll>
			if(eeprom_read_byte(EEPROM_IMG_STAT) == EEPROM_IMG_OK_VALUE) break;

			//TODO: determine the conditions for reseting server OR reseting socket
			if(tftpFlashing == TRUE) {
				// Delete first page of flash memory
				boot_page_erase(0);
    7148:	88 23       	and	r24, r24
    714a:	e9 f0       	breq	.+58     	; 0x7186 <main+0xae>
    714c:	80 91 2e 01 	lds	r24, 0x012E
	serialFlashing = FALSE;
	tftpFlashing = FALSE;

	for(;;) {
		// If there is no serial flashing under way, poll tftp
		if(!serialFlashing)
    7150:	88 23       	and	r24, r24
    7152:	19 f4       	brne	.+6      	; 0x715a <main+0x82>
    7154:	54 d3       	rcall	.+1704   	; 0x77fe <serialPoll>
			// If tftp recieved a FINAL_ACK, break
			if(tftpPoll() == 0)
    7156:	88 23       	and	r24, r24
    7158:	b1 f0       	breq	.+44     	; 0x7186 <main+0xae>
    715a:	87 d3       	rcall	.+1806   	; 0x786a <timedOut>
    715c:	88 23       	and	r24, r24
				break;

		// If there is no tftp flashing, poll serial
		if(!tftpFlashing)
    715e:	89 f0       	breq	.+34     	; 0x7182 <main+0xaa>
    7160:	82 e0       	ldi	r24, 0x02	; 2
    7162:	90 e0       	ldi	r25, 0x00	; 0
    7164:	97 d4       	rcall	.+2350   	; 0x7a94 <__eerd_byte_m328p>
			// If flashing is done exit
			if(serialPoll() == 0)
    7166:	8e 3e       	cpi	r24, 0xEE	; 238
    7168:	71 f0       	breq	.+28     	; 0x7186 <main+0xae>
    716a:	80 91 2e 01 	lds	r24, 0x012E
		/* As explained above this goes out */
#if defined(ANNOUNCE)
		announcePoll();
#endif

		if(timedOut()) {
    716e:	81 30       	cpi	r24, 0x01	; 1
    7170:	41 f4       	brne	.+16     	; 0x7182 <main+0xaa>
    7172:	fe 01       	movw	r30, r28
    7174:	10 93 57 00 	sts	0x0057, r17
			if(eeprom_read_byte(EEPROM_IMG_STAT) == EEPROM_IMG_OK_VALUE) break;
    7178:	e8 95       	spm
    717a:	20 d2       	rcall	.+1088   	; 0x75bc <tftpInit>
    717c:	6d d3       	rcall	.+1754   	; 0x7858 <resetTick>
    717e:	10 92 2e 01 	sts	0x012E, r1

			//TODO: determine the conditions for reseting server OR reseting socket
			if(tftpFlashing == TRUE) {
    7182:	48 d3       	rcall	.+1680   	; 0x7814 <updateLed>
    7184:	dc cf       	rjmp	.-72     	; 0x713e <main+0x66>
    7186:	ee 27       	eor	r30, r30
    7188:	ff 27       	eor	r31, r31
				// Delete first page of flash memory
				boot_page_erase(0);
    718a:	09 94       	ijmp
    718c:	80 e0       	ldi	r24, 0x00	; 0
    718e:	90 e0       	ldi	r25, 0x00	; 0

00007190 <__bad_interrupt>:
    7190:	37 cf       	rjmp	.-402    	; 0x7000 <__vectors>

00007192 <spiWriteReg>:
		tracenum(address);
		tracePGM(mDebugSpi_COMMA);
		tracenum(value);
	)

	SPCR = _BV(SPE) | _BV(MSTR); // Set SPI as master
    7192:	20 e5       	ldi	r18, 0x50	; 80
    7194:	2c bd       	out	0x2c, r18	; 44
	SS_LOW();
    7196:	2a 98       	cbi	0x05, 2	; 5
	SPDR = cb;  //Socket 3 BSB Write 0x6D Selects Socket 3 Register, write mode, 1 byte data length
	while(!(SPSR & _BV(SPIF)));

#else //Standard W5100 Code

	SPDR = SPI_WRITE;
    7198:	20 ef       	ldi	r18, 0xF0	; 240
    719a:	2e bd       	out	0x2e, r18	; 46
	while(!(SPSR & _BV(SPIF)));
    719c:	0d b4       	in	r0, 0x2d	; 45
    719e:	07 fe       	sbrs	r0, 7
    71a0:	fd cf       	rjmp	.-6      	; 0x719c <spiWriteReg+0xa>

	SPDR = address >> 8;
    71a2:	29 2f       	mov	r18, r25
    71a4:	33 27       	eor	r19, r19
    71a6:	2e bd       	out	0x2e, r18	; 46
	while(!(SPSR & _BV(SPIF)));
    71a8:	0d b4       	in	r0, 0x2d	; 45
    71aa:	07 fe       	sbrs	r0, 7
    71ac:	fd cf       	rjmp	.-6      	; 0x71a8 <spiWriteReg+0x16>

	SPDR = address & 0xff;
    71ae:	8e bd       	out	0x2e, r24	; 46
	while(!(SPSR & _BV(SPIF)));
    71b0:	0d b4       	in	r0, 0x2d	; 45
    71b2:	07 fe       	sbrs	r0, 7
    71b4:	fd cf       	rjmp	.-6      	; 0x71b0 <spiWriteReg+0x1e>

#endif

	SPDR = value;
    71b6:	4e bd       	out	0x2e, r20	; 46
	while(!(SPSR & _BV(SPIF)));
    71b8:	0d b4       	in	r0, 0x2d	; 45
    71ba:	07 fe       	sbrs	r0, 7
    71bc:	fd cf       	rjmp	.-6      	; 0x71b8 <spiWriteReg+0x26>

	SS_HIGH();
    71be:	2a 9a       	sbi	0x05, 2	; 5
	cb = 0; //prevents compiler whining about unused cb variable
	SPCR = cb; // Turn off SPI	
    71c0:	1c bc       	out	0x2c, r1	; 44

}
    71c2:	08 95       	ret

000071c4 <spiWriteWord>:

void spiWriteWord(uint16_t address, uint8_t cb, uint16_t value)
{
    71c4:	ef 92       	push	r14
    71c6:	ff 92       	push	r15
    71c8:	1f 93       	push	r17
    71ca:	cf 93       	push	r28
    71cc:	df 93       	push	r29
    71ce:	ec 01       	movw	r28, r24
    71d0:	16 2f       	mov	r17, r22
    71d2:	7a 01       	movw	r14, r20
	// Write uint16_t to Ethernet controller
	spiWriteReg(address++, cb, value >> 8);
    71d4:	45 2f       	mov	r20, r21
    71d6:	55 27       	eor	r21, r21
    71d8:	dc df       	rcall	.-72     	; 0x7192 <spiWriteReg>
    71da:	ce 01       	movw	r24, r28
	spiWriteReg(address, cb, value & 0xff);
    71dc:	01 96       	adiw	r24, 0x01	; 1
    71de:	61 2f       	mov	r22, r17
    71e0:	4e 2d       	mov	r20, r14
    71e2:	d7 df       	rcall	.-82     	; 0x7192 <spiWriteReg>
    71e4:	df 91       	pop	r29
    71e6:	cf 91       	pop	r28
}
    71e8:	1f 91       	pop	r17
    71ea:	ff 90       	pop	r15
    71ec:	ef 90       	pop	r14
    71ee:	08 95       	ret

000071f0 <spiReadReg>:
    71f0:	20 e5       	ldi	r18, 0x50	; 80
    71f2:	2c bd       	out	0x2c, r18	; 44
	)
	#endif

	uint8_t returnValue;

	SPCR = _BV(SPE) | _BV(MSTR);
    71f4:	2a 98       	cbi	0x05, 2	; 5
    71f6:	2f e0       	ldi	r18, 0x0F	; 15
	SS_LOW();
    71f8:	2e bd       	out	0x2e, r18	; 46
	SPDR = cb;  //Socket 3 BSB Read 0x69 Selects Socket 3 Register, read mode, 1 byte data length
	while(!(SPSR & _BV(SPIF)));

#else //Standard W5100 Code

	SPDR = SPI_READ;
    71fa:	0d b4       	in	r0, 0x2d	; 45
    71fc:	07 fe       	sbrs	r0, 7
	while(!(SPSR & _BV(SPIF)));
    71fe:	fd cf       	rjmp	.-6      	; 0x71fa <spiReadReg+0xa>
    7200:	29 2f       	mov	r18, r25
    7202:	33 27       	eor	r19, r19

	SPDR = address >> 8;
    7204:	2e bd       	out	0x2e, r18	; 46
    7206:	0d b4       	in	r0, 0x2d	; 45
    7208:	07 fe       	sbrs	r0, 7
	while(!(SPSR & _BV(SPIF)));
    720a:	fd cf       	rjmp	.-6      	; 0x7206 <spiReadReg+0x16>
    720c:	8e bd       	out	0x2e, r24	; 46
    720e:	0d b4       	in	r0, 0x2d	; 45

	SPDR = address & 0xff;
    7210:	07 fe       	sbrs	r0, 7
	while(!(SPSR & _BV(SPIF)));
    7212:	fd cf       	rjmp	.-6      	; 0x720e <spiReadReg+0x1e>
    7214:	1e bc       	out	0x2e, r1	; 46
    7216:	0d b4       	in	r0, 0x2d	; 45

#endif

	SPDR = 0;
    7218:	07 fe       	sbrs	r0, 7
	while(!(SPSR & _BV(SPIF)));
    721a:	fd cf       	rjmp	.-6      	; 0x7216 <spiReadReg+0x26>
    721c:	2a 9a       	sbi	0x05, 2	; 5
    721e:	8e b5       	in	r24, 0x2e	; 46

	SS_HIGH();
    7220:	1c bc       	out	0x2c, r1	; 44
	returnValue = SPDR;
    7222:	08 95       	ret

00007224 <spiReadWord>:

	cb = 0; //prevents compiler whining about unused cb variable
	SPCR = cb; // Turn off SPI
    7224:	0f 93       	push	r16

	return(returnValue);
}
    7226:	1f 93       	push	r17

uint16_t spiReadWord(uint16_t address, uint8_t cb)
{
    7228:	cf 93       	push	r28
    722a:	df 93       	push	r29
    722c:	ec 01       	movw	r28, r24
    722e:	16 2f       	mov	r17, r22
    7230:	df df       	rcall	.-66     	; 0x71f0 <spiReadReg>
    7232:	08 2f       	mov	r16, r24
	// Read uint16_t from Ethernet controller
	return((spiReadReg(address, cb) << 8) | spiReadReg(address + 1, cb));
    7234:	ce 01       	movw	r24, r28
    7236:	01 96       	adiw	r24, 0x01	; 1
    7238:	61 2f       	mov	r22, r17
    723a:	da df       	rcall	.-76     	; 0x71f0 <spiReadReg>
    723c:	20 2f       	mov	r18, r16
    723e:	30 e0       	ldi	r19, 0x00	; 0
    7240:	32 2f       	mov	r19, r18
    7242:	22 27       	eor	r18, r18
    7244:	90 e0       	ldi	r25, 0x00	; 0
    7246:	82 2b       	or	r24, r18
    7248:	93 2b       	or	r25, r19
    724a:	df 91       	pop	r29
    724c:	cf 91       	pop	r28
}
    724e:	1f 91       	pop	r17
    7250:	0f 91       	pop	r16
    7252:	08 95       	ret

00007254 <spiInit>:
    7254:	8c e3       	ldi	r24, 0x3C	; 60
    7256:	85 b9       	out	0x05, r24	; 5
    7258:	8c e2       	ldi	r24, 0x2C	; 44
    725a:	84 b9       	out	0x04, r24	; 4
	 * At this stage all pins are set to HIGH. This in fact DISABLES SPI for both Ethernet and SD.
	 * SS pin for ethernet is pulled low just in time for reading or writing data inside those
	 * functions. */

	/** Set SPI pins high */
	SPI_PORT = _BV(SCK) | _BV(MISO) | _BV(MOSI) | _BV(SS);
    725c:	5c 9a       	sbi	0x0b, 4	; 11
    725e:	54 9a       	sbi	0x0a, 4	; 10
	/** Set SPI pins as output */
	SPI_DDR = _BV(SCK) | _BV(MOSI) | _BV(SS);
    7260:	81 e0       	ldi	r24, 0x01	; 1
    7262:	8d bd       	out	0x2d, r24	; 45
	ETH_DDR |= _BV(ETH_SS);
	#endif

	/** Disable SD card */
	/** Set SD SS pin high */
	SD_PORT |= _BV(SD_SS);
    7264:	08 95       	ret

00007266 <netInit>:
	0x55          // TMSR Tx Memory Size Register, 2K per socket
};


void netInit(void)
{
    7266:	0f 93       	push	r16
    7268:	1f 93       	push	r17
    726a:	cf 93       	push	r28
    726c:	df 93       	push	r29
	uint8_t i;

	/* Pull in altered network settings, if available,
	 * from AVR EEPROM (if signature bytes are set) */
	if((eeprom_read_byte(EEPROM_SIG_1) == EEPROM_SIG_1_VALUE)
    726e:	83 e0       	ldi	r24, 0x03	; 3
    7270:	90 e0       	ldi	r25, 0x00	; 0
    7272:	10 d4       	rcall	.+2080   	; 0x7a94 <__eerd_byte_m328p>
    7274:	85 35       	cpi	r24, 0x55	; 85
    7276:	91 f4       	brne	.+36     	; 0x729c <netInit+0x36>
    7278:	84 e0       	ldi	r24, 0x04	; 4
		&& (eeprom_read_byte(EEPROM_SIG_2) == EEPROM_SIG_2_VALUE)) {
    727a:	90 e0       	ldi	r25, 0x00	; 0
    727c:	0b d4       	rcall	.+2070   	; 0x7a94 <__eerd_byte_m328p>
    727e:	8a 3a       	cpi	r24, 0xAA	; 170
    7280:	69 f4       	brne	.+26     	; 0x729c <netInit+0x36>
    7282:	01 e0       	ldi	r16, 0x01	; 1
    7284:	11 e0       	ldi	r17, 0x01	; 1
    7286:	c5 e0       	ldi	r28, 0x05	; 5
    7288:	d0 e0       	ldi	r29, 0x00	; 0
    728a:	ce 01       	movw	r24, r28
    728c:	03 d4       	rcall	.+2054   	; 0x7a94 <__eerd_byte_m328p>

		for(i = 0; i < EEPROM_SETTINGS_SIZE; i++)
			registerBuffer[i + 1] = eeprom_read_byte(EEPROM_DATA + i);
    728e:	f8 01       	movw	r30, r16
    7290:	81 93       	st	Z+, r24
    7292:	8f 01       	movw	r16, r30
    7294:	21 96       	adiw	r28, 0x01	; 1
    7296:	c7 31       	cpi	r28, 0x17	; 23
    7298:	d1 05       	cpc	r29, r1
    729a:	b9 f7       	brne	.-18     	; 0x728a <netInit+0x24>
	/* Pull in altered network settings, if available,
	 * from AVR EEPROM (if signature bytes are set) */
	if((eeprom_read_byte(EEPROM_SIG_1) == EEPROM_SIG_1_VALUE)
		&& (eeprom_read_byte(EEPROM_SIG_2) == EEPROM_SIG_2_VALUE)) {

		for(i = 0; i < EEPROM_SETTINGS_SIZE; i++)
    729c:	00 e0       	ldi	r16, 0x00	; 0
    729e:	11 e0       	ldi	r17, 0x01	; 1
    72a0:	c0 e0       	ldi	r28, 0x00	; 0
    72a2:	d0 e0       	ldi	r29, 0x00	; 0
    72a4:	f8 01       	movw	r30, r16
	uint8_t i;

	/* Pull in altered network settings, if available,
	 * from AVR EEPROM (if signature bytes are set) */
	if((eeprom_read_byte(EEPROM_SIG_1) == EEPROM_SIG_1_VALUE)
		&& (eeprom_read_byte(EEPROM_SIG_2) == EEPROM_SIG_2_VALUE)) {
    72a6:	41 91       	ld	r20, Z+
    72a8:	8f 01       	movw	r16, r30
		}
	)

	/** Configure Wiznet chip. Network settings */
	for(i = 0; i < REGISTER_BLOCK_SIZE; i++)
		spiWriteReg(i, 0, registerBuffer[i]);
    72aa:	ce 01       	movw	r24, r28
    72ac:	60 e0       	ldi	r22, 0x00	; 0
    72ae:	71 df       	rcall	.-286    	; 0x7192 <spiWriteReg>
    72b0:	21 96       	adiw	r28, 0x01	; 1
    72b2:	cc 31       	cpi	r28, 0x1C	; 28
    72b4:	d1 05       	cpc	r29, r1
    72b6:	b1 f7       	brne	.-20     	; 0x72a4 <netInit+0x3e>
    72b8:	df 91       	pop	r29
			if(i != 14) putch(0x2E);
		}
	)

	/** Configure Wiznet chip. Network settings */
	for(i = 0; i < REGISTER_BLOCK_SIZE; i++)
    72ba:	cf 91       	pop	r28
    72bc:	1f 91       	pop	r17
    72be:	0f 91       	pop	r16
		spiWriteReg(i, 0, registerBuffer[i]);

	DBG_NET(tracePGMlnNet(mDebugNet_DONE);)
}
    72c0:	08 95       	ret

000072c2 <sockInit>:

uint16_t lastPacket = 0, highPacket = 0;


static void sockInit(uint16_t port)
{
    72c2:	cf 93       	push	r28
    72c4:	df 93       	push	r29
    72c6:	ec 01       	movw	r28, r24
	DBG_TFTP(
		tracePGMlnTftp(mDebugTftp_SOCK);
		tracenum(port);
	)

	spiWriteReg(REG_S3_CR, S3_W_CB, CR_CLOSE);
    72c8:	81 e0       	ldi	r24, 0x01	; 1
    72ca:	97 e0       	ldi	r25, 0x07	; 7
    72cc:	6c e6       	ldi	r22, 0x6C	; 108
    72ce:	40 e1       	ldi	r20, 0x10	; 16
    72d0:	60 df       	rcall	.-320    	; 0x7192 <spiWriteReg>
    72d2:	81 e0       	ldi	r24, 0x01	; 1
    while(spiReadReg(REG_S3_CR, S3_R_CB)) {
    72d4:	97 e0       	ldi	r25, 0x07	; 7
    72d6:	68 e6       	ldi	r22, 0x68	; 104
    72d8:	8b df       	rcall	.-234    	; 0x71f0 <spiReadReg>
    72da:	88 23       	and	r24, r24
    72dc:	d1 f7       	brne	.-12     	; 0x72d2 <sockInit+0x10>
    72de:	82 e0       	ldi	r24, 0x02	; 2
    72e0:	97 e0       	ldi	r25, 0x07	; 7
		//wait for command to complete	
	}  
        
	do {
        // Write interrupt
		spiWriteReg(REG_S3_IR, S3_W_CB, 0xFF);
    72e2:	6c e6       	ldi	r22, 0x6C	; 108
    72e4:	4f ef       	ldi	r20, 0xFF	; 255
    72e6:	55 df       	rcall	.-342    	; 0x7192 <spiWriteReg>
    72e8:	80 e0       	ldi	r24, 0x00	; 0
    72ea:	97 e0       	ldi	r25, 0x07	; 7
    72ec:	6c e6       	ldi	r22, 0x6C	; 108
		// Write mode
		spiWriteReg(REG_S3_MR, S3_W_CB, MR_UDP);
    72ee:	42 e0       	ldi	r20, 0x02	; 2
    72f0:	50 df       	rcall	.-352    	; 0x7192 <spiWriteReg>
    72f2:	84 e0       	ldi	r24, 0x04	; 4
    72f4:	97 e0       	ldi	r25, 0x07	; 7
    72f6:	6c e6       	ldi	r22, 0x6C	; 108
    72f8:	ae 01       	movw	r20, r28
		// Write TFTP Port
		spiWriteWord(REG_S3_PORT0, S3_W_CB, port);
    72fa:	64 df       	rcall	.-312    	; 0x71c4 <spiWriteWord>
    72fc:	81 e0       	ldi	r24, 0x01	; 1
    72fe:	97 e0       	ldi	r25, 0x07	; 7
    7300:	6c e6       	ldi	r22, 0x6C	; 108
    7302:	41 e0       	ldi	r20, 0x01	; 1
    7304:	46 df       	rcall	.-372    	; 0x7192 <spiWriteReg>
		// Open Socket
		spiWriteReg(REG_S3_CR, S3_W_CB, CR_OPEN);
    7306:	81 e0       	ldi	r24, 0x01	; 1
    7308:	97 e0       	ldi	r25, 0x07	; 7
    730a:	68 e6       	ldi	r22, 0x68	; 104
    730c:	71 df       	rcall	.-286    	; 0x71f0 <spiReadReg>
    730e:	88 23       	and	r24, r24
    7310:	d1 f7       	brne	.-12     	; 0x7306 <sockInit+0x44>
		while(spiReadReg(REG_S3_CR, S3_R_CB)) {
    7312:	83 e0       	ldi	r24, 0x03	; 3
    7314:	97 e0       	ldi	r25, 0x07	; 7
    7316:	68 e6       	ldi	r22, 0x68	; 104
    7318:	6b df       	rcall	.-298    	; 0x71f0 <spiReadReg>
    731a:	82 32       	cpi	r24, 0x22	; 34
    731c:	29 f0       	breq	.+10     	; 0x7328 <sockInit+0x66>
    731e:	81 e0       	ldi	r24, 0x01	; 1
			//wait for command to complete	
 		} 
		// Read Status
		if(spiReadReg(REG_S3_SR, S3_R_CB) != SOCK_UDP)
    7320:	97 e0       	ldi	r25, 0x07	; 7
    7322:	6c e6       	ldi	r22, 0x6C	; 108
    7324:	40 e1       	ldi	r20, 0x10	; 16
    7326:	35 df       	rcall	.-406    	; 0x7192 <spiWriteReg>
    7328:	83 e0       	ldi	r24, 0x03	; 3
    732a:	97 e0       	ldi	r25, 0x07	; 7
    732c:	68 e6       	ldi	r22, 0x68	; 104
			// Close Socket if it wasn't initialized correctly
			spiWriteReg(REG_S3_CR, S3_W_CB, CR_CLOSE);
    732e:	60 df       	rcall	.-320    	; 0x71f0 <spiReadReg>
    7330:	82 32       	cpi	r24, 0x22	; 34
    7332:	a9 f6       	brne	.-86     	; 0x72de <sockInit+0x1c>
    7334:	df 91       	pop	r29
    7336:	cf 91       	pop	r28
    7338:	08 95       	ret

0000733a <processPacket>:

		// If socket correctly opened continue
	} while(spiReadReg(REG_S3_SR, S3_R_CB) != SOCK_UDP);
    733a:	bf 92       	push	r11
    733c:	cf 92       	push	r12
    733e:	df 92       	push	r13
    7340:	ef 92       	push	r14
    7342:	ff 92       	push	r15
    7344:	0f 93       	push	r16
    7346:	1f 93       	push	r17
}
    7348:	cf 93       	push	r28
    734a:	df 93       	push	r29
    734c:	cd b7       	in	r28, 0x3d	; 61
#if (DEBUG_TFTP > 0)
static uint8_t processPacket(uint16_t packetSize)
#else
static uint8_t processPacket(void)
#endif
{
    734e:	de b7       	in	r29, 0x3e	; 62
    7350:	cc 50       	subi	r28, 0x0C	; 12
    7352:	d2 40       	sbci	r29, 0x02	; 2
    7354:	de bf       	out	0x3e, r29	; 62
    7356:	cd bf       	out	0x3d, r28	; 61
    7358:	88 e2       	ldi	r24, 0x28	; 40
    735a:	97 e0       	ldi	r25, 0x07	; 7
    735c:	68 e6       	ldi	r22, 0x68	; 104
    735e:	62 df       	rcall	.-316    	; 0x7224 <spiReadWord>
    7360:	ac 01       	movw	r20, r24
    7362:	00 97       	sbiw	r24, 0x00	; 0
    7364:	11 f4       	brne	.+4      	; 0x736a <processPacket+0x30>
    7366:	40 e0       	ldi	r20, 0x00	; 0
    7368:	58 e7       	ldi	r21, 0x78	; 120
    736a:	ad e0       	ldi	r26, 0x0D	; 13

		DBG_BTN(button();)
	)

	// Read data from chip to buffer
	readPointer = spiReadWord(REG_S3_RX_RD0, S3_R_CB);
    736c:	ca 2e       	mov	r12, r26
    736e:	a2 e0       	ldi	r26, 0x02	; 2
    7370:	da 2e       	mov	r13, r26
    7372:	cc 0e       	add	r12, r28
    7374:	dd 1e       	adc	r13, r29
    7376:	7e 01       	movw	r14, r28

	//W5500 auto increments the readpointer by memory mapping a 16bit addr

#else

	if(readPointer == 0) readPointer += S3_RX_START;
    7378:	08 94       	sec
    737a:	e1 1c       	adc	r14, r1
    737c:	f1 1c       	adc	r15, r1
    737e:	10 c0       	rjmp	.+32     	; 0x73a0 <processPacket+0x66>


#if (DEBUG_TFTP > 0)
static uint8_t processPacket(uint16_t packetSize)
#else
static uint8_t processPacket(void)
    7380:	8a 01       	movw	r16, r20
    7382:	0f 5f       	subi	r16, 0xFF	; 255
    7384:	1f 4f       	sbci	r17, 0xFF	; 255
    7386:	ca 01       	movw	r24, r20
    7388:	60 e0       	ldi	r22, 0x00	; 0
    738a:	32 df       	rcall	.-412    	; 0x71f0 <spiReadReg>
    738c:	f7 01       	movw	r30, r14
    738e:	81 93       	st	Z+, r24
    7390:	7f 01       	movw	r14, r30
    7392:	f0 e8       	ldi	r31, 0x80	; 128
    7394:	00 30       	cpi	r16, 0x00	; 0

		//W5500 auto increments the readpointer by memory mapping a 16bit addr
		//Use uint16_t overflow from 0xFFFF to 0x10000 to follow W5500 internal pointer
#else

		*bufPtr++ = spiReadReg(readPointer++, 0);
    7396:	1f 07       	cpc	r17, r31
    7398:	11 f4       	brne	.+4      	; 0x739e <processPacket+0x64>
    739a:	00 e0       	ldi	r16, 0x00	; 0
    739c:	18 e7       	ldi	r17, 0x78	; 120
    739e:	a8 01       	movw	r20, r16
    73a0:	ec 14       	cp	r14, r12
    73a2:	fd 04       	cpc	r15, r13
    73a4:	69 f7       	brne	.-38     	; 0x7380 <processPacket+0x46>
    73a6:	88 e2       	ldi	r24, 0x28	; 40
    73a8:	97 e0       	ldi	r25, 0x07	; 7

		if(readPointer == S3_RX_END) readPointer = S3_RX_START;
    73aa:	6c e6       	ldi	r22, 0x6C	; 108
    73ac:	0b df       	rcall	.-490    	; 0x71c4 <spiWriteWord>
    73ae:	81 e0       	ldi	r24, 0x01	; 1
    73b0:	97 e0       	ldi	r25, 0x07	; 7
    73b2:	6c e6       	ldi	r22, 0x6C	; 108
    73b4:	40 e4       	ldi	r20, 0x40	; 64


#if (DEBUG_TFTP > 0)
static uint8_t processPacket(uint16_t packetSize)
#else
static uint8_t processPacket(void)
    73b6:	ed de       	rcall	.-550    	; 0x7192 <spiWriteReg>

	if(readPointer == 0) readPointer += S3_RX_START;

#endif

	for(count = TFTP_PACKET_MAX_SIZE; count--;) {
    73b8:	81 e0       	ldi	r24, 0x01	; 1
    73ba:	97 e0       	ldi	r25, 0x07	; 7
    73bc:	68 e6       	ldi	r22, 0x68	; 104

#endif

	}

	spiWriteWord(REG_S3_RX_RD0, S3_W_CB, readPointer);     // Write back new pointer
    73be:	18 df       	rcall	.-464    	; 0x71f0 <spiReadReg>
    73c0:	88 23       	and	r24, r24
    73c2:	d1 f7       	brne	.-12     	; 0x73b8 <processPacket+0x7e>
    73c4:	8e 01       	movw	r16, r28
    73c6:	0f 5f       	subi	r16, 0xFF	; 255
	spiWriteReg(REG_S3_CR, S3_W_CB, CR_RECV);
    73c8:	1f 4f       	sbci	r17, 0xFF	; 255
    73ca:	fc e0       	ldi	r31, 0x0C	; 12
    73cc:	ef 2e       	mov	r14, r31
    73ce:	f7 e0       	ldi	r31, 0x07	; 7
    73d0:	ff 2e       	mov	r15, r31
    73d2:	f8 01       	movw	r30, r16

	while(spiReadReg(REG_S3_CR, S3_R_CB));
    73d4:	41 91       	ld	r20, Z+
    73d6:	8f 01       	movw	r16, r30
    73d8:	c7 01       	movw	r24, r14
    73da:	6c e6       	ldi	r22, 0x6C	; 108
    73dc:	da de       	rcall	.-588    	; 0x7192 <spiWriteReg>
    73de:	08 94       	sec
    73e0:	e1 1c       	adc	r14, r1
    73e2:	f1 1c       	adc	r15, r1
    73e4:	f2 e1       	ldi	r31, 0x12	; 18
    73e6:	ef 16       	cp	r14, r31
    73e8:	f7 e0       	ldi	r31, 0x07	; 7
    73ea:	ff 06       	cpc	r15, r31
    73ec:	91 f7       	brne	.-28     	; 0x73d2 <processPacket+0x98>
    73ee:	ef 80       	ldd	r14, Y+7	; 0x07
	)

	// Set up return IP address and port
	uint8_t i;

	for(i = 0; i < 6; i++) spiWriteReg(REG_S3_DIPR0 + i, S3_W_CB, buffer[i]);
    73f0:	ff 24       	eor	r15, r15
    73f2:	fe 2c       	mov	r15, r14
    73f4:	ee 24       	eor	r14, r14
    73f6:	88 85       	ldd	r24, Y+8	; 0x08
    73f8:	e8 0e       	add	r14, r24
    73fa:	f1 1c       	adc	r15, r1
    73fc:	89 85       	ldd	r24, Y+9	; 0x09
    73fe:	90 e0       	ldi	r25, 0x00	; 0
    7400:	98 2f       	mov	r25, r24
    7402:	88 27       	eor	r24, r24
    7404:	2a 85       	ldd	r18, Y+10	; 0x0a
    7406:	82 0f       	add	r24, r18
    7408:	91 1d       	adc	r25, r1
    740a:	0b 85       	ldd	r16, Y+11	; 0x0b
    740c:	10 e0       	ldi	r17, 0x00	; 0

	DBG_TFTP(tracePGMlnTftp(mDebugTftp_RADDR);)

	// Parse packet
	uint16_t tftpDataLen = (buffer[6] << 8) + buffer[7];
    740e:	10 2f       	mov	r17, r16
    7410:	00 27       	eor	r16, r16
    7412:	2c 85       	ldd	r18, Y+12	; 0x0c
    7414:	02 0f       	add	r16, r18
    7416:	11 1d       	adc	r17, r1
    7418:	83 30       	cpi	r24, 0x03	; 3
    741a:	91 05       	cpc	r25, r1
	uint16_t tftpOpcode  = (buffer[8] << 8) + buffer[9];
    741c:	89 f4       	brne	.+34     	; 0x7440 <processPacket+0x106>
    741e:	09 33       	cpi	r16, 0x39	; 57
    7420:	11 05       	cpc	r17, r1
    7422:	60 f4       	brcc	.+24     	; 0x743c <processPacket+0x102>
    7424:	20 91 20 01 	lds	r18, 0x0120
    7428:	30 91 21 01 	lds	r19, 0x0121
	uint16_t tftpBlock   = (buffer[10] << 8) + buffer[11];
    742c:	02 17       	cp	r16, r18
    742e:	13 07       	cpc	r17, r19
    7430:	28 f0       	brcs	.+10     	; 0x743c <processPacket+0x102>
    7432:	2f 5f       	subi	r18, 0xFF	; 255
    7434:	3f 4f       	sbci	r19, 0xFF	; 255
    7436:	20 17       	cp	r18, r16
		tracenum(tftpOpcode);
		tracePGM(mDebugTftp_DLEN);
		tracenum(tftpDataLen - (TFTP_OPCODE_SIZE + TFTP_BLOCKNO_SIZE));
	)

	if((tftpOpcode == TFTP_OPCODE_DATA)
    7438:	31 07       	cpc	r19, r17
    743a:	10 f4       	brcc	.+4      	; 0x7440 <processPacket+0x106>
    743c:	80 e0       	ldi	r24, 0x00	; 0
		&& ((tftpBlock > MAX_ADDR / 0x200) || (tftpBlock < highPacket) || (tftpBlock > highPacket + 1)))
    743e:	90 e0       	ldi	r25, 0x00	; 0
    7440:	25 e0       	ldi	r18, 0x05	; 5
    7442:	e2 16       	cp	r14, r18
    7444:	22 e0       	ldi	r18, 0x02	; 2
    7446:	f2 06       	cpc	r15, r18
    7448:	08 f0       	brcs	.+2      	; 0x744c <processPacket+0x112>
    744a:	9d c0       	rjmp	.+314    	; 0x7586 <processPacket+0x24c>
    744c:	83 30       	cpi	r24, 0x03	; 3
    744e:	91 05       	cpc	r25, r1
    7450:	29 f1       	breq	.+74     	; 0x749c <processPacket+0x162>
    7452:	84 30       	cpi	r24, 0x04	; 4
    7454:	91 05       	cpc	r25, r1
    7456:	48 f4       	brcc	.+18     	; 0x746a <processPacket+0x130>
    7458:	81 30       	cpi	r24, 0x01	; 1
    745a:	91 05       	cpc	r25, r1
		tftpOpcode = TFTP_OPCODE_UKN;
    745c:	09 f4       	brne	.+2      	; 0x7460 <processPacket+0x126>
    745e:	9a c0       	rjmp	.+308    	; 0x7594 <processPacket+0x25a>

	if(tftpDataLen > (0x200 + TFTP_OPCODE_SIZE + TFTP_BLOCKNO_SIZE))
    7460:	82 30       	cpi	r24, 0x02	; 2
    7462:	91 05       	cpc	r25, r1
    7464:	09 f0       	breq	.+2      	; 0x7468 <processPacket+0x12e>
    7466:	8f c0       	rjmp	.+286    	; 0x7586 <processPacket+0x24c>
    7468:	05 c0       	rjmp	.+10     	; 0x7474 <processPacket+0x13a>
    746a:	86 30       	cpi	r24, 0x06	; 6

	uint8_t returnCode = ERROR_UNKNOWN;
	uint16_t packetLength;


	switch(tftpOpcode) {
    746c:	91 05       	cpc	r25, r1
    746e:	08 f0       	brcs	.+2      	; 0x7472 <processPacket+0x138>
    7470:	8a c0       	rjmp	.+276    	; 0x7586 <processPacket+0x24c>
    7472:	90 c0       	rjmp	.+288    	; 0x7594 <processPacket+0x25a>
    7474:	f1 d1       	rcall	.+994    	; 0x7858 <resetTick>
    7476:	82 e0       	ldi	r24, 0x02	; 2
    7478:	90 e0       	ldi	r25, 0x00	; 0
    747a:	6f ef       	ldi	r22, 0xFF	; 255
    747c:	13 d3       	rcall	.+1574   	; 0x7aa4 <__eewr_byte_m328p>
    747e:	80 91 2b 01 	lds	r24, 0x012B
    7482:	90 91 2c 01 	lds	r25, 0x012C
    7486:	1d df       	rcall	.-454    	; 0x72c2 <sockInit>
    7488:	10 92 21 01 	sts	0x0121, r1
    748c:	10 92 20 01 	sts	0x0120, r1
    7490:	10 92 23 01 	sts	0x0123, r1
			DBG_TFTP(tracePGMlnTftp(mDebugTftp_OPRRQ);)
			break;

		case TFTP_OPCODE_WRQ: // Write request
			// Valid WRQ -> reset timer
			resetTick();
    7494:	10 92 22 01 	sts	0x0122, r1

			DBG_TFTP(tracePGMlnTftp(mDebugTftp_OPWRQ);)

			// Flagging image as invalid since the flashing process has started
			eeprom_write_byte(EEPROM_IMG_STAT, EEPROM_IMG_BAD_VALUE);
    7498:	02 e0       	ldi	r16, 0x02	; 2
    749a:	81 c0       	rjmp	.+258    	; 0x759e <processPacket+0x264>
    749c:	dd d1       	rcall	.+954    	; 0x7858 <resetTick>
    749e:	4c ef       	ldi	r20, 0xFC	; 252
    74a0:	c4 2e       	mov	r12, r20

#if defined(RANDOM_TFTP_DATA_PORT)
			sockInit((buffer[4] << 8) | ~buffer[5]); // Generate a 'random' TID (RFC1350)
#else
			sockInit(tftpTransferPort);
    74a2:	4f ef       	ldi	r20, 0xFF	; 255
    74a4:	d4 2e       	mov	r13, r20
    74a6:	ce 0c       	add	r12, r14
    74a8:	df 1c       	adc	r13, r15
    74aa:	10 93 23 01 	sts	0x0123, r17
#else
				tracenum(tftpTransferPort);
#endif
			)

			lastPacket = highPacket = 0;
    74ae:	00 93 22 01 	sts	0x0122, r16
    74b2:	78 01       	movw	r14, r16
    74b4:	08 94       	sec
    74b6:	e1 08       	sbc	r14, r1
    74b8:	f1 08       	sbc	r15, r1
    74ba:	fe 2c       	mov	r15, r14
    74bc:	ee 24       	eor	r14, r14
			returnCode = ACK; // Send back acknowledge for packet 0
    74be:	ff 0c       	add	r15, r15
			break;
    74c0:	c7 01       	movw	r24, r14

		case TFTP_OPCODE_DATA:
			// Valid Data Packet -> reset timer
			resetTick();
    74c2:	8c 0d       	add	r24, r12
    74c4:	9d 1d       	adc	r25, r13

			DBG_TFTP(tracePGMlnTftp(mDebugTftp_OPDATA);)

			packetLength = tftpDataLen - (TFTP_OPCODE_SIZE + TFTP_BLOCKNO_SIZE);
    74c6:	e0 e7       	ldi	r30, 0x70	; 112
    74c8:	81 30       	cpi	r24, 0x01	; 1
    74ca:	9e 07       	cpc	r25, r30
    74cc:	08 f0       	brcs	.+2      	; 0x74d0 <processPacket+0x196>
    74ce:	64 c0       	rjmp	.+200    	; 0x7598 <processPacket+0x25e>
    74d0:	f0 e0       	ldi	r31, 0x00	; 0
			lastPacket = tftpBlock;
    74d2:	cf 16       	cp	r12, r31
    74d4:	f2 e0       	ldi	r31, 0x02	; 2
    74d6:	df 06       	cpc	r13, r31
    74d8:	10 f4       	brcc	.+4      	; 0x74de <processPacket+0x1a4>
#if defined(RAMPZ)
			writeAddr = (((address_t)((tftpBlock - 1)/0x80) << 16) | ((address_t)((tftpBlock - 1)%0x80) << 9));
#else
			writeAddr = (address_t)((address_t)(tftpBlock - 1) << 9); // Flash write address for this block
    74da:	04 e0       	ldi	r16, 0x04	; 4
    74dc:	05 c0       	rjmp	.+10     	; 0x74e8 <processPacket+0x1ae>
    74de:	02 e0       	ldi	r16, 0x02	; 2
    74e0:	03 c0       	rjmp	.+6      	; 0x74e8 <processPacket+0x1ae>
    74e2:	08 94       	sec
    74e4:	c1 1c       	adc	r12, r1
    74e6:	d1 1c       	adc	r13, r1
#endif

			if((writeAddr + packetLength) > MAX_ADDR) {
    74e8:	c6 01       	movw	r24, r12
    74ea:	8f 77       	andi	r24, 0x7F	; 127
    74ec:	90 70       	andi	r25, 0x00	; 0
    74ee:	00 97       	sbiw	r24, 0x00	; 0
    74f0:	c1 f7       	brne	.-16     	; 0x74e2 <processPacket+0x1a8>
    74f2:	e1 14       	cp	r14, r1
    74f4:	f1 04       	cpc	r15, r1
    74f6:	31 f4       	brne	.+12     	; 0x7504 <processPacket+0x1ca>
				uint8_t* pageBase = buffer + (UDP_HEADER_SIZE + TFTP_OPCODE_SIZE + TFTP_BLOCKNO_SIZE); // Start of block data
				uint16_t offset = 0; // Block offset


				// Set the return code before packetLength gets rounded up
				if(packetLength < TFTP_DATA_SIZE) returnCode = FINAL_ACK;
    74f8:	ce 01       	movw	r24, r28
    74fa:	0d 96       	adiw	r24, 0x0d	; 13
    74fc:	48 d1       	rcall	.+656    	; 0x778e <validImage>
    74fe:	88 23       	and	r24, r24
    7500:	09 f4       	brne	.+2      	; 0x7504 <processPacket+0x1ca>
    7502:	4c c0       	rjmp	.+152    	; 0x759c <processPacket+0x262>
    7504:	de 01       	movw	r26, r28
				else returnCode = ACK;
    7506:	1e 96       	adiw	r26, 0x0e	; 14
    7508:	40 e0       	ldi	r20, 0x00	; 0

				// Round up packet length to a full flash sector size
				while(packetLength % SPM_PAGESIZE) packetLength++;
    750a:	50 e0       	ldi	r21, 0x00	; 0
    750c:	61 e0       	ldi	r22, 0x01	; 1
    750e:	73 e0       	ldi	r23, 0x03	; 3
    7510:	15 e0       	ldi	r17, 0x05	; 5
    7512:	31 e1       	ldi	r19, 0x11	; 17
    7514:	b3 2e       	mov	r11, r19
    7516:	2d c0       	rjmp	.+90     	; 0x7572 <processPacket+0x238>
    7518:	8c 91       	ld	r24, X
				DBG_TFTP(
					tracePGMlnTftp(mDebugTftp_PLEN);
					tracenum(packetLength);
				)

				if(writeAddr == 0) {
    751a:	90 e0       	ldi	r25, 0x00	; 0
    751c:	38 2f       	mov	r19, r24
    751e:	22 27       	eor	r18, r18
					// First sector - validate
					if(!validImage(pageBase)) {
    7520:	fd 01       	movw	r30, r26
    7522:	31 97       	sbiw	r30, 0x01	; 1
    7524:	80 81       	ld	r24, Z
    7526:	90 e0       	ldi	r25, 0x00	; 0
    7528:	28 2b       	or	r18, r24
    752a:	39 2b       	or	r19, r25
    752c:	f7 01       	movw	r30, r14
    752e:	09 01       	movw	r0, r18
    7530:	60 93 57 00 	sts	0x0057, r22
					}
				}

				// Flash packets
				uint16_t writeValue;
				for(offset = 0; offset < packetLength;) {
    7534:	e8 95       	spm
					writeValue = (pageBase[offset]) | (pageBase[offset + 1] << 8);
					boot_page_fill(writeAddr + offset, writeValue);
    7536:	11 24       	eor	r1, r1
					)

					offset += 2;

					if(offset % SPM_PAGESIZE == 0) {
						boot_page_erase(writeAddr + offset - SPM_PAGESIZE);
    7538:	4e 5f       	subi	r20, 0xFE	; 254
						boot_spm_busy_wait();
						boot_page_write(writeAddr + offset - SPM_PAGESIZE);
    753a:	5f 4f       	sbci	r21, 0xFF	; 255
						boot_spm_busy_wait();
#if defined(RWWSRE)
						// Reenable read access to flash
						boot_rww_enable();
    753c:	ca 01       	movw	r24, r20
    753e:	8f 77       	andi	r24, 0x7F	; 127
					}
				}

				// Flash packets
				uint16_t writeValue;
				for(offset = 0; offset < packetLength;) {
    7540:	90 70       	andi	r25, 0x00	; 0
					writeValue = (pageBase[offset]) | (pageBase[offset + 1] << 8);
    7542:	00 97       	sbiw	r24, 0x00	; 0
    7544:	89 f4       	brne	.+34     	; 0x7568 <processPacket+0x22e>
    7546:	ee 57       	subi	r30, 0x7E	; 126
    7548:	f0 40       	sbci	r31, 0x00	; 0


#if (DEBUG_TFTP > 0)
static uint8_t processPacket(uint16_t packetSize)
#else
static uint8_t processPacket(void)
    754a:	70 93 57 00 	sts	0x0057, r23
				}

				// Flash packets
				uint16_t writeValue;
				for(offset = 0; offset < packetLength;) {
					writeValue = (pageBase[offset]) | (pageBase[offset + 1] << 8);
    754e:	e8 95       	spm
    7550:	07 b6       	in	r0, 0x37	; 55
    7552:	00 fc       	sbrc	r0, 0
    7554:	fd cf       	rjmp	.-6      	; 0x7550 <processPacket+0x216>
					boot_page_fill(writeAddr + offset, writeValue);
    7556:	10 93 57 00 	sts	0x0057, r17
    755a:	e8 95       	spm
    755c:	07 b6       	in	r0, 0x37	; 55
    755e:	00 fc       	sbrc	r0, 0
    7560:	fd cf       	rjmp	.-6      	; 0x755c <processPacket+0x222>
							tracePGM(mDebugTftp_OFFSET);
							tracenum(writeAddr + offset);
						}
					)

					offset += 2;
    7562:	b0 92 57 00 	sts	0x0057, r11

					if(offset % SPM_PAGESIZE == 0) {
    7566:	e8 95       	spm
    7568:	12 96       	adiw	r26, 0x02	; 2
    756a:	82 e0       	ldi	r24, 0x02	; 2
    756c:	90 e0       	ldi	r25, 0x00	; 0
    756e:	e8 0e       	add	r14, r24
						boot_page_erase(writeAddr + offset - SPM_PAGESIZE);
    7570:	f9 1e       	adc	r15, r25
    7572:	4c 15       	cp	r20, r12
    7574:	5d 05       	cpc	r21, r13
    7576:	80 f2       	brcs	.-96     	; 0x7518 <processPacket+0x1de>
    7578:	04 30       	cpi	r16, 0x04	; 4
						boot_spm_busy_wait();
    757a:	89 f4       	brne	.+34     	; 0x759e <processPacket+0x264>
    757c:	82 e0       	ldi	r24, 0x02	; 2
    757e:	90 e0       	ldi	r25, 0x00	; 0
						boot_page_write(writeAddr + offset - SPM_PAGESIZE);
    7580:	6e ee       	ldi	r22, 0xEE	; 238
    7582:	90 d2       	rcall	.+1312   	; 0x7aa4 <__eewr_byte_m328p>
    7584:	0c c0       	rjmp	.+24     	; 0x759e <processPacket+0x264>
						boot_spm_busy_wait();
    7586:	80 91 2b 01 	lds	r24, 0x012B
    758a:	90 91 2c 01 	lds	r25, 0x012C
#if defined(RWWSRE)
						// Reenable read access to flash
						boot_rww_enable();
    758e:	99 de       	rcall	.-718    	; 0x72c2 <sockInit>
    7590:	01 e0       	ldi	r16, 0x01	; 1
    7592:	05 c0       	rjmp	.+10     	; 0x759e <processPacket+0x264>
    7594:	00 e0       	ldi	r16, 0x00	; 0
    7596:	03 c0       	rjmp	.+6      	; 0x759e <processPacket+0x264>
    7598:	03 e0       	ldi	r16, 0x03	; 3
    759a:	01 c0       	rjmp	.+2      	; 0x759e <processPacket+0x264>
					}
				}

				// Flash packets
				uint16_t writeValue;
				for(offset = 0; offset < packetLength;) {
    759c:	05 e0       	ldi	r16, 0x05	; 5
    759e:	80 2f       	mov	r24, r16
    75a0:	c4 5f       	subi	r28, 0xF4	; 244
						boot_rww_enable();
#endif
					}
				}

				if(returnCode == FINAL_ACK) {
    75a2:	dd 4f       	sbci	r29, 0xFD	; 253
    75a4:	de bf       	out	0x3e, r29	; 62
					// Hand over to application

					DBG_TFTP(tracePGMlnTftp(mDebugTftp_DONE);)

					// Flag the image as valid since we received the last packet
					eeprom_write_byte(EEPROM_IMG_STAT, EEPROM_IMG_OK_VALUE);
    75a6:	cd bf       	out	0x3d, r28	; 61
    75a8:	df 91       	pop	r29
    75aa:	cf 91       	pop	r28
    75ac:	1f 91       	pop	r17
    75ae:	0f 91       	pop	r16
    75b0:	ff 90       	pop	r15
			)

#if defined(RANDOM_TFTP_DATA_PORT)
			sockInit((buffer[4] << 8) | ~buffer[5]); // Generate a 'random' TID (RFC1350)
#else
			sockInit(tftpTransferPort);
    75b2:	ef 90       	pop	r14
    75b4:	df 90       	pop	r13
    75b6:	cf 90       	pop	r12
    75b8:	bf 90       	pop	r11
    75ba:	08 95       	ret

000075bc <tftpInit>:
    75bc:	cf 93       	push	r28
			 * It can be done by reinitializig the tftpd or
			 * by resetting the device. I should find out which is best...
			 * Right now it is being done by resetting the timer if we have a
			 * data packet. */
			// Invalid - return error
			returnCode = ERROR_INVALID;
    75be:	85 e4       	ldi	r24, 0x45	; 69
			break;
    75c0:	90 e0       	ldi	r25, 0x00	; 0
		tftpOpcode = TFTP_OPCODE_UKN;

	if(tftpDataLen > (0x200 + TFTP_OPCODE_SIZE + TFTP_BLOCKNO_SIZE))
		tftpOpcode = TFTP_OPCODE_UKN;

	uint8_t returnCode = ERROR_UNKNOWN;
    75c2:	7f de       	rcall	.-770    	; 0x72c2 <sockInit>
    75c4:	87 e1       	ldi	r24, 0x17	; 23
				// Flash is full - abort with an error before a bootloader overwrite occurs
				// Application is now corrupt, so do not hand over.

				DBG_TFTP(tracePGMlnTftp(mDebugTftp_FULL);)

				returnCode = ERROR_FULL;
    75c6:	90 e0       	ldi	r25, 0x00	; 0
    75c8:	65 d2       	rcall	.+1226   	; 0x7a94 <__eerd_byte_m328p>

#if defined(__AVR_ATmega328__) || defined(__AVR_ATmega328P__)
						/* FIXME: Validity checks. Small programms (under 512 bytes?) don't
						 * have the the JMP sections and that is why app.bin was failing.
						 * When flashing big binaries is fixed, uncomment the break below.*/
						returnCode = INVALID_IMAGE;
    75ca:	8b 3b       	cpi	r24, 0xBB	; 187
			break;

	}

	return(returnCode);
}
    75cc:	91 f4       	brne	.+36     	; 0x75f2 <tftpInit+0x36>
    75ce:	89 e1       	ldi	r24, 0x19	; 25
    75d0:	90 e0       	ldi	r25, 0x00	; 0
    75d2:	60 d2       	rcall	.+1216   	; 0x7a94 <__eerd_byte_m328p>
    75d4:	c8 2f       	mov	r28, r24
    75d6:	88 e1       	ldi	r24, 0x18	; 24
    75d8:	90 e0       	ldi	r25, 0x00	; 0
    75da:	5c d2       	rcall	.+1208   	; 0x7a94 <__eerd_byte_m328p>
    75dc:	2c 2f       	mov	r18, r28
    75de:	30 e0       	ldi	r19, 0x00	; 0
    75e0:	32 2f       	mov	r19, r18
    75e2:	22 27       	eor	r18, r18
    75e4:	28 0f       	add	r18, r24
    75e6:	31 1d       	adc	r19, r1
    75e8:	30 93 2c 01 	sts	0x012C, r19
 * Initializes the network controller
 */
void tftpInit(void)
{
	// Open socket
	sockInit(TFTP_PORT);
    75ec:	20 93 2b 01 	sts	0x012B, r18
    75f0:	06 c0       	rjmp	.+12     	; 0x75fe <tftpInit+0x42>
    75f2:	89 e7       	ldi	r24, 0x79	; 121

#if defined(RANDOM_TFTP_DATA_PORT)
#else
	if(eeprom_read_byte(EEPROM_SIG_3) == EEPROM_SIG_3_VALUE)
    75f4:	97 eb       	ldi	r25, 0xB7	; 183
    75f6:	90 93 2c 01 	sts	0x012C, r25
    75fa:	80 93 2b 01 	sts	0x012B, r24
    75fe:	cf 91       	pop	r28
		tftpTransferPort = ((eeprom_read_byte(EEPROM_PORT + 1) << 8) + eeprom_read_byte(EEPROM_PORT));
    7600:	08 95       	ret

00007602 <tftpPoll>:
    7602:	af 92       	push	r10
    7604:	bf 92       	push	r11
    7606:	cf 92       	push	r12
    7608:	df 92       	push	r13
    760a:	ff 92       	push	r15
    760c:	0f 93       	push	r16
    760e:	1f 93       	push	r17
    7610:	cf 93       	push	r28
    7612:	df 93       	push	r29
    7614:	cd b7       	in	r28, 0x3d	; 61
    7616:	de b7       	in	r29, 0x3e	; 62
    7618:	c5 56       	subi	r28, 0x65	; 101
    761a:	d0 40       	sbci	r29, 0x00	; 0
    761c:	de bf       	out	0x3e, r29	; 62
    761e:	cd bf       	out	0x3d, r28	; 61
    7620:	86 e2       	ldi	r24, 0x26	; 38
    7622:	97 e0       	ldi	r25, 0x07	; 7
    7624:	68 e6       	ldi	r22, 0x68	; 104
    7626:	fe dd       	rcall	.-1028   	; 0x7224 <spiReadWord>
	else
		tftpTransferPort = TFTP_DATA_PORT;
    7628:	00 97       	sbiw	r24, 0x00	; 0
    762a:	09 f4       	brne	.+2      	; 0x762e <tftpPoll+0x2c>
    762c:	a1 c0       	rjmp	.+322    	; 0x7770 <tftpPoll+0x16e>
    762e:	81 e0       	ldi	r24, 0x01	; 1
    7630:	80 93 2e 01 	sts	0x012E, r24
#else
		tracePGMlnTftp(mDebugTftp_PORT);
		tracenum(tftpTransferPort);
#endif
	)
}
    7634:	0e c0       	rjmp	.+28     	; 0x7652 <tftpPoll+0x50>
    7636:	82 e0       	ldi	r24, 0x02	; 2

/**
 * Looks for a connection
 */
uint8_t tftpPoll(void)
{
    7638:	97 e0       	ldi	r25, 0x07	; 7
    763a:	6c e6       	ldi	r22, 0x6C	; 108
    763c:	44 e0       	ldi	r20, 0x04	; 4
    763e:	a9 dd       	rcall	.-1198   	; 0x7192 <spiWriteReg>
    7640:	8f ef       	ldi	r24, 0xFF	; 255
    7642:	97 e8       	ldi	r25, 0x87	; 135
    7644:	a3 e1       	ldi	r26, 0x13	; 19
    7646:	81 50       	subi	r24, 0x01	; 1
    7648:	90 40       	sbci	r25, 0x00	; 0
    764a:	a0 40       	sbci	r26, 0x00	; 0
    764c:	e1 f7       	brne	.-8      	; 0x7646 <tftpPoll+0x44>
    764e:	00 c0       	rjmp	.+0      	; 0x7650 <tftpPoll+0x4e>
    7650:	00 00       	nop
    7652:	82 e0       	ldi	r24, 0x02	; 2
    7654:	97 e0       	ldi	r25, 0x07	; 7
	uint8_t response = ACK;
	// Get the size of the recieved data
	uint16_t packetSize = spiReadWord(REG_S3_RX_RSR0, S3_R_CB);
    7656:	68 e6       	ldi	r22, 0x68	; 104
    7658:	cb dd       	rcall	.-1130   	; 0x71f0 <spiReadReg>
    765a:	82 fd       	sbrc	r24, 2
    765c:	ec cf       	rjmp	.-40     	; 0x7636 <tftpPoll+0x34>
    765e:	6d de       	rcall	.-806    	; 0x733a <processPacket>
// 			_delay_ms(400);
// 			packetSize = spiReadWord(REG_S3_RX_RSR0);
// 		}
// 	} while (packetSize != incSize);

	if(packetSize) {
    7660:	f8 2e       	mov	r15, r24
    7662:	84 e2       	ldi	r24, 0x24	; 36
    7664:	97 e0       	ldi	r25, 0x07	; 7
		tftpFlashing = TRUE;
    7666:	60 e0       	ldi	r22, 0x00	; 0
    7668:	dd dd       	rcall	.-1094   	; 0x7224 <spiReadWord>
    766a:	c1 2c       	mov	r12, r1

		while((spiReadReg(REG_S3_IR, S3_R_CB) & IR_RECV)) {
    766c:	08 e5       	ldi	r16, 0x58	; 88
			spiWriteReg(REG_S3_IR, S3_W_CB, IR_RECV);
    766e:	d0 2e       	mov	r13, r16
    7670:	c8 0e       	add	r12, r24
    7672:	d9 1e       	adc	r13, r25
    7674:	92 e0       	ldi	r25, 0x02	; 2
    7676:	f9 16       	cp	r15, r25
    7678:	59 f1       	breq	.+86     	; 0x76d0 <tftpPoll+0xce>
    767a:	9f 15       	cp	r25, r15
    767c:	20 f0       	brcs	.+8      	; 0x7686 <tftpPoll+0x84>
    767e:	a1 e0       	ldi	r26, 0x01	; 1
    7680:	fa 16       	cp	r15, r26
    7682:	39 f4       	brne	.+14     	; 0x7692 <tftpPoll+0x90>
    7684:	13 c0       	rjmp	.+38     	; 0x76ac <tftpPoll+0xaa>
    7686:	b3 e0       	ldi	r27, 0x03	; 3
    7688:	fb 16       	cp	r15, r27
    768a:	c9 f0       	breq	.+50     	; 0x76be <tftpPoll+0xbc>
// 	} while (packetSize != incSize);

	if(packetSize) {
		tftpFlashing = TRUE;

		while((spiReadReg(REG_S3_IR, S3_R_CB) & IR_RECV)) {
    768c:	e4 e0       	ldi	r30, 0x04	; 4
    768e:	fe 16       	cp	r15, r30
    7690:	71 f1       	breq	.+92     	; 0x76ee <tftpPoll+0xec>
    7692:	ce 01       	movw	r24, r28
    7694:	01 96       	adiw	r24, 0x01	; 1
    7696:	60 e8       	ldi	r22, 0x80	; 128
    7698:	70 e7       	ldi	r23, 0x70	; 112
		// Process Packet and get TFTP response code
#if (DEBUG_TFTP > 0)
		packetSize = spiReadWord(REG_S3_RX_RSR0, S3_R_CB);
		response = processPacket(packetSize);
#else
		response = processPacket();
    769a:	4a e0       	ldi	r20, 0x0A	; 10
    769c:	50 e0       	ldi	r21, 0x00	; 0
    769e:	f1 d1       	rcall	.+994    	; 0x7a82 <memcpy_P>
	uint16_t writePointer;
	
#if (W5500 > 0)
	writePointer = spiReadWord(REG_S3_TX_WR0, S3_R_CB);
#else
	writePointer = spiReadWord(REG_S3_TX_WR0, 0) + S3_TX_START;
    76a0:	2a e0       	ldi	r18, 0x0A	; 10
    76a2:	5e 01       	movw	r10, r28
    76a4:	08 94       	sec
    76a6:	a1 1c       	adc	r10, r1
    76a8:	b1 1c       	adc	r11, r1
    76aa:	2c c0       	rjmp	.+88     	; 0x7704 <tftpPoll+0x102>
    76ac:	ce 01       	movw	r24, r28
    76ae:	01 96       	adiw	r24, 0x01	; 1
    76b0:	65 e9       	ldi	r22, 0x95	; 149
    76b2:	70 e7       	ldi	r23, 0x70	; 112
#endif

	switch(response) {
    76b4:	4c e0       	ldi	r20, 0x0C	; 12
    76b6:	50 e0       	ldi	r21, 0x00	; 0
    76b8:	e4 d1       	rcall	.+968    	; 0x7a82 <memcpy_P>
    76ba:	2c e0       	ldi	r18, 0x0C	; 12
    76bc:	f2 cf       	rjmp	.-28     	; 0x76a2 <tftpPoll+0xa0>
    76be:	ce 01       	movw	r24, r28
    76c0:	01 96       	adiw	r24, 0x01	; 1
    76c2:	6b e8       	ldi	r22, 0x8B	; 139
    76c4:	70 e7       	ldi	r23, 0x70	; 112
    76c6:	49 e0       	ldi	r20, 0x09	; 9
    76c8:	50 e0       	ldi	r21, 0x00	; 0
    76ca:	db d1       	rcall	.+950    	; 0x7a82 <memcpy_P>
    76cc:	29 e0       	ldi	r18, 0x09	; 9
    76ce:	e9 cf       	rjmp	.-46     	; 0x76a2 <tftpPoll+0xa0>
    76d0:	80 91 22 01 	lds	r24, 0x0122
			// Send unknown error packet
			packetLength = TFTP_UNKNOWN_ERROR_LEN;
#if (FLASHEND > 0x10000)
			memcpy_PF(txBuffer, PROGMEM_OFFSET + (uint32_t)(uint16_t)tftp_unknown_error_packet, packetLength);
#else
			memcpy_P(txBuffer, tftp_unknown_error_packet, packetLength);
    76d4:	90 91 23 01 	lds	r25, 0x0123
    76d8:	20 91 20 01 	lds	r18, 0x0120
    76dc:	30 91 21 01 	lds	r19, 0x0121
    76e0:	28 17       	cp	r18, r24
	switch(response) {
		default:

		case ERROR_UNKNOWN:
			// Send unknown error packet
			packetLength = TFTP_UNKNOWN_ERROR_LEN;
    76e2:	39 07       	cpc	r19, r25
			DBG_TFTP(
				if(response == FINAL_ACK)
					tracePGMlnTftp(mDebugTftp_SFACK);
			)

			packetLength = 4;
    76e4:	20 f4       	brcc	.+8      	; 0x76ee <tftpPoll+0xec>
    76e6:	90 93 21 01 	sts	0x0121, r25
    76ea:	80 93 20 01 	sts	0x0120, r24
			// Send invalid opcode packet
			packetLength = TFTP_OPCODE_ERROR_LEN;
#if (FLASHEND > 0x10000)
			memcpy_PF(txBuffer, PROGMEM_OFFSET + (uint32_t)(uint16_t)tftp_opcode_error_packet, packetLength);
#else
			memcpy_P(txBuffer, tftp_opcode_error_packet, packetLength);
    76ee:	19 82       	std	Y+1, r1	; 0x01
    76f0:	84 e0       	ldi	r24, 0x04	; 4
    76f2:	8a 83       	std	Y+2, r24	; 0x02
    76f4:	80 91 22 01 	lds	r24, 0x0122
    76f8:	90 91 23 01 	lds	r25, 0x0123
    76fc:	9b 83       	std	Y+3, r25	; 0x03
#endif
			break;

		case ERROR_INVALID:
			// Send invalid opcode packet
			packetLength = TFTP_OPCODE_ERROR_LEN;
    76fe:	8c 83       	std	Y+4, r24	; 0x04
    7700:	24 e0       	ldi	r18, 0x04	; 4
			// Send unknown error packet
			packetLength = TFTP_FULL_ERROR_LEN;
#if (FLASHEND > 0x10000)
			memcpy_PF(txBuffer, PROGMEM_OFFSET + (uint32_t)(uint16_t)tftp_full_error_packet, packetLength);
#else
			memcpy_P(txBuffer, tftp_full_error_packet, packetLength);
    7702:	cf cf       	rjmp	.-98     	; 0x76a2 <tftpPoll+0xa0>
    7704:	86 01       	movw	r16, r12
    7706:	0f 5f       	subi	r16, 0xFF	; 255
    7708:	1f 4f       	sbci	r17, 0xFF	; 255
    770a:	d5 01       	movw	r26, r10
    770c:	4d 91       	ld	r20, X+
    770e:	5d 01       	movw	r10, r26
    7710:	c6 01       	movw	r24, r12
#endif
			break;

		case ERROR_FULL:
			// Send unknown error packet
			packetLength = TFTP_FULL_ERROR_LEN;
    7712:	64 e7       	ldi	r22, 0x74	; 116
    7714:	a6 96       	adiw	r28, 0x26	; 38
			memcpy_P(txBuffer, tftp_full_error_packet, packetLength);
#endif
			break;

		case ACK:
			if(lastPacket > highPacket) highPacket = lastPacket;
    7716:	2f af       	sts	0x7f, r18
    7718:	a6 97       	sbiw	r28, 0x26	; 38
    771a:	3b dd       	rcall	.-1418   	; 0x7192 <spiWriteReg>
    771c:	a6 96       	adiw	r28, 0x26	; 38
    771e:	2f ad       	sts	0x6f, r18
    7720:	a6 97       	sbiw	r28, 0x26	; 38
    7722:	b0 e6       	ldi	r27, 0x60	; 96
    7724:	00 30       	cpi	r16, 0x00	; 0
    7726:	1b 07       	cpc	r17, r27
    7728:	11 f0       	breq	.+4      	; 0x772e <tftpPoll+0x12c>
    772a:	68 01       	movw	r12, r16
    772c:	03 c0       	rjmp	.+6      	; 0x7734 <tftpPoll+0x132>
    772e:	c1 2c       	mov	r12, r1
    7730:	18 e5       	ldi	r17, 0x58	; 88
    7732:	d1 2e       	mov	r13, r17
				if(response == FINAL_ACK)
					tracePGMlnTftp(mDebugTftp_SFACK);
			)

			packetLength = 4;
			*txPtr++ = TFTP_OPCODE_ACK >> 8;
    7734:	21 50       	subi	r18, 0x01	; 1
			*txPtr++ = TFTP_OPCODE_ACK & 0xff;
    7736:	31 f7       	brne	.-52     	; 0x7704 <tftpPoll+0x102>
    7738:	a6 01       	movw	r20, r12
			// lastPacket is block code
			*txPtr++ = lastPacket >> 8;
    773a:	40 50       	subi	r20, 0x00	; 0
    773c:	58 45       	sbci	r21, 0x58	; 88
    773e:	84 e2       	ldi	r24, 0x24	; 36
    7740:	97 e0       	ldi	r25, 0x07	; 7
    7742:	6c e6       	ldi	r22, 0x6C	; 108
			*txPtr = lastPacket & 0xff;
    7744:	3f dd       	rcall	.-1410   	; 0x71c4 <spiWriteWord>
			DBG_TFTP(
				if(response == FINAL_ACK)
					tracePGMlnTftp(mDebugTftp_SFACK);
			)

			packetLength = 4;
    7746:	81 e0       	ldi	r24, 0x01	; 1
    7748:	97 e0       	ldi	r25, 0x07	; 7
	}

	txPtr = txBuffer;

	while(packetLength--) {
		spiWriteReg(writePointer++, S3_TXBUF_CB, *txPtr++);
    774a:	6c e6       	ldi	r22, 0x6C	; 108
    774c:	40 e2       	ldi	r20, 0x20	; 32
    774e:	21 dd       	rcall	.-1470   	; 0x7192 <spiWriteReg>
    7750:	81 e0       	ldi	r24, 0x01	; 1
    7752:	97 e0       	ldi	r25, 0x07	; 7
    7754:	68 e6       	ldi	r22, 0x68	; 104
    7756:	4c dd       	rcall	.-1384   	; 0x71f0 <spiReadReg>
    7758:	88 23       	and	r24, r24
    775a:	d1 f7       	brne	.-12     	; 0x7750 <tftpPoll+0x14e>
    775c:	e4 e0       	ldi	r30, 0x04	; 4
    775e:	fe 16       	cp	r15, r30
    7760:	39 f4       	brne	.+14     	; 0x7770 <tftpPoll+0x16e>
    7762:	81 e0       	ldi	r24, 0x01	; 1
		//Use uint16_t overflow from 0xFFFF to 0x10000 to follow W5500 internal pointer
	}

	spiWriteWord(REG_S3_TX_WR0, S3_W_CB, writePointer);
#else
		if(writePointer == S3_TX_END) writePointer = S3_TX_START;
    7764:	97 e0       	ldi	r25, 0x07	; 7
    7766:	6c e6       	ldi	r22, 0x6C	; 108
    7768:	40 e1       	ldi	r20, 0x10	; 16
    776a:	13 dd       	rcall	.-1498   	; 0x7192 <spiWriteReg>
    776c:	80 e0       	ldi	r24, 0x00	; 0
    776e:	01 c0       	rjmp	.+2      	; 0x7772 <tftpPoll+0x170>
    7770:	81 e0       	ldi	r24, 0x01	; 1
    7772:	cb 59       	subi	r28, 0x9B	; 155
    7774:	df 4f       	sbci	r29, 0xFF	; 255
    7776:	de bf       	out	0x3e, r29	; 62
    7778:	cd bf       	out	0x3d, r28	; 61
    777a:	df 91       	pop	r29
    777c:	cf 91       	pop	r28
			break;
	}

	txPtr = txBuffer;

	while(packetLength--) {
    777e:	1f 91       	pop	r17
	spiWriteWord(REG_S3_TX_WR0, S3_W_CB, writePointer);
#else
		if(writePointer == S3_TX_END) writePointer = S3_TX_START;
	}

	spiWriteWord(REG_S3_TX_WR0, S3_W_CB, writePointer - S3_TX_START);
    7780:	0f 91       	pop	r16
    7782:	ff 90       	pop	r15
    7784:	df 90       	pop	r13
    7786:	cf 90       	pop	r12
    7788:	bf 90       	pop	r11
    778a:	af 90       	pop	r10
    778c:	08 95       	ret

0000778e <validImage>:
#include "serial.h"
#include "debug.h"
#include "debug_vald.h"

uint8_t validImage(uint8_t* base)
{
    778e:	fc 01       	movw	r30, r24
	/* Check that a jump table is present in the first flash sector */
	uint8_t i;
	for(i = 0; i < 0x34; i += 4) {
    7790:	80 e0       	ldi	r24, 0x00	; 0

		// For each vector, check it is of the form:
		// 0x0C 0x94 0xWX 0xYZ  ; JMP 0xWXYZ
		if(base[i] != 0x0c) {
    7792:	90 81       	ld	r25, Z
    7794:	9c 30       	cpi	r25, 0x0C	; 12
    7796:	49 f4       	brne	.+18     	; 0x77aa <validImage+0x1c>
				tracePGM(mDebugVald_0x0C);
			)
			return(0);
		}
		
		if(base[i + 1] != 0x94) {
    7798:	91 81       	ldd	r25, Z+1	; 0x01
    779a:	94 39       	cpi	r25, 0x94	; 148
    779c:	41 f4       	brne	.+16     	; 0x77ae <validImage+0x20>

uint8_t validImage(uint8_t* base)
{
	/* Check that a jump table is present in the first flash sector */
	uint8_t i;
	for(i = 0; i < 0x34; i += 4) {
    779e:	8c 5f       	subi	r24, 0xFC	; 252
    77a0:	34 96       	adiw	r30, 0x04	; 4
    77a2:	84 33       	cpi	r24, 0x34	; 52
    77a4:	b1 f7       	brne	.-20     	; 0x7792 <validImage+0x4>
		}
	}

	DBG_VALD(tracePGMlnVald(mDebugVald_VALID);)

	return(1);
    77a6:	81 e0       	ldi	r24, 0x01	; 1
    77a8:	08 95       	ret
				tracenum(i);
				tracePGM(mDebugVald_WITH);
				tracenum(base[i]);
				tracePGM(mDebugVald_0x0C);
			)
			return(0);
    77aa:	80 e0       	ldi	r24, 0x00	; 0
    77ac:	08 95       	ret
				tracenum(i + 1);
				tracePGM(mDebugVald_WITH);
				tracenum(base[i + 1]);
				tracePGM(mDebugVald_0x94);
			)
			return(0);
    77ae:	80 e0       	ldi	r24, 0x00	; 0
	}

	DBG_VALD(tracePGMlnVald(mDebugVald_VALID);)

	return(1);
}
    77b0:	08 95       	ret

000077b2 <serialInit>:


void serialInit(void)
{
	// Double speed mode USART0
	UART_STATUS_REG		= _BV(UART_DOUBLE_SPEED);
    77b2:	82 e0       	ldi	r24, 0x02	; 2
    77b4:	80 93 c0 00 	sts	0x00C0, r24
	// Enable receiver and transiter on USART0
	UART_CONTROL_REG	= _BV(UART_ENABLE_RECEIVER) | _BV(UART_ENABLE_TRANSMITTER);
    77b8:	88 e1       	ldi	r24, 0x18	; 24
    77ba:	80 93 c1 00 	sts	0x00C1, r24
	// Set 8bit character length on USART0
	UART_MODE_REG		= _BV(UART_CHAR_SIZE_LOW) | _BV(UART_CHAR_SIZE_MID);
    77be:	86 e0       	ldi	r24, 0x06	; 6
    77c0:	80 93 c2 00 	sts	0x00C2, r24
	// Set USART0 baud rate
	UART_BAUD_RATE_LOW	= (uint8_t)((F_CPU + BAUD_RATE * 4L) / (BAUD_RATE * 8L) - 1);
    77c4:	80 e1       	ldi	r24, 0x10	; 16
    77c6:	80 93 c4 00 	sts	0x00C4, r24

#if (DEBUG > 0)
	DDRD = 0x92;
#endif

}
    77ca:	08 95       	ret

000077cc <putch>:


void putch(uint8_t c)
{
	while(!(UART_STATUS_REG & _BV(UART_DATA_REG_EMPTY)));
    77cc:	90 91 c0 00 	lds	r25, 0x00C0
    77d0:	95 ff       	sbrs	r25, 5
    77d2:	fc cf       	rjmp	.-8      	; 0x77cc <putch>
	UART_DATA_REG = c;
    77d4:	80 93 c6 00 	sts	0x00C6, r24
}
    77d8:	08 95       	ret

000077da <puthex>:


void puthex(uint8_t c)
{
	c &= 0xf;
    77da:	8f 70       	andi	r24, 0x0F	; 15
	if(c > 9) c += 7;
    77dc:	8a 30       	cpi	r24, 0x0A	; 10
    77de:	08 f0       	brcs	.+2      	; 0x77e2 <puthex+0x8>
    77e0:	89 5f       	subi	r24, 0xF9	; 249
	//while(!(UART_STATUS_REG & _BV(UART_DATA_REG_EMPTY)));
	//UART_DATA_REG = c + '0';
	putch(c + '0');
    77e2:	80 5d       	subi	r24, 0xD0	; 208
    77e4:	f3 cf       	rjmp	.-26     	; 0x77cc <putch>

000077e6 <getch>:
    77e6:	80 91 c0 00 	lds	r24, 0x00C0

uint8_t getch(void)
{
	//uint8_t ch;

	while(!(UART_STATUS_REG & _BV(UART_RECEIVE_COMPLETE)));
    77ea:	87 ff       	sbrs	r24, 7
    77ec:	fc cf       	rjmp	.-8      	; 0x77e6 <getch>
    77ee:	80 91 c0 00 	lds	r24, 0x00C0
	if(!(UART_STATUS_REG & _BV(UART_FRAME_ERROR))) {
    77f2:	84 fd       	sbrc	r24, 4
    77f4:	01 c0       	rjmp	.+2      	; 0x77f8 <getch+0x12>
    77f6:	a8 95       	wdr
    77f8:	80 91 c6 00 	lds	r24, 0x00C6
	}

	//ch = UART_DATA_REG;
	//return ch;

	return(UART_DATA_REG);
    77fc:	08 95       	ret

000077fe <serialPoll>:
    77fe:	80 91 c0 00 	lds	r24, 0x00C0
}


uint8_t serialPoll(void)
{
	if(UART_STATUS_REG & _BV(UART_RECEIVE_COMPLETE)) {
    7802:	87 ff       	sbrs	r24, 7
    7804:	05 c0       	rjmp	.+10     	; 0x7810 <serialPoll+0x12>
    7806:	28 d0       	rcall	.+80     	; 0x7858 <resetTick>
    7808:	81 e0       	ldi	r24, 0x01	; 1
		resetTick();
    780a:	80 93 2d 01 	sts	0x012D, r24
		serialFlashing = TRUE;
    780e:	55 c0       	rjmp	.+170    	; 0x78ba <processOptiboot>
    7810:	81 e0       	ldi	r24, 0x01	; 1
    7812:	08 95       	ret

00007814 <updateLed>:
static uint16_t tick = 0;


void updateLed(void)
{
	uint16_t next_timer_1 = TCNT1;
    7814:	80 91 84 00 	lds	r24, 0x0084
    7818:	90 91 85 00 	lds	r25, 0x0085

	if(next_timer_1 & 0x400) LED_PORT ^= _BV(LED); // Led pin high
    781c:	92 ff       	sbrs	r25, 2
    781e:	05 c0       	rjmp	.+10     	; 0x782a <updateLed+0x16>
    7820:	25 b1       	in	r18, 0x05	; 5
    7822:	30 e2       	ldi	r19, 0x20	; 32
    7824:	23 27       	eor	r18, r19
    7826:	25 b9       	out	0x05, r18	; 5
    7828:	01 c0       	rjmp	.+2      	; 0x782c <updateLed+0x18>
	else LED_PORT &= ~_BV(LED); // Led pin low
    782a:	2d 98       	cbi	0x05, 5	; 5

	if(next_timer_1 < last_timer_1) {
    782c:	20 91 24 01 	lds	r18, 0x0124
    7830:	30 91 25 01 	lds	r19, 0x0125
    7834:	82 17       	cp	r24, r18
    7836:	93 07       	cpc	r25, r19
    7838:	50 f4       	brcc	.+20     	; 0x784e <updateLed+0x3a>
		tick++;
    783a:	20 91 26 01 	lds	r18, 0x0126
    783e:	30 91 27 01 	lds	r19, 0x0127
    7842:	2f 5f       	subi	r18, 0xFF	; 255
    7844:	3f 4f       	sbci	r19, 0xFF	; 255
    7846:	30 93 27 01 	sts	0x0127, r19
    784a:	20 93 26 01 	sts	0x0126, r18
		    tracePGMlnUtil(mDebugUtil_LAST);
		    tracenum(last_timer_1);
		)
	}

	last_timer_1 = next_timer_1;
    784e:	90 93 25 01 	sts	0x0125, r25
    7852:	80 93 24 01 	sts	0x0124, r24
}
    7856:	08 95       	ret

00007858 <resetTick>:

void resetTick(void)
{
	TCNT1 = 0;
    7858:	10 92 85 00 	sts	0x0085, r1
    785c:	10 92 84 00 	sts	0x0084, r1
	tick = 0;
    7860:	10 92 27 01 	sts	0x0127, r1
    7864:	10 92 26 01 	sts	0x0126, r1
}
    7868:	08 95       	ret

0000786a <timedOut>:
{
	// Never timeout if there is no code in Flash
#if (FLASHEND > 0x10000)
	if(pgm_read_word_far(0x0000) == 0xFFFF) return(0);
#else
	if(pgm_read_word_near(0x0000) == 0xFFFF) return(0);
    786a:	e0 e0       	ldi	r30, 0x00	; 0
    786c:	f0 e0       	ldi	r31, 0x00	; 0
    786e:	85 91       	lpm	r24, Z+
    7870:	94 91       	lpm	r25, Z
    7872:	2f ef       	ldi	r18, 0xFF	; 255
    7874:	8f 3f       	cpi	r24, 0xFF	; 255
    7876:	92 07       	cpc	r25, r18
    7878:	51 f0       	breq	.+20     	; 0x788e <timedOut+0x24>
    787a:	81 e0       	ldi	r24, 0x01	; 1
    787c:	20 91 26 01 	lds	r18, 0x0126
    7880:	30 91 27 01 	lds	r19, 0x0127
    7884:	25 30       	cpi	r18, 0x05	; 5
    7886:	31 05       	cpc	r19, r1
    7888:	18 f4       	brcc	.+6      	; 0x7890 <timedOut+0x26>
    788a:	80 e0       	ldi	r24, 0x00	; 0
    788c:	08 95       	ret
    788e:	80 e0       	ldi	r24, 0x00	; 0
#endif

	if(tick > TIMEOUT) return(1);
	else return(0);
}
    7890:	08 95       	ret

00007892 <verifySpace>:
static uint16_t address = 0;
static uint8_t  length;

static void verifySpace(void)
{
	if(getch() != CRC_EOP) {
    7892:	a9 df       	rcall	.-174    	; 0x77e6 <getch>
    7894:	80 32       	cpi	r24, 0x20	; 32
    7896:	39 f0       	breq	.+14     	; 0x78a6 <verifySpace+0x14>
    7898:	88 e1       	ldi	r24, 0x18	; 24
		WDTCSR = _BV(WDCE) | _BV(WDE);
    789a:	80 93 60 00 	sts	0x0060, r24
    789e:	88 e0       	ldi	r24, 0x08	; 8
		WDTCSR = WATCHDOG_16MS;	// shorten WD timeout
    78a0:	80 93 60 00 	sts	0x0060, r24
    78a4:	ff cf       	rjmp	.-2      	; 0x78a4 <verifySpace+0x12>
    78a6:	84 e1       	ldi	r24, 0x14	; 20
		while(1)				// and busy-loop so that WD causes
			;					// a reset and app start.
	}
	putch(STK_INSYNC);
    78a8:	91 cf       	rjmp	.-222    	; 0x77cc <putch>

000078aa <getNch>:
    78aa:	cf 93       	push	r28
    78ac:	c8 2f       	mov	r28, r24
}
    78ae:	9b df       	rcall	.-202    	; 0x77e6 <getch>


static void getNch(uint8_t count)
{
    78b0:	c1 50       	subi	r28, 0x01	; 1
    78b2:	e9 f7       	brne	.-6      	; 0x78ae <getNch+0x4>
	do getch();
    78b4:	ee df       	rcall	.-36     	; 0x7892 <verifySpace>
    78b6:	cf 91       	pop	r28
	while(--count);
    78b8:	08 95       	ret

000078ba <processOptiboot>:
    78ba:	0f 93       	push	r16
	verifySpace();
    78bc:	1f 93       	push	r17
    78be:	cf 93       	push	r28
}
    78c0:	df 93       	push	r29
    78c2:	cd b7       	in	r28, 0x3d	; 61


uint8_t processOptiboot(void)
{
    78c4:	de b7       	in	r29, 0x3e	; 62
    78c6:	c1 50       	subi	r28, 0x01	; 1
    78c8:	d1 40       	sbci	r29, 0x01	; 1
    78ca:	de bf       	out	0x3e, r29	; 62
    78cc:	cd bf       	out	0x3d, r28	; 61
    78ce:	8b df       	rcall	.-234    	; 0x77e6 <getch>
    78d0:	81 34       	cpi	r24, 0x41	; 65
    78d2:	a9 f4       	brne	.+42     	; 0x78fe <processOptiboot+0x44>
    78d4:	88 df       	rcall	.-240    	; 0x77e6 <getch>
    78d6:	cf 5f       	subi	r28, 0xFF	; 255
	uint8_t ch;

	ch = getch();
    78d8:	de 4f       	sbci	r29, 0xFE	; 254
    78da:	88 83       	st	Y, r24

	if(ch == STK_GET_PARAMETER) {
    78dc:	c1 50       	subi	r28, 0x01	; 1
    78de:	d1 40       	sbci	r29, 0x01	; 1
		unsigned char which = getch();
    78e0:	d8 df       	rcall	.-80     	; 0x7892 <verifySpace>
    78e2:	cf 5f       	subi	r28, 0xFF	; 255
		verifySpace();
    78e4:	de 4f       	sbci	r29, 0xFE	; 254
    78e6:	88 81       	ld	r24, Y
    78e8:	c1 50       	subi	r28, 0x01	; 1
    78ea:	d1 40       	sbci	r29, 0x01	; 1
    78ec:	82 38       	cpi	r24, 0x82	; 130
    78ee:	11 f4       	brne	.+4      	; 0x78f4 <processOptiboot+0x3a>
    78f0:	84 e0       	ldi	r24, 0x04	; 4
		if(which == 0x82) {
    78f2:	03 c0       	rjmp	.+6      	; 0x78fa <processOptiboot+0x40>
    78f4:	81 38       	cpi	r24, 0x81	; 129
    78f6:	11 f1       	breq	.+68     	; 0x793c <processOptiboot+0x82>
    78f8:	83 e0       	ldi	r24, 0x03	; 3
    78fa:	68 df       	rcall	.-304    	; 0x77cc <putch>
    78fc:	b6 c0       	rjmp	.+364    	; 0x7a6a <processOptiboot+0x1b0>
    78fe:	82 34       	cpi	r24, 0x42	; 66
			/*
			 * Send tftpboot version as "minor SW version"
			 */
			putch(ARIADNE_MINVER);
    7900:	11 f4       	brne	.+4      	; 0x7906 <processOptiboot+0x4c>
    7902:	84 e1       	ldi	r24, 0x14	; 20
		} else if(which == 0x81) {
    7904:	03 c0       	rjmp	.+6      	; 0x790c <processOptiboot+0x52>
    7906:	85 34       	cpi	r24, 0x45	; 69
		} else {
			/*
			 * GET PARAMETER returns a generic 0x03 reply for
			 * other parameters - enough to keep Avrdude happy
			 */
			putch(0x03);
    7908:	19 f4       	brne	.+6      	; 0x7910 <processOptiboot+0x56>
    790a:	84 e0       	ldi	r24, 0x04	; 4
    790c:	ce df       	rcall	.-100    	; 0x78aa <getNch>
    790e:	ad c0       	rjmp	.+346    	; 0x7a6a <processOptiboot+0x1b0>
		}
	} else if(ch == STK_SET_DEVICE) {
    7910:	85 35       	cpi	r24, 0x55	; 85
    7912:	81 f4       	brne	.+32     	; 0x7934 <processOptiboot+0x7a>
		// SET DEVICE is ignored
		getNch(20);
    7914:	68 df       	rcall	.-304    	; 0x77e6 <getch>
    7916:	08 2f       	mov	r16, r24
	} else if(ch == STK_SET_DEVICE_EXT) {
    7918:	10 e0       	ldi	r17, 0x00	; 0
    791a:	65 df       	rcall	.-310    	; 0x77e6 <getch>
		// SET DEVICE EXT is ignored
		getNch(4);
    791c:	90 e0       	ldi	r25, 0x00	; 0
    791e:	98 2f       	mov	r25, r24
    7920:	88 27       	eor	r24, r24
    7922:	80 2b       	or	r24, r16
	} else if(ch == STK_LOAD_ADDRESS) {
    7924:	91 2b       	or	r25, r17
    7926:	88 0f       	add	r24, r24
		// LOAD ADDRESS
		uint16_t newAddress;
		newAddress = getch();
    7928:	99 1f       	adc	r25, r25
    792a:	90 93 29 01 	sts	0x0129, r25
    792e:	80 93 28 01 	sts	0x0128, r24
		newAddress = (newAddress & 0xff) | (getch() << 8);
    7932:	9a c0       	rjmp	.+308    	; 0x7a68 <processOptiboot+0x1ae>
    7934:	86 35       	cpi	r24, 0x56	; 86
    7936:	21 f4       	brne	.+8      	; 0x7940 <processOptiboot+0x86>
    7938:	84 e0       	ldi	r24, 0x04	; 4
    793a:	b7 df       	rcall	.-146    	; 0x78aa <getNch>
    793c:	80 e0       	ldi	r24, 0x00	; 0
#ifdef RAMPZ
		// Transfer top bit to RAMPZ
		RAMPZ = (newAddress & 0x8000) ? 1 : 0;
#endif

		newAddress += newAddress; // Convert from word address to byte address
    793e:	dd cf       	rjmp	.-70     	; 0x78fa <processOptiboot+0x40>
    7940:	84 36       	cpi	r24, 0x64	; 100
		address = newAddress;
    7942:	09 f0       	breq	.+2      	; 0x7946 <processOptiboot+0x8c>
    7944:	61 c0       	rjmp	.+194    	; 0x7a08 <processOptiboot+0x14e>
    7946:	4f df       	rcall	.-354    	; 0x77e6 <getch>
    7948:	4e df       	rcall	.-356    	; 0x77e6 <getch>
    794a:	80 93 2a 01 	sts	0x012A, r24
		verifySpace();
	} else if(ch == STK_UNIVERSAL) {
    794e:	4b df       	rcall	.-362    	; 0x77e6 <getch>
		// UNIVERSAL command is ignored
		getNch(4);
    7950:	e0 91 28 01 	lds	r30, 0x0128
    7954:	f0 91 29 01 	lds	r31, 0x0129
		putch(0x00);
    7958:	80 e7       	ldi	r24, 0x70	; 112
	}
	/* Write memory, length is big endian and is in bytes */
	else if(ch == STK_PROG_PAGE) {
    795a:	e0 30       	cpi	r30, 0x00	; 0
    795c:	f8 07       	cpc	r31, r24
    795e:	20 f4       	brcc	.+8      	; 0x7968 <processOptiboot+0xae>
		// PROGRAM PAGE - we support flash programming only, not EEPROM
		uint8_t  buff[256];
		uint8_t* bufPtr;
		uint16_t addrPtr;

		getch();			/* getlen() */
    7960:	83 e0       	ldi	r24, 0x03	; 3
    7962:	80 93 57 00 	sts	0x0057, r24
		length = getch();
    7966:	e8 95       	spm
    7968:	8e 01       	movw	r16, r28
    796a:	0f 5f       	subi	r16, 0xFF	; 255
		getch();
    796c:	1f 4f       	sbci	r17, 0xFF	; 255
    796e:	3b df       	rcall	.-394    	; 0x77e6 <getch>

		// If we are in RWW section, immediately start page erase
		if(address < NRWWSTART) boot_page_erase((uint16_t)(void*)address);
    7970:	f8 01       	movw	r30, r16
    7972:	81 93       	st	Z+, r24
    7974:	8f 01       	movw	r16, r30
    7976:	80 91 2a 01 	lds	r24, 0x012A
    797a:	81 50       	subi	r24, 0x01	; 1
    797c:	80 93 2a 01 	sts	0x012A, r24
    7980:	88 23       	and	r24, r24
    7982:	a9 f7       	brne	.-22     	; 0x796e <processOptiboot+0xb4>
    7984:	e0 91 28 01 	lds	r30, 0x0128
    7988:	f0 91 29 01 	lds	r31, 0x0129
    798c:	80 e7       	ldi	r24, 0x70	; 112

		// While that is going on, read in page contents
		bufPtr = buff;
		do* bufPtr++ = getch();
    798e:	e0 30       	cpi	r30, 0x00	; 0
    7990:	f8 07       	cpc	r31, r24
    7992:	20 f0       	brcs	.+8      	; 0x799c <processOptiboot+0xe2>
    7994:	83 e0       	ldi	r24, 0x03	; 3
    7996:	80 93 57 00 	sts	0x0057, r24
		while(--length);
    799a:	e8 95       	spm
    799c:	7a df       	rcall	.-268    	; 0x7892 <verifySpace>
    799e:	07 b6       	in	r0, 0x37	; 55
    79a0:	00 fc       	sbrc	r0, 0
    79a2:	fd cf       	rjmp	.-6      	; 0x799e <processOptiboot+0xe4>
    79a4:	60 91 28 01 	lds	r22, 0x0128

		// If we are in NRWW section, page erase has to be delayed until now.
		// Todo: Take RAMPZ into account
		if(address >= NRWWSTART) boot_page_erase((uint16_t)(void*)address);
    79a8:	70 91 29 01 	lds	r23, 0x0129
    79ac:	09 81       	ldd	r16, Y+1	; 0x01
    79ae:	fb 01       	movw	r30, r22
    79b0:	40 e4       	ldi	r20, 0x40	; 64
    79b2:	51 e0       	ldi	r21, 0x01	; 1
    79b4:	9e 01       	movw	r18, r28
    79b6:	2f 5f       	subi	r18, 0xFF	; 255
    79b8:	3f 4f       	sbci	r19, 0xFF	; 255
    79ba:	26 1b       	sub	r18, r22
    79bc:	37 0b       	sbc	r19, r23

		// Read command terminator, start reply
		verifySpace();
    79be:	10 e0       	ldi	r17, 0x00	; 0
    79c0:	d9 01       	movw	r26, r18

		// If only a partial page is to be programmed, the erase might not be complete.
		// So check that here
		boot_spm_busy_wait();
    79c2:	ae 0f       	add	r26, r30
    79c4:	bf 1f       	adc	r27, r31
    79c6:	11 96       	adiw	r26, 0x01	; 1

		// Copy buffer into programming buffer
		bufPtr = buff;
		addrPtr = (uint16_t)(void*)address;
    79c8:	8c 91       	ld	r24, X
    79ca:	11 97       	sbiw	r26, 0x01	; 1
    79cc:	90 e0       	ldi	r25, 0x00	; 0
    79ce:	98 2f       	mov	r25, r24
		// If only a partial page is to be programmed, the erase might not be complete.
		// So check that here
		boot_spm_busy_wait();

		// Copy buffer into programming buffer
		bufPtr = buff;
    79d0:	88 27       	eor	r24, r24
    79d2:	80 2b       	or	r24, r16
		addrPtr = (uint16_t)(void*)address;
		ch = SPM_PAGESIZE / 2;
    79d4:	91 2b       	or	r25, r17
		do {
			uint16_t a;
			a = *bufPtr++;
			a |= (*bufPtr++) << 8;
			boot_page_fill((uint16_t)(void*)addrPtr, a);
    79d6:	0c 01       	movw	r0, r24
	while(--count);
	verifySpace();
}


uint8_t processOptiboot(void)
    79d8:	50 93 57 00 	sts	0x0057, r21
    79dc:	e8 95       	spm
    79de:	11 24       	eor	r1, r1
    79e0:	41 50       	subi	r20, 0x01	; 1
		bufPtr = buff;
		addrPtr = (uint16_t)(void*)address;
		ch = SPM_PAGESIZE / 2;
		do {
			uint16_t a;
			a = *bufPtr++;
    79e2:	29 f0       	breq	.+10     	; 0x79ee <processOptiboot+0x134>
	while(--count);
	verifySpace();
}


uint8_t processOptiboot(void)
    79e4:	12 96       	adiw	r26, 0x02	; 2
    79e6:	0c 91       	ld	r16, X
    79e8:	12 97       	sbiw	r26, 0x02	; 2
		addrPtr = (uint16_t)(void*)address;
		ch = SPM_PAGESIZE / 2;
		do {
			uint16_t a;
			a = *bufPtr++;
			a |= (*bufPtr++) << 8;
    79ea:	32 96       	adiw	r30, 0x02	; 2
    79ec:	e8 cf       	rjmp	.-48     	; 0x79be <processOptiboot+0x104>
    79ee:	85 e0       	ldi	r24, 0x05	; 5
    79f0:	fb 01       	movw	r30, r22
    79f2:	80 93 57 00 	sts	0x0057, r24
    79f6:	e8 95       	spm
    79f8:	07 b6       	in	r0, 0x37	; 55
			boot_page_fill((uint16_t)(void*)addrPtr, a);
    79fa:	00 fc       	sbrc	r0, 0
    79fc:	fd cf       	rjmp	.-6      	; 0x79f8 <processOptiboot+0x13e>
    79fe:	81 e1       	ldi	r24, 0x11	; 17
    7a00:	80 93 57 00 	sts	0x0057, r24
			addrPtr += 2;
		} while(--ch);
    7a04:	e8 95       	spm
    7a06:	31 c0       	rjmp	.+98     	; 0x7a6a <processOptiboot+0x1b0>
		addrPtr = (uint16_t)(void*)address;
		ch = SPM_PAGESIZE / 2;
		do {
			uint16_t a;
			a = *bufPtr++;
			a |= (*bufPtr++) << 8;
    7a08:	84 37       	cpi	r24, 0x74	; 116
    7a0a:	d1 f4       	brne	.+52     	; 0x7a40 <processOptiboot+0x186>
    7a0c:	ec de       	rcall	.-552    	; 0x77e6 <getch>
    7a0e:	eb de       	rcall	.-554    	; 0x77e6 <getch>
    7a10:	80 93 2a 01 	sts	0x012A, r24
			boot_page_fill((uint16_t)(void*)addrPtr, a);
			addrPtr += 2;
		} while(--ch);

		// Write from programming buffer
		boot_page_write((uint16_t)(void*)address);
    7a14:	e8 de       	rcall	.-560    	; 0x77e6 <getch>
    7a16:	3d df       	rcall	.-390    	; 0x7892 <verifySpace>
    7a18:	e0 91 28 01 	lds	r30, 0x0128
		boot_spm_busy_wait();
    7a1c:	f0 91 29 01 	lds	r31, 0x0129
    7a20:	cf 01       	movw	r24, r30

#if defined(RWWSRE)
		// Reenable read access to flash
		boot_rww_enable();
    7a22:	01 96       	adiw	r24, 0x01	; 1
    7a24:	90 93 29 01 	sts	0x0129, r25
    7a28:	80 93 28 01 	sts	0x0128, r24
#endif
	}
	/* Read memory block mode, length is big endian.  */
	else if(ch == STK_READ_PAGE) {
    7a2c:	84 91       	lpm	r24, Z
    7a2e:	ce de       	rcall	.-612    	; 0x77cc <putch>
		// READ PAGE - we only read flash
		getch();			/* getlen() */
    7a30:	80 91 2a 01 	lds	r24, 0x012A
		length = getch();
    7a34:	81 50       	subi	r24, 0x01	; 1
    7a36:	80 93 2a 01 	sts	0x012A, r24
    7a3a:	88 23       	and	r24, r24
		getch();
    7a3c:	69 f7       	brne	.-38     	; 0x7a18 <processOptiboot+0x15e>
    7a3e:	15 c0       	rjmp	.+42     	; 0x7a6a <processOptiboot+0x1b0>

		verifySpace();
    7a40:	85 37       	cpi	r24, 0x75	; 117
    7a42:	39 f4       	brne	.+14     	; 0x7a52 <processOptiboot+0x198>
			__asm__("elpm %0,Z\n":"=r"(result):"z"(address));
			putch(result);
			address++;
		} while(--length);
#else
		do putch(pgm_read_byte_near(address++));
    7a44:	26 df       	rcall	.-436    	; 0x7892 <verifySpace>
    7a46:	8e e1       	ldi	r24, 0x1E	; 30
    7a48:	c1 de       	rcall	.-638    	; 0x77cc <putch>
    7a4a:	85 e9       	ldi	r24, 0x95	; 149
    7a4c:	bf de       	rcall	.-642    	; 0x77cc <putch>
    7a4e:	8f e0       	ldi	r24, 0x0F	; 15
    7a50:	54 cf       	rjmp	.-344    	; 0x78fa <processOptiboot+0x40>
    7a52:	81 35       	cpi	r24, 0x51	; 81
    7a54:	49 f4       	brne	.+18     	; 0x7a68 <processOptiboot+0x1ae>
    7a56:	1d df       	rcall	.-454    	; 0x7892 <verifySpace>
    7a58:	82 e0       	ldi	r24, 0x02	; 2
    7a5a:	90 e0       	ldi	r25, 0x00	; 0
    7a5c:	6e ee       	ldi	r22, 0xEE	; 238
		while(--length);
    7a5e:	22 d0       	rcall	.+68     	; 0x7aa4 <__eewr_byte_m328p>
    7a60:	80 e1       	ldi	r24, 0x10	; 16
    7a62:	b4 de       	rcall	.-664    	; 0x77cc <putch>
    7a64:	80 e0       	ldi	r24, 0x00	; 0
    7a66:	04 c0       	rjmp	.+8      	; 0x7a70 <processOptiboot+0x1b6>
    7a68:	14 df       	rcall	.-472    	; 0x7892 <verifySpace>
    7a6a:	80 e1       	ldi	r24, 0x10	; 16
    7a6c:	af de       	rcall	.-674    	; 0x77cc <putch>
#endif
	}
	/* Get device signature bytes  */
	else if(ch == STK_READ_SIGN) {
    7a6e:	81 e0       	ldi	r24, 0x01	; 1
    7a70:	cf 5f       	subi	r28, 0xFF	; 255
		// READ SIGN - return what Avrdude wants to hear
		verifySpace();
    7a72:	de 4f       	sbci	r29, 0xFE	; 254
    7a74:	de bf       	out	0x3e, r29	; 62
		putch(SIGNATURE_0);
    7a76:	cd bf       	out	0x3d, r28	; 61
    7a78:	df 91       	pop	r29
    7a7a:	cf 91       	pop	r28
		putch(SIGNATURE_1);
    7a7c:	1f 91       	pop	r17
    7a7e:	0f 91       	pop	r16
    7a80:	08 95       	ret

00007a82 <memcpy_P>:
		putch(SIGNATURE_2);
    7a82:	fb 01       	movw	r30, r22
    7a84:	dc 01       	movw	r26, r24
	} else if(ch == STK_LEAVE_PROGMODE) {
    7a86:	02 c0       	rjmp	.+4      	; 0x7a8c <memcpy_P+0xa>
    7a88:	05 90       	lpm	r0, Z+
		// Adaboot no-wait mod
		//watchdogConfig(WATCHDOG_16MS);
		verifySpace();
    7a8a:	0d 92       	st	X+, r0
    7a8c:	41 50       	subi	r20, 0x01	; 1
		eeprom_write_byte(EEPROM_IMG_STAT, EEPROM_IMG_OK_VALUE);
    7a8e:	50 40       	sbci	r21, 0x00	; 0
    7a90:	d8 f7       	brcc	.-10     	; 0x7a88 <memcpy_P+0x6>
    7a92:	08 95       	ret

00007a94 <__eerd_byte_m328p>:
    7a94:	f9 99       	sbic	0x1f, 1	; 31
    7a96:	fe cf       	rjmp	.-4      	; 0x7a94 <__eerd_byte_m328p>
		putch(STK_OK);
    7a98:	92 bd       	out	0x22, r25	; 34
    7a9a:	81 bd       	out	0x21, r24	; 33
    7a9c:	f8 9a       	sbi	0x1f, 0	; 31
		return(0);
    7a9e:	99 27       	eor	r25, r25
    7aa0:	80 b5       	in	r24, 0x20	; 32
	} else {
		// This covers the response to commands like STK_ENTER_PROGMODE
		verifySpace();
    7aa2:	08 95       	ret

00007aa4 <__eewr_byte_m328p>:
    7aa4:	26 2f       	mov	r18, r22

00007aa6 <__eewr_r18_m328p>:
	}
	putch(STK_OK);
    7aa6:	f9 99       	sbic	0x1f, 1	; 31
    7aa8:	fe cf       	rjmp	.-4      	; 0x7aa6 <__eewr_r18_m328p>
    7aaa:	1f ba       	out	0x1f, r1	; 31
	return(1);
    7aac:	92 bd       	out	0x22, r25	; 34
}
    7aae:	81 bd       	out	0x21, r24	; 33
    7ab0:	20 bd       	out	0x20, r18	; 32
    7ab2:	0f b6       	in	r0, 0x3f	; 63
    7ab4:	f8 94       	cli
    7ab6:	fa 9a       	sbi	0x1f, 2	; 31
    7ab8:	f9 9a       	sbi	0x1f, 1	; 31
    7aba:	0f be       	out	0x3f, r0	; 63
    7abc:	01 96       	adiw	r24, 0x01	; 1
    7abe:	08 95       	ret

00007ac0 <_exit>:
    7ac0:	f8 94       	cli

00007ac2 <__stop_program>:
    7ac2:	ff cf       	rjmp	.-2      	; 0x7ac2 <__stop_program>
