
ariadne_debug1284_w5100.elf:     file format elf32-avr

Sections:
Idx Name          Size      VMA       LMA       File off  Algn
  0 .data         00000020  00800100  0001fd74  00000e08  2**0
                  CONTENTS, ALLOC, LOAD, DATA
  1 .text         00000d74  0001f000  0001f000  00000094  2**1
                  CONTENTS, ALLOC, LOAD, READONLY, CODE
  2 .bss          0000000f  00800120  00800120  00000e28  2**0
                  ALLOC
  3 .stab         000008d0  00000000  00000000  00000e28  2**2
                  CONTENTS, READONLY, DEBUGGING
  4 .stabstr      00000199  00000000  00000000  000016f8  2**0
                  CONTENTS, READONLY, DEBUGGING
  5 .debug_aranges 000001c0  00000000  00000000  00001898  2**3
                  CONTENTS, READONLY, DEBUGGING
  6 .debug_info   00001777  00000000  00000000  00001a58  2**0
                  CONTENTS, READONLY, DEBUGGING
  7 .debug_abbrev 00000a3d  00000000  00000000  000031cf  2**0
                  CONTENTS, READONLY, DEBUGGING
  8 .debug_line   00000d46  00000000  00000000  00003c0c  2**0
                  CONTENTS, READONLY, DEBUGGING
  9 .debug_frame  000004d8  00000000  00000000  00004954  2**2
                  CONTENTS, READONLY, DEBUGGING
 10 .debug_str    000005d5  00000000  00000000  00004e2c  2**0
                  CONTENTS, READONLY, DEBUGGING
 11 .debug_loc    000017e4  00000000  00000000  00005401  2**0
                  CONTENTS, READONLY, DEBUGGING
 12 .debug_ranges 00000070  00000000  00000000  00006be5  2**0
                  CONTENTS, READONLY, DEBUGGING

Disassembly of section .text:

0001f000 <__vectors>:
   1f000:	86 c0       	rjmp	.+268    	; 0x1f10e <__ctors_end>
   1f002:	00 00       	nop
   1f004:	0b c1       	rjmp	.+534    	; 0x1f21c <__bad_interrupt>
   1f006:	00 00       	nop
   1f008:	09 c1       	rjmp	.+530    	; 0x1f21c <__bad_interrupt>
   1f00a:	00 00       	nop
   1f00c:	07 c1       	rjmp	.+526    	; 0x1f21c <__bad_interrupt>
   1f00e:	00 00       	nop
   1f010:	05 c1       	rjmp	.+522    	; 0x1f21c <__bad_interrupt>
   1f012:	00 00       	nop
   1f014:	03 c1       	rjmp	.+518    	; 0x1f21c <__bad_interrupt>
   1f016:	00 00       	nop
   1f018:	01 c1       	rjmp	.+514    	; 0x1f21c <__bad_interrupt>
   1f01a:	00 00       	nop
   1f01c:	ff c0       	rjmp	.+510    	; 0x1f21c <__bad_interrupt>
   1f01e:	00 00       	nop
   1f020:	fd c0       	rjmp	.+506    	; 0x1f21c <__bad_interrupt>
   1f022:	00 00       	nop
   1f024:	fb c0       	rjmp	.+502    	; 0x1f21c <__bad_interrupt>
   1f026:	00 00       	nop
   1f028:	f9 c0       	rjmp	.+498    	; 0x1f21c <__bad_interrupt>
   1f02a:	00 00       	nop
   1f02c:	f7 c0       	rjmp	.+494    	; 0x1f21c <__bad_interrupt>
   1f02e:	00 00       	nop
   1f030:	f5 c0       	rjmp	.+490    	; 0x1f21c <__bad_interrupt>
   1f032:	00 00       	nop
   1f034:	f3 c0       	rjmp	.+486    	; 0x1f21c <__bad_interrupt>
   1f036:	00 00       	nop
   1f038:	f1 c0       	rjmp	.+482    	; 0x1f21c <__bad_interrupt>
   1f03a:	00 00       	nop
   1f03c:	ef c0       	rjmp	.+478    	; 0x1f21c <__bad_interrupt>
   1f03e:	00 00       	nop
   1f040:	ed c0       	rjmp	.+474    	; 0x1f21c <__bad_interrupt>
   1f042:	00 00       	nop
   1f044:	eb c0       	rjmp	.+470    	; 0x1f21c <__bad_interrupt>
   1f046:	00 00       	nop
   1f048:	e9 c0       	rjmp	.+466    	; 0x1f21c <__bad_interrupt>
   1f04a:	00 00       	nop
   1f04c:	e7 c0       	rjmp	.+462    	; 0x1f21c <__bad_interrupt>
   1f04e:	00 00       	nop
   1f050:	e5 c0       	rjmp	.+458    	; 0x1f21c <__bad_interrupt>
   1f052:	00 00       	nop
   1f054:	e3 c0       	rjmp	.+454    	; 0x1f21c <__bad_interrupt>
   1f056:	00 00       	nop
   1f058:	e1 c0       	rjmp	.+450    	; 0x1f21c <__bad_interrupt>
   1f05a:	00 00       	nop
   1f05c:	df c0       	rjmp	.+446    	; 0x1f21c <__bad_interrupt>
   1f05e:	00 00       	nop
   1f060:	dd c0       	rjmp	.+442    	; 0x1f21c <__bad_interrupt>
   1f062:	00 00       	nop
   1f064:	db c0       	rjmp	.+438    	; 0x1f21c <__bad_interrupt>
   1f066:	00 00       	nop
   1f068:	d9 c0       	rjmp	.+434    	; 0x1f21c <__bad_interrupt>
   1f06a:	00 00       	nop
   1f06c:	d7 c0       	rjmp	.+430    	; 0x1f21c <__bad_interrupt>
   1f06e:	00 00       	nop
   1f070:	d5 c0       	rjmp	.+426    	; 0x1f21c <__bad_interrupt>
   1f072:	00 00       	nop
   1f074:	d3 c0       	rjmp	.+422    	; 0x1f21c <__bad_interrupt>
   1f076:	00 00       	nop
   1f078:	d1 c0       	rjmp	.+418    	; 0x1f21c <__bad_interrupt>
   1f07a:	00 00       	nop
   1f07c:	cf c0       	rjmp	.+414    	; 0x1f21c <__bad_interrupt>
   1f07e:	00 00       	nop
   1f080:	cd c0       	rjmp	.+410    	; 0x1f21c <__bad_interrupt>
   1f082:	00 00       	nop
   1f084:	cb c0       	rjmp	.+406    	; 0x1f21c <__bad_interrupt>
   1f086:	00 00       	nop
   1f088:	c9 c0       	rjmp	.+402    	; 0x1f21c <__bad_interrupt>
	...

0001f08c <mDebugMain_EXIT>:
   1f08c:	53 74 61 72 74 20 75 73 65 72 20 61 70 70 00        Start user app.

0001f09b <mDebugMain_TITLE>:
   1f09b:	41 72 69 61 64 6e 65 20 66 6f 72 20 41 72 64 75     Ariadne for Ardu
   1f0ab:	69 6e 6f 20 4d 65 67 61 31 32 38 34 50 2c 20 56     ino Mega1284P, V
   1f0bb:	65 72 73 69 6f 6e 20 30 2e 35 00                    ersion 0.5.

0001f0c6 <mDebugMain_PREFIX>:
   1f0c6:	4d 61 69 6e 3a 20 00                                Main: .

0001f0cd <tftp_invalid_image_packet>:
   1f0cd:	13 00 05 00 00 49 6e 76 61 6c 69 64 20 69 6d 61     .....Invalid ima
   1f0dd:	67 65 20 66 69 6c 65 00                             ge file.

0001f0e5 <tftp_unknown_error_packet>:
   1f0e5:	08 00 05 00 00 45 72 72 6f 72 00                    .....Error.

0001f0f0 <tftp_full_error_packet>:
   1f0f0:	09 00 05 00 03 46 75 6c 6c 00                       .....Full.

0001f0fa <tftp_opcode_error_packet>:
   1f0fa:	0a 00 05 00 00 4f 70 63 6f 64 65 3f 00              .....Opcode?.

0001f107 <mDebug_HEXPREF>:
   1f107:	30 78 00                                            0x.

0001f10a <mDebug_NEWLINE>:
   1f10a:	0d 0a 00 00                                         ....

0001f10e <__ctors_end>:
   1f10e:	11 24       	eor	r1, r1
   1f110:	1f be       	out	0x3f, r1	; 63
   1f112:	cf ef       	ldi	r28, 0xFF	; 255
   1f114:	d0 e4       	ldi	r29, 0x40	; 64
   1f116:	de bf       	out	0x3e, r29	; 62
   1f118:	cd bf       	out	0x3d, r28	; 61

0001f11a <__do_copy_data>:
   1f11a:	11 e0       	ldi	r17, 0x01	; 1
   1f11c:	a0 e0       	ldi	r26, 0x00	; 0
   1f11e:	b1 e0       	ldi	r27, 0x01	; 1
   1f120:	e4 e7       	ldi	r30, 0x74	; 116
   1f122:	fd ef       	ldi	r31, 0xFD	; 253
   1f124:	01 e0       	ldi	r16, 0x01	; 1
   1f126:	0b bf       	out	0x3b, r16	; 59
   1f128:	02 c0       	rjmp	.+4      	; 0x1f12e <__do_copy_data+0x14>
   1f12a:	07 90       	elpm	r0, Z+
   1f12c:	0d 92       	st	X+, r0
   1f12e:	a0 32       	cpi	r26, 0x20	; 32
   1f130:	b1 07       	cpc	r27, r17
   1f132:	d9 f7       	brne	.-10     	; 0x1f12a <__do_copy_data+0x10>
   1f134:	1b be       	out	0x3b, r1	; 59

0001f136 <__do_clear_bss>:
   1f136:	11 e0       	ldi	r17, 0x01	; 1
   1f138:	a0 e2       	ldi	r26, 0x20	; 32
   1f13a:	b1 e0       	ldi	r27, 0x01	; 1
   1f13c:	01 c0       	rjmp	.+2      	; 0x1f140 <.do_clear_bss_start>

0001f13e <.do_clear_bss_loop>:
   1f13e:	1d 92       	st	X+, r1

0001f140 <.do_clear_bss_start>:
   1f140:	af 32       	cpi	r26, 0x2F	; 47
   1f142:	b1 07       	cpc	r27, r17
   1f144:	e1 f7       	brne	.-8      	; 0x1f13e <.do_clear_bss_loop>
   1f146:	01 d0       	rcall	.+2      	; 0x1f14a <main>
   1f148:	13 c6       	rjmp	.+3110   	; 0x1fd70 <_exit>

0001f14a <main>:

int main(void)
{
	/* Disable the watchdog timer to prevent
	 * eternal reset loop of doom and despair */
	MCUSR = 0;
   1f14a:	14 be       	out	0x34, r1	; 52
	wdt_disable();
   1f14c:	88 e1       	ldi	r24, 0x18	; 24
   1f14e:	0f b6       	in	r0, 0x3f	; 63
   1f150:	f8 94       	cli
   1f152:	80 93 60 00 	sts	0x0060, r24
   1f156:	10 92 60 00 	sts	0x0060, r1
   1f15a:	0f be       	out	0x3f, r0	; 63
	#else
		//round up by default
		__ticks_dc = (uint32_t)(ceil(fabs(__tmp)));
	#endif

	__builtin_avr_delay_cycles(__ticks_dc);
   1f15c:	8f ef       	ldi	r24, 0xFF	; 255
   1f15e:	93 ec       	ldi	r25, 0xC3	; 195
   1f160:	a9 e0       	ldi	r26, 0x09	; 9
   1f162:	81 50       	subi	r24, 0x01	; 1
   1f164:	90 40       	sbci	r25, 0x00	; 0
   1f166:	a0 40       	sbci	r26, 0x00	; 0
   1f168:	e1 f7       	brne	.-8      	; 0x1f162 <main+0x18>
   1f16a:	00 c0       	rjmp	.+0      	; 0x1f16c <main+0x22>
   1f16c:	00 00       	nop
	/* This code makes the following assumptions:
	 * No interrupts will execute
	 * SP points to RAMEND
	 * r1 contains zero */
	//cli();
	asm volatile("clr __zero_reg__");
   1f16e:	11 24       	eor	r1, r1
	// 0x02 -> ClkIO/8 -> 500ns period, 32ms max
	// 0X03 -> ClkIO/64 -> 4us period, 256ms max
	// 0x04 -> ClkIO/256 -> 16us period, 1024ms max
	// 0x05 -> ClkIO/1024 -> 64us period, 4096ms max
	// Set up Timer 1 as timekeeper for LED flashing
	TCCR1B = _BV(CS12) | _BV(CS10); // Same thing as TCCR1B = 0x05;
   1f170:	85 e0       	ldi	r24, 0x05	; 5
   1f172:	80 93 81 00 	sts	0x0081, r24

	/* Write version information in the EEPROM */
	if(eeprom_read_byte(EEPROM_MAJVER) != ARIADNE_MAJVER)
   1f176:	80 e0       	ldi	r24, 0x00	; 0
   1f178:	90 e0       	ldi	r25, 0x00	; 0
   1f17a:	e4 d5       	rcall	.+3016   	; 0x1fd44 <__eerd_byte_m1284p>
   1f17c:	88 23       	and	r24, r24
   1f17e:	21 f0       	breq	.+8      	; 0x1f188 <main+0x3e>
   1f180:	80 e0       	ldi	r24, 0x00	; 0
		eeprom_write_byte(EEPROM_MAJVER, ARIADNE_MAJVER);
   1f182:	90 e0       	ldi	r25, 0x00	; 0
   1f184:	60 e0       	ldi	r22, 0x00	; 0
   1f186:	e6 d5       	rcall	.+3020   	; 0x1fd54 <__eewr_byte_m1284p>
   1f188:	81 e0       	ldi	r24, 0x01	; 1
   1f18a:	90 e0       	ldi	r25, 0x00	; 0
	if(eeprom_read_byte(EEPROM_MINVER) != ARIADNE_MINVER)
   1f18c:	db d5       	rcall	.+2998   	; 0x1fd44 <__eerd_byte_m1284p>
   1f18e:	84 30       	cpi	r24, 0x04	; 4
   1f190:	21 f0       	breq	.+8      	; 0x1f19a <main+0x50>
   1f192:	81 e0       	ldi	r24, 0x01	; 1
   1f194:	90 e0       	ldi	r25, 0x00	; 0
   1f196:	64 e0       	ldi	r22, 0x04	; 4
		eeprom_write_byte(EEPROM_MINVER, ARIADNE_MINVER);
   1f198:	dd d5       	rcall	.+3002   	; 0x1fd54 <__eewr_byte_m1284p>
   1f19a:	38 d4       	rcall	.+2160   	; 0x1fa0c <serialInit>
   1f19c:	86 ec       	ldi	r24, 0xC6	; 198
   1f19e:	90 ef       	ldi	r25, 0xF0	; 240
   1f1a0:	6b e9       	ldi	r22, 0x9B	; 155

	/* Initialize UART communication */
	serialInit();
   1f1a2:	70 ef       	ldi	r23, 0xF0	; 240
   1f1a4:	d9 d3       	rcall	.+1970   	; 0x1f958 <tracePGMln>
	DBG_MAIN(tracePGMlnMain(mDebugMain_TITLE);)
   1f1a6:	9c d0       	rcall	.+312    	; 0x1f2e0 <spiInit>
   1f1a8:	a4 d0       	rcall	.+328    	; 0x1f2f2 <netInit>
   1f1aa:	9e d2       	rcall	.+1340   	; 0x1f6e8 <tftpInit>
   1f1ac:	10 92 2d 01 	sts	0x012D, r1
   1f1b0:	10 92 2e 01 	sts	0x012E, r1
		buttonInit();
	)

	/* Initalize SPI communication */
	DBG_MAIN_EX(tracePGMlnMain(mDebugMain_SPI);)
	spiInit();
   1f1b4:	c3 e0       	ldi	r28, 0x03	; 3
	/* Initialize networking */
	DBG_MAIN_EX(tracePGMlnMain(mDebugMain_NET);)
	netInit();
   1f1b6:	cc 24       	eor	r12, r12
   1f1b8:	dd 24       	eor	r13, r13

	/* Initialize the UDP socket for tftp */
	DBG_MAIN_EX(tracePGMlnMain(mDebugMain_TFTP);)
	tftpInit();
   1f1ba:	76 01       	movw	r14, r12
   1f1bc:	80 91 2d 01 	lds	r24, 0x012D
#if defined(ANNOUNCE)
	DBG_MAIN_EX(tracePGMlnMain(mDebugMain_ANN);)
	announceInit();
#endif

	serialFlashing = FALSE;
   1f1c0:	88 23       	and	r24, r24
	tftpFlashing = FALSE;
   1f1c2:	19 f4       	brne	.+6      	; 0x1f1ca <main+0x80>
   1f1c4:	b4 d2       	rcall	.+1384   	; 0x1f72e <tftpPoll>
			if(eeprom_read_byte(EEPROM_IMG_STAT) == EEPROM_IMG_OK_VALUE) break;

			//TODO: determine the conditions for reseting server OR reseting socket
			if(tftpFlashing == TRUE) {
				// Delete first page of flash memory
				boot_page_erase(0);
   1f1c6:	88 23       	and	r24, r24
   1f1c8:	f9 f0       	breq	.+62     	; 0x1f208 <main+0xbe>
   1f1ca:	80 91 2e 01 	lds	r24, 0x012E
	serialFlashing = FALSE;
	tftpFlashing = FALSE;

	for(;;) {
		// If there is no serial flashing under way, poll tftp
		if(!serialFlashing)
   1f1ce:	88 23       	and	r24, r24
   1f1d0:	19 f4       	brne	.+6      	; 0x1f1d8 <main+0x8e>
   1f1d2:	42 d4       	rcall	.+2180   	; 0x1fa58 <serialPoll>
   1f1d4:	88 23       	and	r24, r24
			// If tftp recieved a FINAL_ACK, break
			if(tftpPoll() == 0)
   1f1d6:	c1 f0       	breq	.+48     	; 0x1f208 <main+0xbe>
   1f1d8:	74 d4       	rcall	.+2280   	; 0x1fac2 <timedOut>
   1f1da:	88 23       	and	r24, r24
   1f1dc:	99 f0       	breq	.+38     	; 0x1f204 <main+0xba>
				break;

		// If there is no tftp flashing, poll serial
		if(!tftpFlashing)
   1f1de:	82 e0       	ldi	r24, 0x02	; 2
   1f1e0:	90 e0       	ldi	r25, 0x00	; 0
   1f1e2:	b0 d5       	rcall	.+2912   	; 0x1fd44 <__eerd_byte_m1284p>
   1f1e4:	8e 3e       	cpi	r24, 0xEE	; 238
			// If flashing is done exit
			if(serialPoll() == 0)
   1f1e6:	81 f0       	breq	.+32     	; 0x1f208 <main+0xbe>
   1f1e8:	80 91 2e 01 	lds	r24, 0x012E
   1f1ec:	81 30       	cpi	r24, 0x01	; 1
		/* As explained above this goes out */
#if defined(ANNOUNCE)
		announcePoll();
#endif

		if(timedOut()) {
   1f1ee:	51 f4       	brne	.+20     	; 0x1f204 <main+0xba>
   1f1f0:	f6 01       	movw	r30, r12
   1f1f2:	e0 92 5b 00 	sts	0x005B, r14
			if(eeprom_read_byte(EEPROM_IMG_STAT) == EEPROM_IMG_OK_VALUE) break;
   1f1f6:	c0 93 57 00 	sts	0x0057, r28
   1f1fa:	e8 95       	spm
   1f1fc:	75 d2       	rcall	.+1258   	; 0x1f6e8 <tftpInit>
   1f1fe:	58 d4       	rcall	.+2224   	; 0x1fab0 <resetTick>
   1f200:	10 92 2e 01 	sts	0x012E, r1

			//TODO: determine the conditions for reseting server OR reseting socket
			if(tftpFlashing == TRUE) {
   1f204:	34 d4       	rcall	.+2152   	; 0x1fa6e <updateLed>
   1f206:	da cf       	rjmp	.-76     	; 0x1f1bc <main+0x72>
   1f208:	86 ec       	ldi	r24, 0xC6	; 198
				// Delete first page of flash memory
				boot_page_erase(0);
   1f20a:	90 ef       	ldi	r25, 0xF0	; 240
   1f20c:	6c e8       	ldi	r22, 0x8C	; 140
   1f20e:	70 ef       	ldi	r23, 0xF0	; 240
   1f210:	a3 d3       	rcall	.+1862   	; 0x1f958 <tracePGMln>
   1f212:	ee 27       	eor	r30, r30
   1f214:	ff 27       	eor	r31, r31
				// Reinitialize TFTP
				tftpInit();
   1f216:	09 94       	ijmp
   1f218:	80 e0       	ldi	r24, 0x00	; 0
				// Reset the timeout counter
				resetTick();
   1f21a:	90 e0       	ldi	r25, 0x00	; 0

0001f21c <__bad_interrupt>:
   1f21c:	f1 ce       	rjmp	.-542    	; 0x1f000 <__vectors>

0001f21e <spiWriteReg>:
		tracenum(address);
		tracePGM(mDebugSpi_COMMA);
		tracenum(value);
	)

	SPCR = _BV(SPE) | _BV(MSTR); // Set SPI as master
   1f21e:	20 e5       	ldi	r18, 0x50	; 80
   1f220:	2c bd       	out	0x2c, r18	; 44
	SS_LOW();
   1f222:	2c 98       	cbi	0x05, 4	; 5
	SPDR = cb;  //Socket 3 BSB Write 0x6D Selects Socket 3 Register, write mode, 1 byte data length
	while(!(SPSR & _BV(SPIF)));

#else //Standard W5100 Code

	SPDR = SPI_WRITE;
   1f224:	20 ef       	ldi	r18, 0xF0	; 240
   1f226:	2e bd       	out	0x2e, r18	; 46
	while(!(SPSR & _BV(SPIF)));
   1f228:	0d b4       	in	r0, 0x2d	; 45
   1f22a:	07 fe       	sbrs	r0, 7
   1f22c:	fd cf       	rjmp	.-6      	; 0x1f228 <spiWriteReg+0xa>

	SPDR = address >> 8;
   1f22e:	29 2f       	mov	r18, r25
   1f230:	33 27       	eor	r19, r19
   1f232:	2e bd       	out	0x2e, r18	; 46
	while(!(SPSR & _BV(SPIF)));
   1f234:	0d b4       	in	r0, 0x2d	; 45
   1f236:	07 fe       	sbrs	r0, 7
   1f238:	fd cf       	rjmp	.-6      	; 0x1f234 <spiWriteReg+0x16>

	SPDR = address & 0xff;
   1f23a:	8e bd       	out	0x2e, r24	; 46
	while(!(SPSR & _BV(SPIF)));
   1f23c:	0d b4       	in	r0, 0x2d	; 45
   1f23e:	07 fe       	sbrs	r0, 7
   1f240:	fd cf       	rjmp	.-6      	; 0x1f23c <spiWriteReg+0x1e>

#endif

	SPDR = value;
   1f242:	4e bd       	out	0x2e, r20	; 46
	while(!(SPSR & _BV(SPIF)));
   1f244:	0d b4       	in	r0, 0x2d	; 45
   1f246:	07 fe       	sbrs	r0, 7
   1f248:	fd cf       	rjmp	.-6      	; 0x1f244 <spiWriteReg+0x26>

	SS_HIGH();
   1f24a:	2c 9a       	sbi	0x05, 4	; 5
	cb = 0; //prevents compiler whining about unused cb variable
	SPCR = cb; // Turn off SPI	
   1f24c:	1c bc       	out	0x2c, r1	; 44

}
   1f24e:	08 95       	ret

0001f250 <spiWriteWord>:

void spiWriteWord(uint16_t address, uint8_t cb, uint16_t value)
{
   1f250:	ef 92       	push	r14
   1f252:	ff 92       	push	r15
   1f254:	1f 93       	push	r17
   1f256:	cf 93       	push	r28
   1f258:	df 93       	push	r29
   1f25a:	ec 01       	movw	r28, r24
   1f25c:	16 2f       	mov	r17, r22
   1f25e:	7a 01       	movw	r14, r20
	// Write uint16_t to Ethernet controller
	spiWriteReg(address++, cb, value >> 8);
   1f260:	45 2f       	mov	r20, r21
   1f262:	55 27       	eor	r21, r21
   1f264:	dc df       	rcall	.-72     	; 0x1f21e <spiWriteReg>
   1f266:	ce 01       	movw	r24, r28
	spiWriteReg(address, cb, value & 0xff);
   1f268:	01 96       	adiw	r24, 0x01	; 1
   1f26a:	61 2f       	mov	r22, r17
   1f26c:	4e 2d       	mov	r20, r14
   1f26e:	d7 df       	rcall	.-82     	; 0x1f21e <spiWriteReg>
   1f270:	df 91       	pop	r29
   1f272:	cf 91       	pop	r28
}
   1f274:	1f 91       	pop	r17
   1f276:	ff 90       	pop	r15
   1f278:	ef 90       	pop	r14
   1f27a:	08 95       	ret

0001f27c <spiReadReg>:
   1f27c:	20 e5       	ldi	r18, 0x50	; 80
   1f27e:	2c bd       	out	0x2c, r18	; 44
	)
	#endif

	uint8_t returnValue;

	SPCR = _BV(SPE) | _BV(MSTR);
   1f280:	2c 98       	cbi	0x05, 4	; 5
   1f282:	2f e0       	ldi	r18, 0x0F	; 15
	SS_LOW();
   1f284:	2e bd       	out	0x2e, r18	; 46
	SPDR = cb;  //Socket 3 BSB Read 0x69 Selects Socket 3 Register, read mode, 1 byte data length
	while(!(SPSR & _BV(SPIF)));

#else //Standard W5100 Code

	SPDR = SPI_READ;
   1f286:	0d b4       	in	r0, 0x2d	; 45
   1f288:	07 fe       	sbrs	r0, 7
	while(!(SPSR & _BV(SPIF)));
   1f28a:	fd cf       	rjmp	.-6      	; 0x1f286 <spiReadReg+0xa>
   1f28c:	29 2f       	mov	r18, r25
   1f28e:	33 27       	eor	r19, r19

	SPDR = address >> 8;
   1f290:	2e bd       	out	0x2e, r18	; 46
   1f292:	0d b4       	in	r0, 0x2d	; 45
   1f294:	07 fe       	sbrs	r0, 7
	while(!(SPSR & _BV(SPIF)));
   1f296:	fd cf       	rjmp	.-6      	; 0x1f292 <spiReadReg+0x16>
   1f298:	8e bd       	out	0x2e, r24	; 46
   1f29a:	0d b4       	in	r0, 0x2d	; 45

	SPDR = address & 0xff;
   1f29c:	07 fe       	sbrs	r0, 7
	while(!(SPSR & _BV(SPIF)));
   1f29e:	fd cf       	rjmp	.-6      	; 0x1f29a <spiReadReg+0x1e>
   1f2a0:	1e bc       	out	0x2e, r1	; 46
   1f2a2:	0d b4       	in	r0, 0x2d	; 45

#endif

	SPDR = 0;
   1f2a4:	07 fe       	sbrs	r0, 7
	while(!(SPSR & _BV(SPIF)));
   1f2a6:	fd cf       	rjmp	.-6      	; 0x1f2a2 <spiReadReg+0x26>
   1f2a8:	2c 9a       	sbi	0x05, 4	; 5
   1f2aa:	8e b5       	in	r24, 0x2e	; 46

	SS_HIGH();
   1f2ac:	1c bc       	out	0x2c, r1	; 44
	returnValue = SPDR;
   1f2ae:	08 95       	ret

0001f2b0 <spiReadWord>:

	cb = 0; //prevents compiler whining about unused cb variable
	SPCR = cb; // Turn off SPI
   1f2b0:	0f 93       	push	r16

	return(returnValue);
}
   1f2b2:	1f 93       	push	r17

uint16_t spiReadWord(uint16_t address, uint8_t cb)
{
   1f2b4:	cf 93       	push	r28
   1f2b6:	df 93       	push	r29
   1f2b8:	ec 01       	movw	r28, r24
   1f2ba:	16 2f       	mov	r17, r22
   1f2bc:	df df       	rcall	.-66     	; 0x1f27c <spiReadReg>
   1f2be:	08 2f       	mov	r16, r24
	// Read uint16_t from Ethernet controller
	return((spiReadReg(address, cb) << 8) | spiReadReg(address + 1, cb));
   1f2c0:	ce 01       	movw	r24, r28
   1f2c2:	01 96       	adiw	r24, 0x01	; 1
   1f2c4:	61 2f       	mov	r22, r17
   1f2c6:	da df       	rcall	.-76     	; 0x1f27c <spiReadReg>
   1f2c8:	20 2f       	mov	r18, r16
   1f2ca:	30 e0       	ldi	r19, 0x00	; 0
   1f2cc:	32 2f       	mov	r19, r18
   1f2ce:	22 27       	eor	r18, r18
   1f2d0:	90 e0       	ldi	r25, 0x00	; 0
   1f2d2:	82 2b       	or	r24, r18
   1f2d4:	93 2b       	or	r25, r19
   1f2d6:	df 91       	pop	r29
   1f2d8:	cf 91       	pop	r28
}
   1f2da:	1f 91       	pop	r17
   1f2dc:	0f 91       	pop	r16
   1f2de:	08 95       	ret

0001f2e0 <spiInit>:
   1f2e0:	80 ef       	ldi	r24, 0xF0	; 240
   1f2e2:	85 b9       	out	0x05, r24	; 5
   1f2e4:	80 eb       	ldi	r24, 0xB0	; 176
   1f2e6:	84 b9       	out	0x04, r24	; 4
	 * At this stage all pins are set to HIGH. This in fact DISABLES SPI for both Ethernet and SD.
	 * SS pin for ethernet is pulled low just in time for reading or writing data inside those
	 * functions. */

	/** Set SPI pins high */
	SPI_PORT = _BV(SCK) | _BV(MISO) | _BV(MOSI) | _BV(SS);
   1f2e8:	47 9a       	sbi	0x08, 7	; 8
   1f2ea:	3f 9a       	sbi	0x07, 7	; 7
	/** Set SPI pins as output */
	SPI_DDR = _BV(SCK) | _BV(MOSI) | _BV(SS);
   1f2ec:	81 e0       	ldi	r24, 0x01	; 1
   1f2ee:	8d bd       	out	0x2d, r24	; 45
	ETH_DDR |= _BV(ETH_SS);
	#endif

	/** Disable SD card */
	/** Set SD SS pin high */
	SD_PORT |= _BV(SD_SS);
   1f2f0:	08 95       	ret

0001f2f2 <netInit>:
	0x55          // TMSR Tx Memory Size Register, 2K per socket
};


void netInit(void)
{
   1f2f2:	0f 93       	push	r16
   1f2f4:	1f 93       	push	r17
   1f2f6:	cf 93       	push	r28
   1f2f8:	df 93       	push	r29
	uint8_t i;

	/* Pull in altered network settings, if available,
	 * from AVR EEPROM (if signature bytes are set) */
	if((eeprom_read_byte(EEPROM_SIG_1) == EEPROM_SIG_1_VALUE)
   1f2fa:	83 e0       	ldi	r24, 0x03	; 3
   1f2fc:	90 e0       	ldi	r25, 0x00	; 0
   1f2fe:	22 d5       	rcall	.+2628   	; 0x1fd44 <__eerd_byte_m1284p>
   1f300:	85 35       	cpi	r24, 0x55	; 85
   1f302:	91 f4       	brne	.+36     	; 0x1f328 <netInit+0x36>
   1f304:	84 e0       	ldi	r24, 0x04	; 4
		&& (eeprom_read_byte(EEPROM_SIG_2) == EEPROM_SIG_2_VALUE)) {
   1f306:	90 e0       	ldi	r25, 0x00	; 0
   1f308:	1d d5       	rcall	.+2618   	; 0x1fd44 <__eerd_byte_m1284p>
   1f30a:	8a 3a       	cpi	r24, 0xAA	; 170
   1f30c:	69 f4       	brne	.+26     	; 0x1f328 <netInit+0x36>
   1f30e:	01 e0       	ldi	r16, 0x01	; 1
   1f310:	11 e0       	ldi	r17, 0x01	; 1
   1f312:	c5 e0       	ldi	r28, 0x05	; 5
   1f314:	d0 e0       	ldi	r29, 0x00	; 0
   1f316:	ce 01       	movw	r24, r28
   1f318:	15 d5       	rcall	.+2602   	; 0x1fd44 <__eerd_byte_m1284p>

		for(i = 0; i < EEPROM_SETTINGS_SIZE; i++)
			registerBuffer[i + 1] = eeprom_read_byte(EEPROM_DATA + i);
   1f31a:	f8 01       	movw	r30, r16
   1f31c:	81 93       	st	Z+, r24
   1f31e:	8f 01       	movw	r16, r30
   1f320:	21 96       	adiw	r28, 0x01	; 1
   1f322:	c7 31       	cpi	r28, 0x17	; 23
   1f324:	d1 05       	cpc	r29, r1
   1f326:	b9 f7       	brne	.-18     	; 0x1f316 <netInit+0x24>
	/* Pull in altered network settings, if available,
	 * from AVR EEPROM (if signature bytes are set) */
	if((eeprom_read_byte(EEPROM_SIG_1) == EEPROM_SIG_1_VALUE)
		&& (eeprom_read_byte(EEPROM_SIG_2) == EEPROM_SIG_2_VALUE)) {

		for(i = 0; i < EEPROM_SETTINGS_SIZE; i++)
   1f328:	00 e0       	ldi	r16, 0x00	; 0
   1f32a:	11 e0       	ldi	r17, 0x01	; 1
   1f32c:	c0 e0       	ldi	r28, 0x00	; 0
   1f32e:	d0 e0       	ldi	r29, 0x00	; 0
   1f330:	f8 01       	movw	r30, r16
	uint8_t i;

	/* Pull in altered network settings, if available,
	 * from AVR EEPROM (if signature bytes are set) */
	if((eeprom_read_byte(EEPROM_SIG_1) == EEPROM_SIG_1_VALUE)
		&& (eeprom_read_byte(EEPROM_SIG_2) == EEPROM_SIG_2_VALUE)) {
   1f332:	41 91       	ld	r20, Z+
   1f334:	8f 01       	movw	r16, r30
		}
	)

	/** Configure Wiznet chip. Network settings */
	for(i = 0; i < REGISTER_BLOCK_SIZE; i++)
		spiWriteReg(i, 0, registerBuffer[i]);
   1f336:	ce 01       	movw	r24, r28
   1f338:	60 e0       	ldi	r22, 0x00	; 0
   1f33a:	71 df       	rcall	.-286    	; 0x1f21e <spiWriteReg>
   1f33c:	21 96       	adiw	r28, 0x01	; 1
   1f33e:	cc 31       	cpi	r28, 0x1C	; 28
   1f340:	d1 05       	cpc	r29, r1
   1f342:	b1 f7       	brne	.-20     	; 0x1f330 <netInit+0x3e>
   1f344:	df 91       	pop	r29
			if(i != 14) putch(0x2E);
		}
	)

	/** Configure Wiznet chip. Network settings */
	for(i = 0; i < REGISTER_BLOCK_SIZE; i++)
   1f346:	cf 91       	pop	r28
   1f348:	1f 91       	pop	r17
   1f34a:	0f 91       	pop	r16
		spiWriteReg(i, 0, registerBuffer[i]);

	DBG_NET(tracePGMlnNet(mDebugNet_DONE);)
}
   1f34c:	08 95       	ret

0001f34e <sockInit>:

uint16_t lastPacket = 0, highPacket = 0;


static void sockInit(uint16_t port)
{
   1f34e:	cf 93       	push	r28
   1f350:	df 93       	push	r29
   1f352:	ec 01       	movw	r28, r24
	DBG_TFTP(
		tracePGMlnTftp(mDebugTftp_SOCK);
		tracenum(port);
	)

	spiWriteReg(REG_S3_CR, S3_W_CB, CR_CLOSE);
   1f354:	81 e0       	ldi	r24, 0x01	; 1
   1f356:	97 e0       	ldi	r25, 0x07	; 7
   1f358:	6c e6       	ldi	r22, 0x6C	; 108
   1f35a:	40 e1       	ldi	r20, 0x10	; 16
   1f35c:	60 df       	rcall	.-320    	; 0x1f21e <spiWriteReg>
   1f35e:	81 e0       	ldi	r24, 0x01	; 1
    while(spiReadReg(REG_S3_CR, S3_R_CB)) {
   1f360:	97 e0       	ldi	r25, 0x07	; 7
   1f362:	68 e6       	ldi	r22, 0x68	; 104
   1f364:	8b df       	rcall	.-234    	; 0x1f27c <spiReadReg>
   1f366:	88 23       	and	r24, r24
   1f368:	d1 f7       	brne	.-12     	; 0x1f35e <sockInit+0x10>
   1f36a:	82 e0       	ldi	r24, 0x02	; 2
   1f36c:	97 e0       	ldi	r25, 0x07	; 7
		//wait for command to complete	
	}  
        
	do {
        // Write interrupt
		spiWriteReg(REG_S3_IR, S3_W_CB, 0xFF);
   1f36e:	6c e6       	ldi	r22, 0x6C	; 108
   1f370:	4f ef       	ldi	r20, 0xFF	; 255
   1f372:	55 df       	rcall	.-342    	; 0x1f21e <spiWriteReg>
   1f374:	80 e0       	ldi	r24, 0x00	; 0
   1f376:	97 e0       	ldi	r25, 0x07	; 7
   1f378:	6c e6       	ldi	r22, 0x6C	; 108
		// Write mode
		spiWriteReg(REG_S3_MR, S3_W_CB, MR_UDP);
   1f37a:	42 e0       	ldi	r20, 0x02	; 2
   1f37c:	50 df       	rcall	.-352    	; 0x1f21e <spiWriteReg>
   1f37e:	84 e0       	ldi	r24, 0x04	; 4
   1f380:	97 e0       	ldi	r25, 0x07	; 7
   1f382:	6c e6       	ldi	r22, 0x6C	; 108
   1f384:	ae 01       	movw	r20, r28
		// Write TFTP Port
		spiWriteWord(REG_S3_PORT0, S3_W_CB, port);
   1f386:	64 df       	rcall	.-312    	; 0x1f250 <spiWriteWord>
   1f388:	81 e0       	ldi	r24, 0x01	; 1
   1f38a:	97 e0       	ldi	r25, 0x07	; 7
   1f38c:	6c e6       	ldi	r22, 0x6C	; 108
   1f38e:	41 e0       	ldi	r20, 0x01	; 1
   1f390:	46 df       	rcall	.-372    	; 0x1f21e <spiWriteReg>
		// Open Socket
		spiWriteReg(REG_S3_CR, S3_W_CB, CR_OPEN);
   1f392:	81 e0       	ldi	r24, 0x01	; 1
   1f394:	97 e0       	ldi	r25, 0x07	; 7
   1f396:	68 e6       	ldi	r22, 0x68	; 104
   1f398:	71 df       	rcall	.-286    	; 0x1f27c <spiReadReg>
   1f39a:	88 23       	and	r24, r24
   1f39c:	d1 f7       	brne	.-12     	; 0x1f392 <sockInit+0x44>
		while(spiReadReg(REG_S3_CR, S3_R_CB)) {
   1f39e:	83 e0       	ldi	r24, 0x03	; 3
   1f3a0:	97 e0       	ldi	r25, 0x07	; 7
   1f3a2:	68 e6       	ldi	r22, 0x68	; 104
   1f3a4:	6b df       	rcall	.-298    	; 0x1f27c <spiReadReg>
   1f3a6:	82 32       	cpi	r24, 0x22	; 34
   1f3a8:	29 f0       	breq	.+10     	; 0x1f3b4 <sockInit+0x66>
   1f3aa:	81 e0       	ldi	r24, 0x01	; 1
			//wait for command to complete	
 		} 
		// Read Status
		if(spiReadReg(REG_S3_SR, S3_R_CB) != SOCK_UDP)
   1f3ac:	97 e0       	ldi	r25, 0x07	; 7
   1f3ae:	6c e6       	ldi	r22, 0x6C	; 108
   1f3b0:	40 e1       	ldi	r20, 0x10	; 16
   1f3b2:	35 df       	rcall	.-406    	; 0x1f21e <spiWriteReg>
   1f3b4:	83 e0       	ldi	r24, 0x03	; 3
   1f3b6:	97 e0       	ldi	r25, 0x07	; 7
   1f3b8:	68 e6       	ldi	r22, 0x68	; 104
			// Close Socket if it wasn't initialized correctly
			spiWriteReg(REG_S3_CR, S3_W_CB, CR_CLOSE);
   1f3ba:	60 df       	rcall	.-320    	; 0x1f27c <spiReadReg>
   1f3bc:	82 32       	cpi	r24, 0x22	; 34
   1f3be:	a9 f6       	brne	.-86     	; 0x1f36a <sockInit+0x1c>
   1f3c0:	df 91       	pop	r29
   1f3c2:	cf 91       	pop	r28
   1f3c4:	08 95       	ret

0001f3c6 <processPacket>:

		// If socket correctly opened continue
	} while(spiReadReg(REG_S3_SR, S3_R_CB) != SOCK_UDP);
   1f3c6:	2f 92       	push	r2
   1f3c8:	3f 92       	push	r3
   1f3ca:	4f 92       	push	r4
   1f3cc:	5f 92       	push	r5
   1f3ce:	6f 92       	push	r6
   1f3d0:	7f 92       	push	r7
   1f3d2:	8f 92       	push	r8
}
   1f3d4:	9f 92       	push	r9
   1f3d6:	af 92       	push	r10
   1f3d8:	bf 92       	push	r11
#if (DEBUG_TFTP > 0)
static uint8_t processPacket(uint16_t packetSize)
#else
static uint8_t processPacket(void)
#endif
{
   1f3da:	cf 92       	push	r12
   1f3dc:	df 92       	push	r13
   1f3de:	ef 92       	push	r14
   1f3e0:	ff 92       	push	r15
   1f3e2:	0f 93       	push	r16
   1f3e4:	1f 93       	push	r17
   1f3e6:	cf 93       	push	r28
   1f3e8:	df 93       	push	r29
   1f3ea:	cd b7       	in	r28, 0x3d	; 61
   1f3ec:	de b7       	in	r29, 0x3e	; 62
   1f3ee:	cc 50       	subi	r28, 0x0C	; 12
   1f3f0:	d2 40       	sbci	r29, 0x02	; 2
   1f3f2:	de bf       	out	0x3e, r29	; 62
   1f3f4:	cd bf       	out	0x3d, r28	; 61
   1f3f6:	88 e2       	ldi	r24, 0x28	; 40
   1f3f8:	97 e0       	ldi	r25, 0x07	; 7
   1f3fa:	68 e6       	ldi	r22, 0x68	; 104
   1f3fc:	59 df       	rcall	.-334    	; 0x1f2b0 <spiReadWord>
   1f3fe:	ac 01       	movw	r20, r24
   1f400:	00 97       	sbiw	r24, 0x00	; 0
   1f402:	11 f4       	brne	.+4      	; 0x1f408 <processPacket+0x42>
   1f404:	40 e0       	ldi	r20, 0x00	; 0
   1f406:	58 e7       	ldi	r21, 0x78	; 120
   1f408:	fd e0       	ldi	r31, 0x0D	; 13

		DBG_BTN(button();)
	)

	// Read data from chip to buffer
	readPointer = spiReadWord(REG_S3_RX_RD0, S3_R_CB);
   1f40a:	cf 2e       	mov	r12, r31
   1f40c:	f2 e0       	ldi	r31, 0x02	; 2
   1f40e:	df 2e       	mov	r13, r31
   1f410:	cc 0e       	add	r12, r28
   1f412:	dd 1e       	adc	r13, r29
   1f414:	7e 01       	movw	r14, r28

	//W5500 auto increments the readpointer by memory mapping a 16bit addr

#else

	if(readPointer == 0) readPointer += S3_RX_START;
   1f416:	08 94       	sec
   1f418:	e1 1c       	adc	r14, r1
   1f41a:	f1 1c       	adc	r15, r1
   1f41c:	10 c0       	rjmp	.+32     	; 0x1f43e <processPacket+0x78>


#if (DEBUG_TFTP > 0)
static uint8_t processPacket(uint16_t packetSize)
#else
static uint8_t processPacket(void)
   1f41e:	8a 01       	movw	r16, r20
   1f420:	0f 5f       	subi	r16, 0xFF	; 255
   1f422:	1f 4f       	sbci	r17, 0xFF	; 255
   1f424:	ca 01       	movw	r24, r20
   1f426:	60 e0       	ldi	r22, 0x00	; 0
   1f428:	29 df       	rcall	.-430    	; 0x1f27c <spiReadReg>
   1f42a:	d7 01       	movw	r26, r14
   1f42c:	8d 93       	st	X+, r24
   1f42e:	7d 01       	movw	r14, r26
   1f430:	b0 e8       	ldi	r27, 0x80	; 128
   1f432:	00 30       	cpi	r16, 0x00	; 0

		//W5500 auto increments the readpointer by memory mapping a 16bit addr
		//Use uint16_t overflow from 0xFFFF to 0x10000 to follow W5500 internal pointer
#else

		*bufPtr++ = spiReadReg(readPointer++, 0);
   1f434:	1b 07       	cpc	r17, r27
   1f436:	11 f4       	brne	.+4      	; 0x1f43c <processPacket+0x76>
   1f438:	00 e0       	ldi	r16, 0x00	; 0
   1f43a:	18 e7       	ldi	r17, 0x78	; 120
   1f43c:	a8 01       	movw	r20, r16
   1f43e:	ec 14       	cp	r14, r12
   1f440:	fd 04       	cpc	r15, r13
   1f442:	69 f7       	brne	.-38     	; 0x1f41e <processPacket+0x58>
   1f444:	88 e2       	ldi	r24, 0x28	; 40
   1f446:	97 e0       	ldi	r25, 0x07	; 7

		if(readPointer == S3_RX_END) readPointer = S3_RX_START;
   1f448:	6c e6       	ldi	r22, 0x6C	; 108
   1f44a:	02 df       	rcall	.-508    	; 0x1f250 <spiWriteWord>
   1f44c:	81 e0       	ldi	r24, 0x01	; 1
   1f44e:	97 e0       	ldi	r25, 0x07	; 7
   1f450:	6c e6       	ldi	r22, 0x6C	; 108
   1f452:	40 e4       	ldi	r20, 0x40	; 64


#if (DEBUG_TFTP > 0)
static uint8_t processPacket(uint16_t packetSize)
#else
static uint8_t processPacket(void)
   1f454:	e4 de       	rcall	.-568    	; 0x1f21e <spiWriteReg>

	if(readPointer == 0) readPointer += S3_RX_START;

#endif

	for(count = TFTP_PACKET_MAX_SIZE; count--;) {
   1f456:	81 e0       	ldi	r24, 0x01	; 1
   1f458:	97 e0       	ldi	r25, 0x07	; 7
   1f45a:	68 e6       	ldi	r22, 0x68	; 104

#endif

	}

	spiWriteWord(REG_S3_RX_RD0, S3_W_CB, readPointer);     // Write back new pointer
   1f45c:	0f df       	rcall	.-482    	; 0x1f27c <spiReadReg>
   1f45e:	88 23       	and	r24, r24
   1f460:	d1 f7       	brne	.-12     	; 0x1f456 <processPacket+0x90>
   1f462:	8e 01       	movw	r16, r28
   1f464:	0f 5f       	subi	r16, 0xFF	; 255
	spiWriteReg(REG_S3_CR, S3_W_CB, CR_RECV);
   1f466:	1f 4f       	sbci	r17, 0xFF	; 255
   1f468:	ec e0       	ldi	r30, 0x0C	; 12
   1f46a:	ee 2e       	mov	r14, r30
   1f46c:	e7 e0       	ldi	r30, 0x07	; 7
   1f46e:	fe 2e       	mov	r15, r30
   1f470:	f8 01       	movw	r30, r16

	while(spiReadReg(REG_S3_CR, S3_R_CB));
   1f472:	41 91       	ld	r20, Z+
   1f474:	8f 01       	movw	r16, r30
   1f476:	c7 01       	movw	r24, r14
   1f478:	6c e6       	ldi	r22, 0x6C	; 108
   1f47a:	d1 de       	rcall	.-606    	; 0x1f21e <spiWriteReg>
   1f47c:	08 94       	sec
   1f47e:	e1 1c       	adc	r14, r1
   1f480:	f1 1c       	adc	r15, r1
   1f482:	f2 e1       	ldi	r31, 0x12	; 18
   1f484:	ef 16       	cp	r14, r31
   1f486:	f7 e0       	ldi	r31, 0x07	; 7
   1f488:	ff 06       	cpc	r15, r31
   1f48a:	91 f7       	brne	.-28     	; 0x1f470 <processPacket+0xaa>
   1f48c:	ef 80       	ldd	r14, Y+7	; 0x07
	)

	// Set up return IP address and port
	uint8_t i;

	for(i = 0; i < 6; i++) spiWriteReg(REG_S3_DIPR0 + i, S3_W_CB, buffer[i]);
   1f48e:	ff 24       	eor	r15, r15
   1f490:	fe 2c       	mov	r15, r14
   1f492:	ee 24       	eor	r14, r14
   1f494:	88 85       	ldd	r24, Y+8	; 0x08
   1f496:	e8 0e       	add	r14, r24
   1f498:	f1 1c       	adc	r15, r1
   1f49a:	89 85       	ldd	r24, Y+9	; 0x09
   1f49c:	90 e0       	ldi	r25, 0x00	; 0
   1f49e:	98 2f       	mov	r25, r24
   1f4a0:	88 27       	eor	r24, r24
   1f4a2:	2a 85       	ldd	r18, Y+10	; 0x0a
   1f4a4:	82 0f       	add	r24, r18
   1f4a6:	91 1d       	adc	r25, r1
   1f4a8:	0b 85       	ldd	r16, Y+11	; 0x0b
   1f4aa:	10 e0       	ldi	r17, 0x00	; 0

	DBG_TFTP(tracePGMlnTftp(mDebugTftp_RADDR);)

	// Parse packet
	uint16_t tftpDataLen = (buffer[6] << 8) + buffer[7];
   1f4ac:	10 2f       	mov	r17, r16
   1f4ae:	00 27       	eor	r16, r16
   1f4b0:	2c 85       	ldd	r18, Y+12	; 0x0c
   1f4b2:	02 0f       	add	r16, r18
   1f4b4:	11 1d       	adc	r17, r1
   1f4b6:	83 30       	cpi	r24, 0x03	; 3
   1f4b8:	91 05       	cpc	r25, r1
	uint16_t tftpOpcode  = (buffer[8] << 8) + buffer[9];
   1f4ba:	89 f4       	brne	.+34     	; 0x1f4de <processPacket+0x118>
   1f4bc:	09 3f       	cpi	r16, 0xF9	; 249
   1f4be:	11 05       	cpc	r17, r1
   1f4c0:	60 f4       	brcc	.+24     	; 0x1f4da <processPacket+0x114>
   1f4c2:	20 91 20 01 	lds	r18, 0x0120
   1f4c6:	30 91 21 01 	lds	r19, 0x0121
	uint16_t tftpBlock   = (buffer[10] << 8) + buffer[11];
   1f4ca:	02 17       	cp	r16, r18
   1f4cc:	13 07       	cpc	r17, r19
   1f4ce:	28 f0       	brcs	.+10     	; 0x1f4da <processPacket+0x114>
   1f4d0:	2f 5f       	subi	r18, 0xFF	; 255
   1f4d2:	3f 4f       	sbci	r19, 0xFF	; 255
   1f4d4:	20 17       	cp	r18, r16
		tracenum(tftpOpcode);
		tracePGM(mDebugTftp_DLEN);
		tracenum(tftpDataLen - (TFTP_OPCODE_SIZE + TFTP_BLOCKNO_SIZE));
	)

	if((tftpOpcode == TFTP_OPCODE_DATA)
   1f4d6:	31 07       	cpc	r19, r17
   1f4d8:	10 f4       	brcc	.+4      	; 0x1f4de <processPacket+0x118>
   1f4da:	80 e0       	ldi	r24, 0x00	; 0
		&& ((tftpBlock > MAX_ADDR / 0x200) || (tftpBlock < highPacket) || (tftpBlock > highPacket + 1)))
   1f4dc:	90 e0       	ldi	r25, 0x00	; 0
   1f4de:	25 e0       	ldi	r18, 0x05	; 5
   1f4e0:	e2 16       	cp	r14, r18
   1f4e2:	22 e0       	ldi	r18, 0x02	; 2
   1f4e4:	f2 06       	cpc	r15, r18
   1f4e6:	08 f0       	brcs	.+2      	; 0x1f4ea <processPacket+0x124>
   1f4e8:	dd c0       	rjmp	.+442    	; 0x1f6a4 <processPacket+0x2de>
   1f4ea:	83 30       	cpi	r24, 0x03	; 3
   1f4ec:	91 05       	cpc	r25, r1
   1f4ee:	29 f1       	breq	.+74     	; 0x1f53a <processPacket+0x174>
   1f4f0:	84 30       	cpi	r24, 0x04	; 4
   1f4f2:	91 05       	cpc	r25, r1
   1f4f4:	48 f4       	brcc	.+18     	; 0x1f508 <processPacket+0x142>
   1f4f6:	81 30       	cpi	r24, 0x01	; 1
   1f4f8:	91 05       	cpc	r25, r1
		tftpOpcode = TFTP_OPCODE_UKN;
   1f4fa:	09 f4       	brne	.+2      	; 0x1f4fe <processPacket+0x138>
   1f4fc:	da c0       	rjmp	.+436    	; 0x1f6b2 <processPacket+0x2ec>

	if(tftpDataLen > (0x200 + TFTP_OPCODE_SIZE + TFTP_BLOCKNO_SIZE))
   1f4fe:	82 30       	cpi	r24, 0x02	; 2
   1f500:	91 05       	cpc	r25, r1
   1f502:	09 f0       	breq	.+2      	; 0x1f506 <processPacket+0x140>
   1f504:	cf c0       	rjmp	.+414    	; 0x1f6a4 <processPacket+0x2de>
   1f506:	05 c0       	rjmp	.+10     	; 0x1f512 <processPacket+0x14c>
   1f508:	86 30       	cpi	r24, 0x06	; 6

	uint8_t returnCode = ERROR_UNKNOWN;
	uint16_t packetLength;


	switch(tftpOpcode) {
   1f50a:	91 05       	cpc	r25, r1
   1f50c:	08 f0       	brcs	.+2      	; 0x1f510 <processPacket+0x14a>
   1f50e:	ca c0       	rjmp	.+404    	; 0x1f6a4 <processPacket+0x2de>
   1f510:	d0 c0       	rjmp	.+416    	; 0x1f6b2 <processPacket+0x2ec>
   1f512:	ce d2       	rcall	.+1436   	; 0x1fab0 <resetTick>
   1f514:	82 e0       	ldi	r24, 0x02	; 2
   1f516:	90 e0       	ldi	r25, 0x00	; 0
   1f518:	6f ef       	ldi	r22, 0xFF	; 255
   1f51a:	1c d4       	rcall	.+2104   	; 0x1fd54 <__eewr_byte_m1284p>
   1f51c:	80 91 2b 01 	lds	r24, 0x012B
   1f520:	90 91 2c 01 	lds	r25, 0x012C
   1f524:	14 df       	rcall	.-472    	; 0x1f34e <sockInit>
   1f526:	10 92 21 01 	sts	0x0121, r1
   1f52a:	10 92 20 01 	sts	0x0120, r1
   1f52e:	10 92 23 01 	sts	0x0123, r1
			DBG_TFTP(tracePGMlnTftp(mDebugTftp_OPRRQ);)
			break;

		case TFTP_OPCODE_WRQ: // Write request
			// Valid WRQ -> reset timer
			resetTick();
   1f532:	10 92 22 01 	sts	0x0122, r1

			DBG_TFTP(tracePGMlnTftp(mDebugTftp_OPWRQ);)

			// Flagging image as invalid since the flashing process has started
			eeprom_write_byte(EEPROM_IMG_STAT, EEPROM_IMG_BAD_VALUE);
   1f536:	02 e0       	ldi	r16, 0x02	; 2
   1f538:	bf c0       	rjmp	.+382    	; 0x1f6b8 <processPacket+0x2f2>
   1f53a:	ba d2       	rcall	.+1396   	; 0x1fab0 <resetTick>
   1f53c:	9c ef       	ldi	r25, 0xFC	; 252
   1f53e:	89 2e       	mov	r8, r25

#if defined(RANDOM_TFTP_DATA_PORT)
			sockInit((buffer[4] << 8) | ~buffer[5]); // Generate a 'random' TID (RFC1350)
#else
			sockInit(tftpTransferPort);
   1f540:	9f ef       	ldi	r25, 0xFF	; 255
   1f542:	99 2e       	mov	r9, r25
   1f544:	8e 0c       	add	r8, r14
   1f546:	9f 1c       	adc	r9, r15
   1f548:	10 93 23 01 	sts	0x0123, r17
#else
				tracenum(tftpTransferPort);
#endif
			)

			lastPacket = highPacket = 0;
   1f54c:	00 93 22 01 	sts	0x0122, r16
   1f550:	01 50       	subi	r16, 0x01	; 1
   1f552:	10 40       	sbci	r17, 0x00	; 0
   1f554:	68 01       	movw	r12, r16
   1f556:	ee 24       	eor	r14, r14
   1f558:	ff 24       	eor	r15, r15
   1f55a:	29 e0       	ldi	r18, 0x09	; 9
			returnCode = ACK; // Send back acknowledge for packet 0
   1f55c:	cc 0c       	add	r12, r12
			break;
   1f55e:	dd 1c       	adc	r13, r13

		case TFTP_OPCODE_DATA:
			// Valid Data Packet -> reset timer
			resetTick();
   1f560:	ee 1c       	adc	r14, r14
   1f562:	ff 1c       	adc	r15, r15

			DBG_TFTP(tracePGMlnTftp(mDebugTftp_OPDATA);)

			packetLength = tftpDataLen - (TFTP_OPCODE_SIZE + TFTP_BLOCKNO_SIZE);
   1f564:	2a 95       	dec	r18
   1f566:	d1 f7       	brne	.-12     	; 0x1f55c <processPacket+0x196>
   1f568:	8f ef       	ldi	r24, 0xFF	; 255
   1f56a:	9f ef       	ldi	r25, 0xFF	; 255
   1f56c:	a0 e0       	ldi	r26, 0x00	; 0
   1f56e:	b0 e0       	ldi	r27, 0x00	; 0
			lastPacket = tftpBlock;
   1f570:	c8 22       	and	r12, r24
   1f572:	d9 22       	and	r13, r25
   1f574:	ea 22       	and	r14, r26
   1f576:	fb 22       	and	r15, r27
#if defined(RAMPZ)
			writeAddr = (((address_t)((tftpBlock - 1)/0x80) << 16) | ((address_t)((tftpBlock - 1)%0x80) << 9));
   1f578:	00 0f       	add	r16, r16
   1f57a:	01 2f       	mov	r16, r17
   1f57c:	00 1f       	adc	r16, r16
   1f57e:	11 0b       	sbc	r17, r17
   1f580:	11 95       	neg	r17
   1f582:	20 e0       	ldi	r18, 0x00	; 0
   1f584:	30 e0       	ldi	r19, 0x00	; 0
   1f586:	98 01       	movw	r18, r16
   1f588:	11 27       	eor	r17, r17
   1f58a:	00 27       	eor	r16, r16
   1f58c:	c0 2a       	or	r12, r16
   1f58e:	d1 2a       	or	r13, r17
   1f590:	e2 2a       	or	r14, r18
   1f592:	f3 2a       	or	r15, r19
   1f594:	c4 01       	movw	r24, r8
   1f596:	a0 e0       	ldi	r26, 0x00	; 0
   1f598:	b0 e0       	ldi	r27, 0x00	; 0
   1f59a:	8c 0d       	add	r24, r12
   1f59c:	9d 1d       	adc	r25, r13
   1f59e:	ae 1d       	adc	r26, r14
   1f5a0:	bf 1d       	adc	r27, r15
   1f5a2:	81 30       	cpi	r24, 0x01	; 1
   1f5a4:	e0 ef       	ldi	r30, 0xF0	; 240
   1f5a6:	9e 07       	cpc	r25, r30
   1f5a8:	e1 e0       	ldi	r30, 0x01	; 1
   1f5aa:	ae 07       	cpc	r26, r30
   1f5ac:	e0 e0       	ldi	r30, 0x00	; 0
   1f5ae:	be 07       	cpc	r27, r30
   1f5b0:	08 f0       	brcs	.+2      	; 0x1f5b4 <processPacket+0x1ee>
   1f5b2:	81 c0       	rjmp	.+258    	; 0x1f6b6 <processPacket+0x2f0>
   1f5b4:	f0 e0       	ldi	r31, 0x00	; 0
   1f5b6:	8f 16       	cp	r8, r31
   1f5b8:	f2 e0       	ldi	r31, 0x02	; 2
   1f5ba:	9f 06       	cpc	r9, r31
#else
			writeAddr = (address_t)((address_t)(tftpBlock - 1) << 9); // Flash write address for this block
#endif

			if((writeAddr + packetLength) > MAX_ADDR) {
   1f5bc:	10 f4       	brcc	.+4      	; 0x1f5c2 <processPacket+0x1fc>
   1f5be:	04 e0       	ldi	r16, 0x04	; 4
   1f5c0:	05 c0       	rjmp	.+10     	; 0x1f5cc <processPacket+0x206>
   1f5c2:	02 e0       	ldi	r16, 0x02	; 2
   1f5c4:	03 c0       	rjmp	.+6      	; 0x1f5cc <processPacket+0x206>
   1f5c6:	08 94       	sec
   1f5c8:	81 1c       	adc	r8, r1
   1f5ca:	91 1c       	adc	r9, r1
   1f5cc:	88 20       	and	r8, r8
   1f5ce:	d9 f7       	brne	.-10     	; 0x1f5c6 <processPacket+0x200>
   1f5d0:	c1 14       	cp	r12, r1
   1f5d2:	d1 04       	cpc	r13, r1
   1f5d4:	e1 04       	cpc	r14, r1
   1f5d6:	f1 04       	cpc	r15, r1
   1f5d8:	19 f4       	brne	.+6      	; 0x1f5e0 <processPacket+0x21a>
   1f5da:	ce 01       	movw	r24, r28
				uint8_t* pageBase = buffer + (UDP_HEADER_SIZE + TFTP_OPCODE_SIZE + TFTP_BLOCKNO_SIZE); // Start of block data
				uint16_t offset = 0; // Block offset


				// Set the return code before packetLength gets rounded up
				if(packetLength < TFTP_DATA_SIZE) returnCode = FINAL_ACK;
   1f5dc:	0d 96       	adiw	r24, 0x0d	; 13
   1f5de:	81 d1       	rcall	.+770    	; 0x1f8e2 <validImage>
   1f5e0:	fe e0       	ldi	r31, 0x0E	; 14
   1f5e2:	af 2e       	mov	r10, r31
   1f5e4:	b1 2c       	mov	r11, r1
   1f5e6:	ac 0e       	add	r10, r28
   1f5e8:	bd 1e       	adc	r11, r29
				else returnCode = ACK;
   1f5ea:	20 e0       	ldi	r18, 0x00	; 0
   1f5ec:	30 e0       	ldi	r19, 0x00	; 0

				// Round up packet length to a full flash sector size
				while(packetLength % SPM_PAGESIZE) packetLength++;
   1f5ee:	11 e0       	ldi	r17, 0x01	; 1
   1f5f0:	41 2c       	mov	r4, r1
   1f5f2:	af ef       	ldi	r26, 0xFF	; 255
   1f5f4:	5a 2e       	mov	r5, r26
   1f5f6:	af ef       	ldi	r26, 0xFF	; 255
				DBG_TFTP(
					tracePGMlnTftp(mDebugTftp_PLEN);
					tracenum(packetLength);
				)

				if(writeAddr == 0) {
   1f5f8:	6a 2e       	mov	r6, r26
   1f5fa:	af ef       	ldi	r26, 0xFF	; 255
   1f5fc:	7a 2e       	mov	r7, r26
   1f5fe:	4c 0c       	add	r4, r12
   1f600:	5d 1c       	adc	r5, r13
					// First sector - validate
					if(!validImage(pageBase)) {
   1f602:	6e 1c       	adc	r6, r14
   1f604:	7f 1c       	adc	r7, r15
   1f606:	b3 e0       	ldi	r27, 0x03	; 3
   1f608:	3b 2e       	mov	r3, r27
   1f60a:	85 e0       	ldi	r24, 0x05	; 5
   1f60c:	28 2e       	mov	r2, r24
   1f60e:	3f c0       	rjmp	.+126    	; 0x1f68e <processPacket+0x2c8>
   1f610:	a9 01       	movw	r20, r18
   1f612:	60 e0       	ldi	r22, 0x00	; 0
					}
				}

				// Flash packets
				uint16_t writeValue;
				for(offset = 0; offset < packetLength;) {
   1f614:	70 e0       	ldi	r23, 0x00	; 0
   1f616:	4c 0d       	add	r20, r12
					writeValue = (pageBase[offset]) | (pageBase[offset + 1] << 8);
					boot_page_fill(writeAddr + offset, writeValue);
   1f618:	5d 1d       	adc	r21, r13
					)

					offset += 2;

					if(offset % SPM_PAGESIZE == 0) {
						boot_page_erase(writeAddr + offset - SPM_PAGESIZE);
   1f61a:	6e 1d       	adc	r22, r14
   1f61c:	7f 1d       	adc	r23, r15
   1f61e:	d5 01       	movw	r26, r10
   1f620:	8c 91       	ld	r24, X
   1f622:	90 e0       	ldi	r25, 0x00	; 0
   1f624:	b8 2f       	mov	r27, r24
   1f626:	aa 27       	eor	r26, r26
   1f628:	f5 01       	movw	r30, r10
   1f62a:	31 97       	sbiw	r30, 0x01	; 1
   1f62c:	80 81       	ld	r24, Z
   1f62e:	90 e0       	ldi	r25, 0x00	; 0
   1f630:	a8 2b       	or	r26, r24
   1f632:	b9 2b       	or	r27, r25
						boot_spm_busy_wait();
						boot_page_write(writeAddr + offset - SPM_PAGESIZE);
   1f634:	0d 01       	movw	r0, r26
   1f636:	fa 01       	movw	r30, r20
					}
				}

				// Flash packets
				uint16_t writeValue;
				for(offset = 0; offset < packetLength;) {
   1f638:	60 93 5b 00 	sts	0x005B, r22
					writeValue = (pageBase[offset]) | (pageBase[offset + 1] << 8);
					boot_page_fill(writeAddr + offset, writeValue);
   1f63c:	10 93 57 00 	sts	0x0057, r17
   1f640:	e8 95       	spm
   1f642:	11 24       	eor	r1, r1
   1f644:	2e 5f       	subi	r18, 0xFE	; 254
   1f646:	3f 4f       	sbci	r19, 0xFF	; 255
				}

				// Flash packets
				uint16_t writeValue;
				for(offset = 0; offset < packetLength;) {
					writeValue = (pageBase[offset]) | (pageBase[offset + 1] << 8);
   1f648:	22 23       	and	r18, r18
   1f64a:	e9 f4       	brne	.+58     	; 0x1f686 <processPacket+0x2c0>
   1f64c:	c9 01       	movw	r24, r18
   1f64e:	a0 e0       	ldi	r26, 0x00	; 0
   1f650:	b0 e0       	ldi	r27, 0x00	; 0


#if (DEBUG_TFTP > 0)
static uint8_t processPacket(uint16_t packetSize)
#else
static uint8_t processPacket(void)
   1f652:	84 0d       	add	r24, r4
   1f654:	95 1d       	adc	r25, r5
				}

				// Flash packets
				uint16_t writeValue;
				for(offset = 0; offset < packetLength;) {
					writeValue = (pageBase[offset]) | (pageBase[offset + 1] << 8);
   1f656:	a6 1d       	adc	r26, r6
   1f658:	b7 1d       	adc	r27, r7
   1f65a:	fc 01       	movw	r30, r24
   1f65c:	a0 93 5b 00 	sts	0x005B, r26
					boot_page_fill(writeAddr + offset, writeValue);
   1f660:	30 92 57 00 	sts	0x0057, r3
   1f664:	e8 95       	spm
   1f666:	07 b6       	in	r0, 0x37	; 55
   1f668:	00 fc       	sbrc	r0, 0
   1f66a:	fd cf       	rjmp	.-6      	; 0x1f666 <processPacket+0x2a0>
   1f66c:	fc 01       	movw	r30, r24
							tracePGM(mDebugTftp_OFFSET);
							tracenum(writeAddr + offset);
						}
					)

					offset += 2;
   1f66e:	a0 93 5b 00 	sts	0x005B, r26

					if(offset % SPM_PAGESIZE == 0) {
   1f672:	20 92 57 00 	sts	0x0057, r2
						boot_page_erase(writeAddr + offset - SPM_PAGESIZE);
   1f676:	e8 95       	spm
   1f678:	07 b6       	in	r0, 0x37	; 55
   1f67a:	00 fc       	sbrc	r0, 0
   1f67c:	fd cf       	rjmp	.-6      	; 0x1f678 <processPacket+0x2b2>
   1f67e:	b1 e1       	ldi	r27, 0x11	; 17
   1f680:	b0 93 57 00 	sts	0x0057, r27
   1f684:	e8 95       	spm
   1f686:	e2 e0       	ldi	r30, 0x02	; 2
   1f688:	f0 e0       	ldi	r31, 0x00	; 0
   1f68a:	ae 0e       	add	r10, r30
   1f68c:	bf 1e       	adc	r11, r31
   1f68e:	28 15       	cp	r18, r8
						boot_spm_busy_wait();
   1f690:	39 05       	cpc	r19, r9
   1f692:	08 f4       	brcc	.+2      	; 0x1f696 <processPacket+0x2d0>
   1f694:	bd cf       	rjmp	.-134    	; 0x1f610 <processPacket+0x24a>
						boot_page_write(writeAddr + offset - SPM_PAGESIZE);
   1f696:	04 30       	cpi	r16, 0x04	; 4
   1f698:	79 f4       	brne	.+30     	; 0x1f6b8 <processPacket+0x2f2>
   1f69a:	82 e0       	ldi	r24, 0x02	; 2
   1f69c:	90 e0       	ldi	r25, 0x00	; 0
   1f69e:	6e ee       	ldi	r22, 0xEE	; 238
   1f6a0:	59 d3       	rcall	.+1714   	; 0x1fd54 <__eewr_byte_m1284p>
						boot_spm_busy_wait();
   1f6a2:	0a c0       	rjmp	.+20     	; 0x1f6b8 <processPacket+0x2f2>
   1f6a4:	80 91 2b 01 	lds	r24, 0x012B
#if defined(RWWSRE)
						// Reenable read access to flash
						boot_rww_enable();
   1f6a8:	90 91 2c 01 	lds	r25, 0x012C
   1f6ac:	50 de       	rcall	.-864    	; 0x1f34e <sockInit>
   1f6ae:	01 e0       	ldi	r16, 0x01	; 1
   1f6b0:	03 c0       	rjmp	.+6      	; 0x1f6b8 <processPacket+0x2f2>
   1f6b2:	00 e0       	ldi	r16, 0x00	; 0
   1f6b4:	01 c0       	rjmp	.+2      	; 0x1f6b8 <processPacket+0x2f2>
   1f6b6:	03 e0       	ldi	r16, 0x03	; 3
					}
				}

				// Flash packets
				uint16_t writeValue;
				for(offset = 0; offset < packetLength;) {
   1f6b8:	80 2f       	mov	r24, r16
   1f6ba:	c4 5f       	subi	r28, 0xF4	; 244
   1f6bc:	dd 4f       	sbci	r29, 0xFD	; 253
   1f6be:	de bf       	out	0x3e, r29	; 62
						boot_rww_enable();
#endif
					}
				}

				if(returnCode == FINAL_ACK) {
   1f6c0:	cd bf       	out	0x3d, r28	; 61
   1f6c2:	df 91       	pop	r29
					// Hand over to application

					DBG_TFTP(tracePGMlnTftp(mDebugTftp_DONE);)

					// Flag the image as valid since we received the last packet
					eeprom_write_byte(EEPROM_IMG_STAT, EEPROM_IMG_OK_VALUE);
   1f6c4:	cf 91       	pop	r28
   1f6c6:	1f 91       	pop	r17
   1f6c8:	0f 91       	pop	r16
   1f6ca:	ff 90       	pop	r15
   1f6cc:	ef 90       	pop	r14
   1f6ce:	df 90       	pop	r13
			)

#if defined(RANDOM_TFTP_DATA_PORT)
			sockInit((buffer[4] << 8) | ~buffer[5]); // Generate a 'random' TID (RFC1350)
#else
			sockInit(tftpTransferPort);
   1f6d0:	cf 90       	pop	r12
   1f6d2:	bf 90       	pop	r11
   1f6d4:	af 90       	pop	r10
   1f6d6:	9f 90       	pop	r9
   1f6d8:	8f 90       	pop	r8
   1f6da:	7f 90       	pop	r7
			 * It can be done by reinitializig the tftpd or
			 * by resetting the device. I should find out which is best...
			 * Right now it is being done by resetting the timer if we have a
			 * data packet. */
			// Invalid - return error
			returnCode = ERROR_INVALID;
   1f6dc:	6f 90       	pop	r6
			break;
   1f6de:	5f 90       	pop	r5
		tftpOpcode = TFTP_OPCODE_UKN;

	if(tftpDataLen > (0x200 + TFTP_OPCODE_SIZE + TFTP_BLOCKNO_SIZE))
		tftpOpcode = TFTP_OPCODE_UKN;

	uint8_t returnCode = ERROR_UNKNOWN;
   1f6e0:	4f 90       	pop	r4
   1f6e2:	3f 90       	pop	r3
				// Flash is full - abort with an error before a bootloader overwrite occurs
				// Application is now corrupt, so do not hand over.

				DBG_TFTP(tracePGMlnTftp(mDebugTftp_FULL);)

				returnCode = ERROR_FULL;
   1f6e4:	2f 90       	pop	r2
			break;

	}

	return(returnCode);
}
   1f6e6:	08 95       	ret

0001f6e8 <tftpInit>:
   1f6e8:	cf 93       	push	r28
   1f6ea:	85 e4       	ldi	r24, 0x45	; 69
   1f6ec:	90 e0       	ldi	r25, 0x00	; 0
   1f6ee:	2f de       	rcall	.-930    	; 0x1f34e <sockInit>
   1f6f0:	87 e1       	ldi	r24, 0x17	; 23
   1f6f2:	90 e0       	ldi	r25, 0x00	; 0
   1f6f4:	27 d3       	rcall	.+1614   	; 0x1fd44 <__eerd_byte_m1284p>
   1f6f6:	8b 3b       	cpi	r24, 0xBB	; 187
   1f6f8:	91 f4       	brne	.+36     	; 0x1f71e <tftpInit+0x36>
   1f6fa:	89 e1       	ldi	r24, 0x19	; 25
   1f6fc:	90 e0       	ldi	r25, 0x00	; 0
   1f6fe:	22 d3       	rcall	.+1604   	; 0x1fd44 <__eerd_byte_m1284p>
   1f700:	c8 2f       	mov	r28, r24
   1f702:	88 e1       	ldi	r24, 0x18	; 24
   1f704:	90 e0       	ldi	r25, 0x00	; 0
   1f706:	1e d3       	rcall	.+1596   	; 0x1fd44 <__eerd_byte_m1284p>
   1f708:	2c 2f       	mov	r18, r28
   1f70a:	30 e0       	ldi	r19, 0x00	; 0
   1f70c:	32 2f       	mov	r19, r18
   1f70e:	22 27       	eor	r18, r18
   1f710:	28 0f       	add	r18, r24
   1f712:	31 1d       	adc	r19, r1
   1f714:	30 93 2c 01 	sts	0x012C, r19
 * Initializes the network controller
 */
void tftpInit(void)
{
	// Open socket
	sockInit(TFTP_PORT);
   1f718:	20 93 2b 01 	sts	0x012B, r18
   1f71c:	06 c0       	rjmp	.+12     	; 0x1f72a <tftpInit+0x42>
   1f71e:	89 e7       	ldi	r24, 0x79	; 121

#if defined(RANDOM_TFTP_DATA_PORT)
#else
	if(eeprom_read_byte(EEPROM_SIG_3) == EEPROM_SIG_3_VALUE)
   1f720:	97 eb       	ldi	r25, 0xB7	; 183
   1f722:	90 93 2c 01 	sts	0x012C, r25
   1f726:	80 93 2b 01 	sts	0x012B, r24
   1f72a:	cf 91       	pop	r28
		tftpTransferPort = ((eeprom_read_byte(EEPROM_PORT + 1) << 8) + eeprom_read_byte(EEPROM_PORT));
   1f72c:	08 95       	ret

0001f72e <tftpPoll>:
   1f72e:	af 92       	push	r10
   1f730:	bf 92       	push	r11
   1f732:	cf 92       	push	r12
   1f734:	df 92       	push	r13
   1f736:	ff 92       	push	r15
   1f738:	0f 93       	push	r16
   1f73a:	1f 93       	push	r17
   1f73c:	cf 93       	push	r28
   1f73e:	df 93       	push	r29
   1f740:	cd b7       	in	r28, 0x3d	; 61
   1f742:	de b7       	in	r29, 0x3e	; 62
   1f744:	c5 56       	subi	r28, 0x65	; 101
   1f746:	d0 40       	sbci	r29, 0x00	; 0
   1f748:	de bf       	out	0x3e, r29	; 62
   1f74a:	cd bf       	out	0x3d, r28	; 61
   1f74c:	86 e2       	ldi	r24, 0x26	; 38
   1f74e:	97 e0       	ldi	r25, 0x07	; 7
   1f750:	68 e6       	ldi	r22, 0x68	; 104
   1f752:	ae dd       	rcall	.-1188   	; 0x1f2b0 <spiReadWord>
	else
		tftpTransferPort = TFTP_DATA_PORT;
   1f754:	00 97       	sbiw	r24, 0x00	; 0
   1f756:	09 f4       	brne	.+2      	; 0x1f75a <tftpPoll+0x2c>
   1f758:	b5 c0       	rjmp	.+362    	; 0x1f8c4 <tftpPoll+0x196>
   1f75a:	81 e0       	ldi	r24, 0x01	; 1
   1f75c:	80 93 2e 01 	sts	0x012E, r24
#else
		tracePGMlnTftp(mDebugTftp_PORT);
		tracenum(tftpTransferPort);
#endif
	)
}
   1f760:	0e c0       	rjmp	.+28     	; 0x1f77e <tftpPoll+0x50>
   1f762:	82 e0       	ldi	r24, 0x02	; 2

/**
 * Looks for a connection
 */
uint8_t tftpPoll(void)
{
   1f764:	97 e0       	ldi	r25, 0x07	; 7
   1f766:	6c e6       	ldi	r22, 0x6C	; 108
   1f768:	44 e0       	ldi	r20, 0x04	; 4
   1f76a:	59 dd       	rcall	.-1358   	; 0x1f21e <spiWriteReg>
   1f76c:	8f ef       	ldi	r24, 0xFF	; 255
   1f76e:	97 e8       	ldi	r25, 0x87	; 135
   1f770:	a3 e1       	ldi	r26, 0x13	; 19
   1f772:	81 50       	subi	r24, 0x01	; 1
   1f774:	90 40       	sbci	r25, 0x00	; 0
   1f776:	a0 40       	sbci	r26, 0x00	; 0
   1f778:	e1 f7       	brne	.-8      	; 0x1f772 <tftpPoll+0x44>
   1f77a:	00 c0       	rjmp	.+0      	; 0x1f77c <tftpPoll+0x4e>
   1f77c:	00 00       	nop
   1f77e:	82 e0       	ldi	r24, 0x02	; 2
   1f780:	97 e0       	ldi	r25, 0x07	; 7
	uint8_t response = ACK;
	// Get the size of the recieved data
	uint16_t packetSize = spiReadWord(REG_S3_RX_RSR0, S3_R_CB);
   1f782:	68 e6       	ldi	r22, 0x68	; 104
   1f784:	7b dd       	rcall	.-1290   	; 0x1f27c <spiReadReg>
   1f786:	82 fd       	sbrc	r24, 2
   1f788:	ec cf       	rjmp	.-40     	; 0x1f762 <tftpPoll+0x34>
   1f78a:	1d de       	rcall	.-966    	; 0x1f3c6 <processPacket>
// 			_delay_ms(400);
// 			packetSize = spiReadWord(REG_S3_RX_RSR0);
// 		}
// 	} while (packetSize != incSize);

	if(packetSize) {
   1f78c:	f8 2e       	mov	r15, r24
   1f78e:	84 e2       	ldi	r24, 0x24	; 36
   1f790:	97 e0       	ldi	r25, 0x07	; 7
		tftpFlashing = TRUE;
   1f792:	60 e0       	ldi	r22, 0x00	; 0
   1f794:	8d dd       	rcall	.-1254   	; 0x1f2b0 <spiReadWord>
   1f796:	a1 2c       	mov	r10, r1

		while((spiReadReg(REG_S3_IR, S3_R_CB) & IR_RECV)) {
   1f798:	18 e5       	ldi	r17, 0x58	; 88
			spiWriteReg(REG_S3_IR, S3_W_CB, IR_RECV);
   1f79a:	b1 2e       	mov	r11, r17
   1f79c:	a8 0e       	add	r10, r24
   1f79e:	b9 1e       	adc	r11, r25
   1f7a0:	92 e0       	ldi	r25, 0x02	; 2
   1f7a2:	f9 16       	cp	r15, r25
   1f7a4:	09 f4       	brne	.+2      	; 0x1f7a8 <tftpPoll+0x7a>
   1f7a6:	3e c0       	rjmp	.+124    	; 0x1f824 <tftpPoll+0xf6>
   1f7a8:	9f 15       	cp	r25, r15
   1f7aa:	20 f0       	brcs	.+8      	; 0x1f7b4 <tftpPoll+0x86>
   1f7ac:	a1 e0       	ldi	r26, 0x01	; 1
   1f7ae:	fa 16       	cp	r15, r26
   1f7b0:	41 f4       	brne	.+16     	; 0x1f7c2 <tftpPoll+0x94>
   1f7b2:	1a c0       	rjmp	.+52     	; 0x1f7e8 <tftpPoll+0xba>
   1f7b4:	b3 e0       	ldi	r27, 0x03	; 3
   1f7b6:	fb 16       	cp	r15, r27
// 	} while (packetSize != incSize);

	if(packetSize) {
		tftpFlashing = TRUE;

		while((spiReadReg(REG_S3_IR, S3_R_CB) & IR_RECV)) {
   1f7b8:	31 f1       	breq	.+76     	; 0x1f806 <tftpPoll+0xd8>
   1f7ba:	e4 e0       	ldi	r30, 0x04	; 4
   1f7bc:	fe 16       	cp	r15, r30
   1f7be:	09 f4       	brne	.+2      	; 0x1f7c2 <tftpPoll+0x94>
   1f7c0:	40 c0       	rjmp	.+128    	; 0x1f842 <tftpPoll+0x114>
   1f7c2:	45 ee       	ldi	r20, 0xE5	; 229
   1f7c4:	50 ef       	ldi	r21, 0xF0	; 240
		// Process Packet and get TFTP response code
#if (DEBUG_TFTP > 0)
		packetSize = spiReadWord(REG_S3_RX_RSR0, S3_R_CB);
		response = processPacket(packetSize);
#else
		response = processPacket();
   1f7c6:	60 e0       	ldi	r22, 0x00	; 0
   1f7c8:	70 e0       	ldi	r23, 0x00	; 0
   1f7ca:	40 50       	subi	r20, 0x00	; 0
	uint16_t writePointer;
	
#if (W5500 > 0)
	writePointer = spiReadWord(REG_S3_TX_WR0, S3_R_CB);
#else
	writePointer = spiReadWord(REG_S3_TX_WR0, 0) + S3_TX_START;
   1f7cc:	50 40       	sbci	r21, 0x00	; 0
   1f7ce:	6f 4f       	sbci	r22, 0xFF	; 255
   1f7d0:	7f 4f       	sbci	r23, 0xFF	; 255
   1f7d2:	ce 01       	movw	r24, r28
   1f7d4:	01 96       	adiw	r24, 0x01	; 1
   1f7d6:	2a e0       	ldi	r18, 0x0A	; 10
   1f7d8:	30 e0       	ldi	r19, 0x00	; 0
   1f7da:	ab d2       	rcall	.+1366   	; 0x1fd32 <memcpy_PF>
   1f7dc:	2a e0       	ldi	r18, 0x0A	; 10
   1f7de:	6e 01       	movw	r12, r28
#endif

	switch(response) {
   1f7e0:	08 94       	sec
   1f7e2:	c1 1c       	adc	r12, r1
   1f7e4:	d1 1c       	adc	r13, r1
   1f7e6:	38 c0       	rjmp	.+112    	; 0x1f858 <tftpPoll+0x12a>
   1f7e8:	4a ef       	ldi	r20, 0xFA	; 250
   1f7ea:	50 ef       	ldi	r21, 0xF0	; 240
   1f7ec:	60 e0       	ldi	r22, 0x00	; 0
   1f7ee:	70 e0       	ldi	r23, 0x00	; 0
   1f7f0:	40 50       	subi	r20, 0x00	; 0
   1f7f2:	50 40       	sbci	r21, 0x00	; 0
   1f7f4:	6f 4f       	sbci	r22, 0xFF	; 255
   1f7f6:	7f 4f       	sbci	r23, 0xFF	; 255
   1f7f8:	ce 01       	movw	r24, r28
   1f7fa:	01 96       	adiw	r24, 0x01	; 1
   1f7fc:	2c e0       	ldi	r18, 0x0C	; 12
   1f7fe:	30 e0       	ldi	r19, 0x00	; 0
   1f800:	98 d2       	rcall	.+1328   	; 0x1fd32 <memcpy_PF>

		case ERROR_UNKNOWN:
			// Send unknown error packet
			packetLength = TFTP_UNKNOWN_ERROR_LEN;
#if (FLASHEND > 0x10000)
			memcpy_PF(txBuffer, PROGMEM_OFFSET + (uint32_t)(uint16_t)tftp_unknown_error_packet, packetLength);
   1f802:	2c e0       	ldi	r18, 0x0C	; 12
   1f804:	ec cf       	rjmp	.-40     	; 0x1f7de <tftpPoll+0xb0>
   1f806:	40 ef       	ldi	r20, 0xF0	; 240
   1f808:	50 ef       	ldi	r21, 0xF0	; 240
   1f80a:	60 e0       	ldi	r22, 0x00	; 0
   1f80c:	70 e0       	ldi	r23, 0x00	; 0
   1f80e:	40 50       	subi	r20, 0x00	; 0
   1f810:	50 40       	sbci	r21, 0x00	; 0
   1f812:	6f 4f       	sbci	r22, 0xFF	; 255
   1f814:	7f 4f       	sbci	r23, 0xFF	; 255
   1f816:	ce 01       	movw	r24, r28
   1f818:	01 96       	adiw	r24, 0x01	; 1
   1f81a:	29 e0       	ldi	r18, 0x09	; 9
   1f81c:	30 e0       	ldi	r19, 0x00	; 0
	switch(response) {
		default:

		case ERROR_UNKNOWN:
			// Send unknown error packet
			packetLength = TFTP_UNKNOWN_ERROR_LEN;
   1f81e:	89 d2       	rcall	.+1298   	; 0x1fd32 <memcpy_PF>
			DBG_TFTP(
				if(response == FINAL_ACK)
					tracePGMlnTftp(mDebugTftp_SFACK);
			)

			packetLength = 4;
   1f820:	29 e0       	ldi	r18, 0x09	; 9
   1f822:	dd cf       	rjmp	.-70     	; 0x1f7de <tftpPoll+0xb0>
   1f824:	80 91 22 01 	lds	r24, 0x0122
   1f828:	90 91 23 01 	lds	r25, 0x0123

		case ERROR_INVALID:
			// Send invalid opcode packet
			packetLength = TFTP_OPCODE_ERROR_LEN;
#if (FLASHEND > 0x10000)
			memcpy_PF(txBuffer, PROGMEM_OFFSET + (uint32_t)(uint16_t)tftp_opcode_error_packet, packetLength);
   1f82c:	20 91 20 01 	lds	r18, 0x0120
   1f830:	30 91 21 01 	lds	r19, 0x0121
   1f834:	28 17       	cp	r18, r24
   1f836:	39 07       	cpc	r19, r25
   1f838:	20 f4       	brcc	.+8      	; 0x1f842 <tftpPoll+0x114>
   1f83a:	90 93 21 01 	sts	0x0121, r25
   1f83e:	80 93 20 01 	sts	0x0120, r24
   1f842:	19 82       	std	Y+1, r1	; 0x01
   1f844:	84 e0       	ldi	r24, 0x04	; 4
#endif
			break;

		case ERROR_INVALID:
			// Send invalid opcode packet
			packetLength = TFTP_OPCODE_ERROR_LEN;
   1f846:	8a 83       	std	Y+2, r24	; 0x02
   1f848:	80 91 22 01 	lds	r24, 0x0122

		case ERROR_FULL:
			// Send unknown error packet
			packetLength = TFTP_FULL_ERROR_LEN;
#if (FLASHEND > 0x10000)
			memcpy_PF(txBuffer, PROGMEM_OFFSET + (uint32_t)(uint16_t)tftp_full_error_packet, packetLength);
   1f84c:	90 91 23 01 	lds	r25, 0x0123
   1f850:	9b 83       	std	Y+3, r25	; 0x03
   1f852:	8c 83       	std	Y+4, r24	; 0x04
   1f854:	24 e0       	ldi	r18, 0x04	; 4
   1f856:	c3 cf       	rjmp	.-122    	; 0x1f7de <tftpPoll+0xb0>
   1f858:	85 01       	movw	r16, r10
   1f85a:	0f 5f       	subi	r16, 0xFF	; 255
   1f85c:	1f 4f       	sbci	r17, 0xFF	; 255
   1f85e:	d6 01       	movw	r26, r12
   1f860:	4d 91       	ld	r20, X+
   1f862:	6d 01       	movw	r12, r26
   1f864:	c5 01       	movw	r24, r10
#endif
			break;

		case ERROR_FULL:
			// Send unknown error packet
			packetLength = TFTP_FULL_ERROR_LEN;
   1f866:	64 e7       	ldi	r22, 0x74	; 116
   1f868:	a6 96       	adiw	r28, 0x26	; 38
			memcpy_P(txBuffer, tftp_full_error_packet, packetLength);
#endif
			break;

		case ACK:
			if(lastPacket > highPacket) highPacket = lastPacket;
   1f86a:	2f af       	sts	0x7f, r18
   1f86c:	a6 97       	sbiw	r28, 0x26	; 38
   1f86e:	d7 dc       	rcall	.-1618   	; 0x1f21e <spiWriteReg>
   1f870:	a6 96       	adiw	r28, 0x26	; 38
   1f872:	2f ad       	sts	0x6f, r18
   1f874:	a6 97       	sbiw	r28, 0x26	; 38
   1f876:	b0 e6       	ldi	r27, 0x60	; 96
   1f878:	00 30       	cpi	r16, 0x00	; 0
   1f87a:	1b 07       	cpc	r17, r27
   1f87c:	11 f0       	breq	.+4      	; 0x1f882 <tftpPoll+0x154>
   1f87e:	58 01       	movw	r10, r16
   1f880:	03 c0       	rjmp	.+6      	; 0x1f888 <tftpPoll+0x15a>
   1f882:	a1 2c       	mov	r10, r1
   1f884:	b8 e5       	ldi	r27, 0x58	; 88
   1f886:	bb 2e       	mov	r11, r27
				if(response == FINAL_ACK)
					tracePGMlnTftp(mDebugTftp_SFACK);
			)

			packetLength = 4;
			*txPtr++ = TFTP_OPCODE_ACK >> 8;
   1f888:	21 50       	subi	r18, 0x01	; 1
			*txPtr++ = TFTP_OPCODE_ACK & 0xff;
   1f88a:	31 f7       	brne	.-52     	; 0x1f858 <tftpPoll+0x12a>
   1f88c:	a5 01       	movw	r20, r10
			// lastPacket is block code
			*txPtr++ = lastPacket >> 8;
   1f88e:	40 50       	subi	r20, 0x00	; 0
   1f890:	58 45       	sbci	r21, 0x58	; 88
   1f892:	84 e2       	ldi	r24, 0x24	; 36
   1f894:	97 e0       	ldi	r25, 0x07	; 7
   1f896:	6c e6       	ldi	r22, 0x6C	; 108
			*txPtr = lastPacket & 0xff;
   1f898:	db dc       	rcall	.-1610   	; 0x1f250 <spiWriteWord>
			DBG_TFTP(
				if(response == FINAL_ACK)
					tracePGMlnTftp(mDebugTftp_SFACK);
			)

			packetLength = 4;
   1f89a:	81 e0       	ldi	r24, 0x01	; 1
   1f89c:	97 e0       	ldi	r25, 0x07	; 7
	}

	txPtr = txBuffer;

	while(packetLength--) {
		spiWriteReg(writePointer++, S3_TXBUF_CB, *txPtr++);
   1f89e:	6c e6       	ldi	r22, 0x6C	; 108
   1f8a0:	40 e2       	ldi	r20, 0x20	; 32
   1f8a2:	bd dc       	rcall	.-1670   	; 0x1f21e <spiWriteReg>
   1f8a4:	81 e0       	ldi	r24, 0x01	; 1
   1f8a6:	97 e0       	ldi	r25, 0x07	; 7
   1f8a8:	68 e6       	ldi	r22, 0x68	; 104
   1f8aa:	e8 dc       	rcall	.-1584   	; 0x1f27c <spiReadReg>
   1f8ac:	88 23       	and	r24, r24
   1f8ae:	d1 f7       	brne	.-12     	; 0x1f8a4 <tftpPoll+0x176>
   1f8b0:	e4 e0       	ldi	r30, 0x04	; 4
   1f8b2:	fe 16       	cp	r15, r30
   1f8b4:	39 f4       	brne	.+14     	; 0x1f8c4 <tftpPoll+0x196>
   1f8b6:	81 e0       	ldi	r24, 0x01	; 1
		//Use uint16_t overflow from 0xFFFF to 0x10000 to follow W5500 internal pointer
	}

	spiWriteWord(REG_S3_TX_WR0, S3_W_CB, writePointer);
#else
		if(writePointer == S3_TX_END) writePointer = S3_TX_START;
   1f8b8:	97 e0       	ldi	r25, 0x07	; 7
   1f8ba:	6c e6       	ldi	r22, 0x6C	; 108
   1f8bc:	40 e1       	ldi	r20, 0x10	; 16
   1f8be:	af dc       	rcall	.-1698   	; 0x1f21e <spiWriteReg>
   1f8c0:	80 e0       	ldi	r24, 0x00	; 0
   1f8c2:	01 c0       	rjmp	.+2      	; 0x1f8c6 <tftpPoll+0x198>
   1f8c4:	81 e0       	ldi	r24, 0x01	; 1
   1f8c6:	cb 59       	subi	r28, 0x9B	; 155
   1f8c8:	df 4f       	sbci	r29, 0xFF	; 255
   1f8ca:	de bf       	out	0x3e, r29	; 62
   1f8cc:	cd bf       	out	0x3d, r28	; 61
   1f8ce:	df 91       	pop	r29
   1f8d0:	cf 91       	pop	r28
			break;
	}

	txPtr = txBuffer;

	while(packetLength--) {
   1f8d2:	1f 91       	pop	r17
	spiWriteWord(REG_S3_TX_WR0, S3_W_CB, writePointer);
#else
		if(writePointer == S3_TX_END) writePointer = S3_TX_START;
	}

	spiWriteWord(REG_S3_TX_WR0, S3_W_CB, writePointer - S3_TX_START);
   1f8d4:	0f 91       	pop	r16
   1f8d6:	ff 90       	pop	r15
   1f8d8:	df 90       	pop	r13
   1f8da:	cf 90       	pop	r12
   1f8dc:	bf 90       	pop	r11
   1f8de:	af 90       	pop	r10
   1f8e0:	08 95       	ret

0001f8e2 <validImage>:
#include "serial.h"
#include "debug.h"
#include "debug_vald.h"

uint8_t validImage(uint8_t* base)
{
   1f8e2:	fc 01       	movw	r30, r24
	/* Check that a jump table is present in the first flash sector */
	uint8_t i;
	for(i = 0; i < 0x34; i += 4) {
   1f8e4:	80 e0       	ldi	r24, 0x00	; 0

		// For each vector, check it is of the form:
		// 0x0C 0x94 0xWX 0xYZ  ; JMP 0xWXYZ
		if(base[i] != 0x0c) {
   1f8e6:	90 81       	ld	r25, Z
   1f8e8:	9c 30       	cpi	r25, 0x0C	; 12
   1f8ea:	49 f4       	brne	.+18     	; 0x1f8fe <validImage+0x1c>
				tracePGM(mDebugVald_0x0C);
			)
			return(0);
		}
		
		if(base[i + 1] != 0x94) {
   1f8ec:	91 81       	ldd	r25, Z+1	; 0x01
   1f8ee:	94 39       	cpi	r25, 0x94	; 148
   1f8f0:	41 f4       	brne	.+16     	; 0x1f902 <validImage+0x20>

uint8_t validImage(uint8_t* base)
{
	/* Check that a jump table is present in the first flash sector */
	uint8_t i;
	for(i = 0; i < 0x34; i += 4) {
   1f8f2:	8c 5f       	subi	r24, 0xFC	; 252
   1f8f4:	34 96       	adiw	r30, 0x04	; 4
   1f8f6:	84 33       	cpi	r24, 0x34	; 52
   1f8f8:	b1 f7       	brne	.-20     	; 0x1f8e6 <validImage+0x4>
		}
	}

	DBG_VALD(tracePGMlnVald(mDebugVald_VALID);)

	return(1);
   1f8fa:	81 e0       	ldi	r24, 0x01	; 1
   1f8fc:	08 95       	ret
				tracenum(i);
				tracePGM(mDebugVald_WITH);
				tracenum(base[i]);
				tracePGM(mDebugVald_0x0C);
			)
			return(0);
   1f8fe:	80 e0       	ldi	r24, 0x00	; 0
   1f900:	08 95       	ret
				tracenum(i + 1);
				tracePGM(mDebugVald_WITH);
				tracenum(base[i + 1]);
				tracePGM(mDebugVald_0x94);
			)
			return(0);
   1f902:	80 e0       	ldi	r24, 0x00	; 0
	}

	DBG_VALD(tracePGMlnVald(mDebugVald_VALID);)

	return(1);
}
   1f904:	08 95       	ret

0001f906 <tracePGM>:
 */
const unsigned char mDebug_NEWLINE[]	PROGMEM =	"\r\n";
const unsigned char mDebug_HEXPREF[]	PROGMEM =	"0x";

void tracePGM(const void* p_msg)
{
   1f906:	cf 92       	push	r12
   1f908:	df 92       	push	r13
   1f90a:	ef 92       	push	r14
   1f90c:	ff 92       	push	r15
   1f90e:	cf 93       	push	r28
   1f910:	df 93       	push	r29
	uint8_t	c = 1, i = 0;
   1f912:	c0 e0       	ldi	r28, 0x00	; 0
#if (FLASHEND > 0x10000)
		/* 0x30000 was added to fix the issues of progmem with >64Kb flash.
		 * 0x30000 is specific to atmega2560 and won't work on smaller or larger flashes.
		 * I should find a way to macro the calculation of this value
		 */
		c = pgm_read_byte_far(PROGMEM_OFFSET + (uint32_t)(uint16_t)p_msg + i);
   1f914:	6c 01       	movw	r12, r24
   1f916:	ee 24       	eor	r14, r14
   1f918:	ff 24       	eor	r15, r15
   1f91a:	80 e0       	ldi	r24, 0x00	; 0
   1f91c:	90 e0       	ldi	r25, 0x00	; 0
   1f91e:	a1 e0       	ldi	r26, 0x01	; 1
   1f920:	b0 e0       	ldi	r27, 0x00	; 0
   1f922:	c8 0e       	add	r12, r24
   1f924:	d9 1e       	adc	r13, r25
   1f926:	ea 1e       	adc	r14, r26
   1f928:	fb 1e       	adc	r15, r27
   1f92a:	d7 01       	movw	r26, r14
   1f92c:	c6 01       	movw	r24, r12
   1f92e:	8c 0f       	add	r24, r28
   1f930:	91 1d       	adc	r25, r1
   1f932:	a1 1d       	adc	r26, r1
   1f934:	b1 1d       	adc	r27, r1
   1f936:	ab bf       	out	0x3b, r26	; 59
   1f938:	fc 01       	movw	r30, r24
   1f93a:	d7 91       	elpm	r29, Z+
#else
		c = pgm_read_byte_near((uint16_t)p_msg + i);
#endif
		if (c != 0) putch(c);
   1f93c:	dd 23       	and	r29, r29
   1f93e:	11 f0       	breq	.+4      	; 0x1f944 <tracePGM+0x3e>
   1f940:	8d 2f       	mov	r24, r29
   1f942:	71 d0       	rcall	.+226    	; 0x1fa26 <putch>
   1f944:	cf 5f       	subi	r28, 0xFF	; 255
		i++;
   1f946:	dd 23       	and	r29, r29

void tracePGM(const void* p_msg)
{
	uint8_t	c = 1, i = 0;

	while(c != 0){
   1f948:	81 f7       	brne	.-32     	; 0x1f92a <tracePGM+0x24>
   1f94a:	df 91       	pop	r29
		c = pgm_read_byte_near((uint16_t)p_msg + i);
#endif
		if (c != 0) putch(c);
		i++;
	}
}
   1f94c:	cf 91       	pop	r28
   1f94e:	ff 90       	pop	r15
   1f950:	ef 90       	pop	r14
   1f952:	df 90       	pop	r13
   1f954:	cf 90       	pop	r12
   1f956:	08 95       	ret

0001f958 <tracePGMln>:
   1f958:	0f 93       	push	r16


void tracePGMln(const void* p_prefix, const void* p_msg)
{
   1f95a:	1f 93       	push	r17
   1f95c:	cf 93       	push	r28
   1f95e:	df 93       	push	r29
   1f960:	8c 01       	movw	r16, r24
   1f962:	eb 01       	movw	r28, r22
   1f964:	8a e0       	ldi	r24, 0x0A	; 10
	tracePGM(mDebug_NEWLINE);
   1f966:	91 ef       	ldi	r25, 0xF1	; 241
   1f968:	ce df       	rcall	.-100    	; 0x1f906 <tracePGM>
   1f96a:	c8 01       	movw	r24, r16
   1f96c:	cc df       	rcall	.-104    	; 0x1f906 <tracePGM>
	tracePGM(p_prefix);
   1f96e:	ce 01       	movw	r24, r28
   1f970:	ca df       	rcall	.-108    	; 0x1f906 <tracePGM>
   1f972:	df 91       	pop	r29
	tracePGM(p_msg);
   1f974:	cf 91       	pop	r28
   1f976:	1f 91       	pop	r17
   1f978:	0f 91       	pop	r16
}
   1f97a:	08 95       	ret

0001f97c <trace>:
   1f97c:	cf 93       	push	r28
   1f97e:	df 93       	push	r29
   1f980:	ec 01       	movw	r28, r24
   1f982:	88 81       	ld	r24, Y


void trace(char* msg)
{
   1f984:	88 23       	and	r24, r24
   1f986:	11 f4       	brne	.+4      	; 0x1f98c <trace+0x10>
   1f988:	04 c0       	rjmp	.+8      	; 0x1f992 <trace+0x16>
	uint8_t c;

	if(*msg != '\0') {
   1f98a:	4d d0       	rcall	.+154    	; 0x1fa26 <putch>
   1f98c:	89 91       	ld	r24, Y+
   1f98e:	88 23       	and	r24, r24
   1f990:	e1 f7       	brne	.-8      	; 0x1f98a <trace+0xe>
		while((c = *msg++)) putch(c);
   1f992:	df 91       	pop	r29
   1f994:	cf 91       	pop	r28
   1f996:	08 95       	ret

0001f998 <traceln>:
   1f998:	0f 93       	push	r16
   1f99a:	1f 93       	push	r17
	}
}
   1f99c:	cf 93       	push	r28
   1f99e:	df 93       	push	r29
   1f9a0:	8c 01       	movw	r16, r24


void traceln(const void* p_prefix, char* msg)
{
   1f9a2:	eb 01       	movw	r28, r22
   1f9a4:	8a e0       	ldi	r24, 0x0A	; 10
   1f9a6:	91 ef       	ldi	r25, 0xF1	; 241
   1f9a8:	ae df       	rcall	.-164    	; 0x1f906 <tracePGM>
   1f9aa:	c8 01       	movw	r24, r16
   1f9ac:	ac df       	rcall	.-168    	; 0x1f906 <tracePGM>
	tracePGM(mDebug_NEWLINE);
   1f9ae:	ce 01       	movw	r24, r28
   1f9b0:	e5 df       	rcall	.-54     	; 0x1f97c <trace>
   1f9b2:	df 91       	pop	r29
   1f9b4:	cf 91       	pop	r28
	tracePGM(p_prefix);
   1f9b6:	1f 91       	pop	r17
   1f9b8:	0f 91       	pop	r16
   1f9ba:	08 95       	ret

0001f9bc <tracehex>:
	trace(msg);
   1f9bc:	cf 92       	push	r12
   1f9be:	df 92       	push	r13
   1f9c0:	ef 92       	push	r14
}
   1f9c2:	ff 92       	push	r15
   1f9c4:	cf 93       	push	r28
   1f9c6:	6b 01       	movw	r12, r22
   1f9c8:	7c 01       	movw	r14, r24
   1f9ca:	c4 2f       	mov	r28, r20


void tracehex(uint32_t num, uint8_t len)
{
   1f9cc:	87 e0       	ldi	r24, 0x07	; 7
   1f9ce:	91 ef       	ldi	r25, 0xF1	; 241
   1f9d0:	9a df       	rcall	.-204    	; 0x1f906 <tracePGM>
   1f9d2:	14 c0       	rjmp	.+40     	; 0x1f9fc <tracehex+0x40>
   1f9d4:	8c 2f       	mov	r24, r28
   1f9d6:	90 e0       	ldi	r25, 0x00	; 0
   1f9d8:	01 97       	sbiw	r24, 0x01	; 1
   1f9da:	88 0f       	add	r24, r24
	tracePGM(mDebug_HEXPREF);
   1f9dc:	99 1f       	adc	r25, r25
   1f9de:	88 0f       	add	r24, r24
   1f9e0:	99 1f       	adc	r25, r25
   1f9e2:	a7 01       	movw	r20, r14

	while(len > 0) {
   1f9e4:	96 01       	movw	r18, r12
		puthex(num >> (4 * (len - 1)));
   1f9e6:	04 c0       	rjmp	.+8      	; 0x1f9f0 <tracehex+0x34>
   1f9e8:	56 95       	lsr	r21
   1f9ea:	47 95       	ror	r20
   1f9ec:	37 95       	ror	r19
   1f9ee:	27 95       	ror	r18
   1f9f0:	8a 95       	dec	r24
   1f9f2:	d2 f7       	brpl	.-12     	; 0x1f9e8 <tracehex+0x2c>
   1f9f4:	da 01       	movw	r26, r20
   1f9f6:	c9 01       	movw	r24, r18
   1f9f8:	1d d0       	rcall	.+58     	; 0x1fa34 <puthex>
   1f9fa:	c1 50       	subi	r28, 0x01	; 1
   1f9fc:	cc 23       	and	r28, r28
   1f9fe:	51 f7       	brne	.-44     	; 0x1f9d4 <tracehex+0x18>
   1fa00:	cf 91       	pop	r28
   1fa02:	ff 90       	pop	r15
   1fa04:	ef 90       	pop	r14
   1fa06:	df 90       	pop	r13
   1fa08:	cf 90       	pop	r12
   1fa0a:	08 95       	ret

0001fa0c <serialInit>:


void serialInit(void)
{
	// Double speed mode USART0
	UART_STATUS_REG		= _BV(UART_DOUBLE_SPEED);
   1fa0c:	82 e0       	ldi	r24, 0x02	; 2
   1fa0e:	80 93 c0 00 	sts	0x00C0, r24
	// Enable receiver and transiter on USART0
	UART_CONTROL_REG	= _BV(UART_ENABLE_RECEIVER) | _BV(UART_ENABLE_TRANSMITTER);
   1fa12:	88 e1       	ldi	r24, 0x18	; 24
   1fa14:	80 93 c1 00 	sts	0x00C1, r24
	// Set 8bit character length on USART0
	UART_MODE_REG		= _BV(UART_CHAR_SIZE_LOW) | _BV(UART_CHAR_SIZE_MID);
   1fa18:	86 e0       	ldi	r24, 0x06	; 6
   1fa1a:	80 93 c2 00 	sts	0x00C2, r24
	// Set USART0 baud rate
	UART_BAUD_RATE_LOW	= (uint8_t)((F_CPU + BAUD_RATE * 4L) / (BAUD_RATE * 8L) - 1);
   1fa1e:	80 e1       	ldi	r24, 0x10	; 16
   1fa20:	80 93 c4 00 	sts	0x00C4, r24

#if (DEBUG > 0)
	DDRD = 0x92;
#endif

}
   1fa24:	08 95       	ret

0001fa26 <putch>:


void putch(uint8_t c)
{
	while(!(UART_STATUS_REG & _BV(UART_DATA_REG_EMPTY)));
   1fa26:	90 91 c0 00 	lds	r25, 0x00C0
   1fa2a:	95 ff       	sbrs	r25, 5
   1fa2c:	fc cf       	rjmp	.-8      	; 0x1fa26 <putch>
	UART_DATA_REG = c;
   1fa2e:	80 93 c6 00 	sts	0x00C6, r24
}
   1fa32:	08 95       	ret

0001fa34 <puthex>:


void puthex(uint8_t c)
{
	c &= 0xf;
   1fa34:	8f 70       	andi	r24, 0x0F	; 15
	if(c > 9) c += 7;
   1fa36:	8a 30       	cpi	r24, 0x0A	; 10
   1fa38:	08 f0       	brcs	.+2      	; 0x1fa3c <puthex+0x8>
   1fa3a:	89 5f       	subi	r24, 0xF9	; 249
	//while(!(UART_STATUS_REG & _BV(UART_DATA_REG_EMPTY)));
	//UART_DATA_REG = c + '0';
	putch(c + '0');
   1fa3c:	80 5d       	subi	r24, 0xD0	; 208
   1fa3e:	f3 cf       	rjmp	.-26     	; 0x1fa26 <putch>

0001fa40 <getch>:
   1fa40:	80 91 c0 00 	lds	r24, 0x00C0

uint8_t getch(void)
{
	//uint8_t ch;

	while(!(UART_STATUS_REG & _BV(UART_RECEIVE_COMPLETE)));
   1fa44:	87 ff       	sbrs	r24, 7
   1fa46:	fc cf       	rjmp	.-8      	; 0x1fa40 <getch>
   1fa48:	80 91 c0 00 	lds	r24, 0x00C0
	if(!(UART_STATUS_REG & _BV(UART_FRAME_ERROR))) {
   1fa4c:	84 fd       	sbrc	r24, 4
   1fa4e:	01 c0       	rjmp	.+2      	; 0x1fa52 <getch+0x12>
   1fa50:	a8 95       	wdr
   1fa52:	80 91 c6 00 	lds	r24, 0x00C6
	}

	//ch = UART_DATA_REG;
	//return ch;

	return(UART_DATA_REG);
   1fa56:	08 95       	ret

0001fa58 <serialPoll>:
   1fa58:	80 91 c0 00 	lds	r24, 0x00C0
}


uint8_t serialPoll(void)
{
	if(UART_STATUS_REG & _BV(UART_RECEIVE_COMPLETE)) {
   1fa5c:	87 ff       	sbrs	r24, 7
   1fa5e:	05 c0       	rjmp	.+10     	; 0x1fa6a <serialPoll+0x12>
   1fa60:	27 d0       	rcall	.+78     	; 0x1fab0 <resetTick>
   1fa62:	81 e0       	ldi	r24, 0x01	; 1
		resetTick();
   1fa64:	80 93 2d 01 	sts	0x012D, r24
		serialFlashing = TRUE;
   1fa68:	57 c0       	rjmp	.+174    	; 0x1fb18 <processOptiboot>
   1fa6a:	81 e0       	ldi	r24, 0x01	; 1
   1fa6c:	08 95       	ret

0001fa6e <updateLed>:
static uint16_t tick = 0;


void updateLed(void)
{
	uint16_t next_timer_1 = TCNT1;
   1fa6e:	80 91 84 00 	lds	r24, 0x0084
   1fa72:	90 91 85 00 	lds	r25, 0x0085

	if(next_timer_1 & 0x400) LED_PORT ^= _BV(LED); // Led pin high
   1fa76:	92 ff       	sbrs	r25, 2
   1fa78:	04 c0       	rjmp	.+8      	; 0x1fa82 <updateLed+0x14>
   1fa7a:	2b b1       	in	r18, 0x0b	; 11
   1fa7c:	20 58       	subi	r18, 0x80	; 128
   1fa7e:	2b b9       	out	0x0b, r18	; 11
   1fa80:	01 c0       	rjmp	.+2      	; 0x1fa84 <updateLed+0x16>
	else LED_PORT &= ~_BV(LED); // Led pin low
   1fa82:	5f 98       	cbi	0x0b, 7	; 11

	if(next_timer_1 < last_timer_1) {
   1fa84:	20 91 24 01 	lds	r18, 0x0124
   1fa88:	30 91 25 01 	lds	r19, 0x0125
   1fa8c:	82 17       	cp	r24, r18
   1fa8e:	93 07       	cpc	r25, r19
   1fa90:	50 f4       	brcc	.+20     	; 0x1faa6 <updateLed+0x38>
		tick++;
   1fa92:	20 91 26 01 	lds	r18, 0x0126
   1fa96:	30 91 27 01 	lds	r19, 0x0127
   1fa9a:	2f 5f       	subi	r18, 0xFF	; 255
   1fa9c:	3f 4f       	sbci	r19, 0xFF	; 255
   1fa9e:	30 93 27 01 	sts	0x0127, r19
   1faa2:	20 93 26 01 	sts	0x0126, r18
		    tracePGMlnUtil(mDebugUtil_LAST);
		    tracenum(last_timer_1);
		)
	}

	last_timer_1 = next_timer_1;
   1faa6:	90 93 25 01 	sts	0x0125, r25
   1faaa:	80 93 24 01 	sts	0x0124, r24
}
   1faae:	08 95       	ret

0001fab0 <resetTick>:

void resetTick(void)
{
	TCNT1 = 0;
   1fab0:	10 92 85 00 	sts	0x0085, r1
   1fab4:	10 92 84 00 	sts	0x0084, r1
	tick = 0;
   1fab8:	10 92 27 01 	sts	0x0127, r1
   1fabc:	10 92 26 01 	sts	0x0126, r1
}
   1fac0:	08 95       	ret

0001fac2 <timedOut>:

uint8_t timedOut(void)
{
	// Never timeout if there is no code in Flash
#if (FLASHEND > 0x10000)
	if(pgm_read_word_far(0x0000) == 0xFFFF) return(0);
   1fac2:	80 e0       	ldi	r24, 0x00	; 0
   1fac4:	90 e0       	ldi	r25, 0x00	; 0
   1fac6:	dc 01       	movw	r26, r24
   1fac8:	ab bf       	out	0x3b, r26	; 59
   1faca:	fc 01       	movw	r30, r24
   1facc:	87 91       	elpm	r24, Z+
   1face:	96 91       	elpm	r25, Z
   1fad0:	2f ef       	ldi	r18, 0xFF	; 255
   1fad2:	8f 3f       	cpi	r24, 0xFF	; 255
   1fad4:	92 07       	cpc	r25, r18
   1fad6:	51 f0       	breq	.+20     	; 0x1faec <timedOut+0x2a>
   1fad8:	81 e0       	ldi	r24, 0x01	; 1
   1fada:	20 91 26 01 	lds	r18, 0x0126
   1fade:	30 91 27 01 	lds	r19, 0x0127
   1fae2:	25 30       	cpi	r18, 0x05	; 5
   1fae4:	31 05       	cpc	r19, r1
   1fae6:	18 f4       	brcc	.+6      	; 0x1faee <timedOut+0x2c>
   1fae8:	80 e0       	ldi	r24, 0x00	; 0
   1faea:	08 95       	ret
   1faec:	80 e0       	ldi	r24, 0x00	; 0
	if(pgm_read_word_near(0x0000) == 0xFFFF) return(0);
#endif

	if(tick > TIMEOUT) return(1);
	else return(0);
}
   1faee:	08 95       	ret

0001faf0 <verifySpace>:
static uint16_t address = 0;
static uint8_t  length;

static void verifySpace(void)
{
	if(getch() != CRC_EOP) {
   1faf0:	a7 df       	rcall	.-178    	; 0x1fa40 <getch>
   1faf2:	80 32       	cpi	r24, 0x20	; 32
   1faf4:	39 f0       	breq	.+14     	; 0x1fb04 <verifySpace+0x14>
   1faf6:	88 e1       	ldi	r24, 0x18	; 24
		WDTCSR = _BV(WDCE) | _BV(WDE);
   1faf8:	80 93 60 00 	sts	0x0060, r24
   1fafc:	88 e0       	ldi	r24, 0x08	; 8
		WDTCSR = WATCHDOG_16MS;	// shorten WD timeout
   1fafe:	80 93 60 00 	sts	0x0060, r24
   1fb02:	ff cf       	rjmp	.-2      	; 0x1fb02 <verifySpace+0x12>
   1fb04:	84 e1       	ldi	r24, 0x14	; 20
		while(1)				// and busy-loop so that WD causes
			;					// a reset and app start.
	}
	putch(STK_INSYNC);
   1fb06:	8f cf       	rjmp	.-226    	; 0x1fa26 <putch>

0001fb08 <getNch>:
   1fb08:	cf 93       	push	r28
   1fb0a:	c8 2f       	mov	r28, r24
}
   1fb0c:	99 df       	rcall	.-206    	; 0x1fa40 <getch>


static void getNch(uint8_t count)
{
   1fb0e:	c1 50       	subi	r28, 0x01	; 1
   1fb10:	e9 f7       	brne	.-6      	; 0x1fb0c <getNch+0x4>
	do getch();
   1fb12:	ee df       	rcall	.-36     	; 0x1faf0 <verifySpace>
   1fb14:	cf 91       	pop	r28
	while(--count);
   1fb16:	08 95       	ret

0001fb18 <processOptiboot>:
   1fb18:	af 92       	push	r10
	verifySpace();
   1fb1a:	bf 92       	push	r11
   1fb1c:	cf 92       	push	r12
}
   1fb1e:	df 92       	push	r13
   1fb20:	ef 92       	push	r14


uint8_t processOptiboot(void)
{
   1fb22:	ff 92       	push	r15
   1fb24:	0f 93       	push	r16
   1fb26:	1f 93       	push	r17
   1fb28:	cf 93       	push	r28
   1fb2a:	df 93       	push	r29
   1fb2c:	cd b7       	in	r28, 0x3d	; 61
   1fb2e:	de b7       	in	r29, 0x3e	; 62
   1fb30:	c1 50       	subi	r28, 0x01	; 1
   1fb32:	d1 40       	sbci	r29, 0x01	; 1
   1fb34:	de bf       	out	0x3e, r29	; 62
   1fb36:	cd bf       	out	0x3d, r28	; 61
   1fb38:	83 df       	rcall	.-250    	; 0x1fa40 <getch>
   1fb3a:	81 34       	cpi	r24, 0x41	; 65
   1fb3c:	a9 f4       	brne	.+42     	; 0x1fb68 <processOptiboot+0x50>
   1fb3e:	80 df       	rcall	.-256    	; 0x1fa40 <getch>
   1fb40:	cf 5f       	subi	r28, 0xFF	; 255
	uint8_t ch;

	ch = getch();
   1fb42:	de 4f       	sbci	r29, 0xFE	; 254
   1fb44:	88 83       	st	Y, r24

	if(ch == STK_GET_PARAMETER) {
   1fb46:	c1 50       	subi	r28, 0x01	; 1
   1fb48:	d1 40       	sbci	r29, 0x01	; 1
		unsigned char which = getch();
   1fb4a:	d2 df       	rcall	.-92     	; 0x1faf0 <verifySpace>
   1fb4c:	cf 5f       	subi	r28, 0xFF	; 255
		verifySpace();
   1fb4e:	de 4f       	sbci	r29, 0xFE	; 254
   1fb50:	88 81       	ld	r24, Y
   1fb52:	c1 50       	subi	r28, 0x01	; 1
   1fb54:	d1 40       	sbci	r29, 0x01	; 1
   1fb56:	82 38       	cpi	r24, 0x82	; 130
   1fb58:	11 f4       	brne	.+4      	; 0x1fb5e <processOptiboot+0x46>
   1fb5a:	84 e0       	ldi	r24, 0x04	; 4
		if(which == 0x82) {
   1fb5c:	03 c0       	rjmp	.+6      	; 0x1fb64 <processOptiboot+0x4c>
   1fb5e:	81 38       	cpi	r24, 0x81	; 129
   1fb60:	39 f1       	breq	.+78     	; 0x1fbb0 <processOptiboot+0x98>
   1fb62:	83 e0       	ldi	r24, 0x03	; 3
   1fb64:	60 df       	rcall	.-320    	; 0x1fa26 <putch>
   1fb66:	d3 c0       	rjmp	.+422    	; 0x1fd0e <processOptiboot+0x1f6>
   1fb68:	82 34       	cpi	r24, 0x42	; 66
			/*
			 * Send tftpboot version as "minor SW version"
			 */
			putch(ARIADNE_MINVER);
   1fb6a:	11 f4       	brne	.+4      	; 0x1fb70 <processOptiboot+0x58>
   1fb6c:	84 e1       	ldi	r24, 0x14	; 20
		} else if(which == 0x81) {
   1fb6e:	03 c0       	rjmp	.+6      	; 0x1fb76 <processOptiboot+0x5e>
   1fb70:	85 34       	cpi	r24, 0x45	; 69
		} else {
			/*
			 * GET PARAMETER returns a generic 0x03 reply for
			 * other parameters - enough to keep Avrdude happy
			 */
			putch(0x03);
   1fb72:	19 f4       	brne	.+6      	; 0x1fb7a <processOptiboot+0x62>
   1fb74:	84 e0       	ldi	r24, 0x04	; 4
   1fb76:	c8 df       	rcall	.-112    	; 0x1fb08 <getNch>
   1fb78:	ca c0       	rjmp	.+404    	; 0x1fd0e <processOptiboot+0x1f6>
		}
	} else if(ch == STK_SET_DEVICE) {
   1fb7a:	85 35       	cpi	r24, 0x55	; 85
   1fb7c:	a9 f4       	brne	.+42     	; 0x1fba8 <processOptiboot+0x90>
		// SET DEVICE is ignored
		getNch(20);
   1fb7e:	60 df       	rcall	.-320    	; 0x1fa40 <getch>
   1fb80:	08 2f       	mov	r16, r24
	} else if(ch == STK_SET_DEVICE_EXT) {
   1fb82:	10 e0       	ldi	r17, 0x00	; 0
   1fb84:	5d df       	rcall	.-326    	; 0x1fa40 <getch>
		// SET DEVICE EXT is ignored
		getNch(4);
   1fb86:	90 e0       	ldi	r25, 0x00	; 0
   1fb88:	98 2f       	mov	r25, r24
   1fb8a:	88 27       	eor	r24, r24
   1fb8c:	80 2b       	or	r24, r16
	} else if(ch == STK_LOAD_ADDRESS) {
   1fb8e:	91 2b       	or	r25, r17
   1fb90:	29 2f       	mov	r18, r25
		// LOAD ADDRESS
		uint16_t newAddress;
		newAddress = getch();
   1fb92:	22 1f       	adc	r18, r18
   1fb94:	22 27       	eor	r18, r18
   1fb96:	22 1f       	adc	r18, r18
   1fb98:	2b bf       	out	0x3b, r18	; 59
		newAddress = (newAddress & 0xff) | (getch() << 8);
   1fb9a:	88 0f       	add	r24, r24
   1fb9c:	99 1f       	adc	r25, r25
   1fb9e:	90 93 29 01 	sts	0x0129, r25
   1fba2:	80 93 28 01 	sts	0x0128, r24
   1fba6:	b2 c0       	rjmp	.+356    	; 0x1fd0c <processOptiboot+0x1f4>

#ifdef RAMPZ
		// Transfer top bit to RAMPZ
		RAMPZ = (newAddress & 0x8000) ? 1 : 0;
   1fba8:	86 35       	cpi	r24, 0x56	; 86
   1fbaa:	21 f4       	brne	.+8      	; 0x1fbb4 <processOptiboot+0x9c>
   1fbac:	84 e0       	ldi	r24, 0x04	; 4
   1fbae:	ac df       	rcall	.-168    	; 0x1fb08 <getNch>
   1fbb0:	80 e0       	ldi	r24, 0x00	; 0
#endif

		newAddress += newAddress; // Convert from word address to byte address
   1fbb2:	d8 cf       	rjmp	.-80     	; 0x1fb64 <processOptiboot+0x4c>
   1fbb4:	84 36       	cpi	r24, 0x64	; 100
		address = newAddress;
   1fbb6:	09 f0       	breq	.+2      	; 0x1fbba <processOptiboot+0xa2>
   1fbb8:	76 c0       	rjmp	.+236    	; 0x1fca6 <processOptiboot+0x18e>
   1fbba:	42 df       	rcall	.-380    	; 0x1fa40 <getch>
   1fbbc:	41 df       	rcall	.-382    	; 0x1fa40 <getch>
   1fbbe:	80 93 2a 01 	sts	0x012A, r24
		verifySpace();
	} else if(ch == STK_UNIVERSAL) {
   1fbc2:	3e df       	rcall	.-388    	; 0x1fa40 <getch>
		// UNIVERSAL command is ignored
		getNch(4);
   1fbc4:	80 91 28 01 	lds	r24, 0x0128
   1fbc8:	90 91 29 01 	lds	r25, 0x0129
		putch(0x00);
   1fbcc:	20 ee       	ldi	r18, 0xE0	; 224
	}
	/* Write memory, length is big endian and is in bytes */
	else if(ch == STK_PROG_PAGE) {
   1fbce:	80 30       	cpi	r24, 0x00	; 0
   1fbd0:	92 07       	cpc	r25, r18
   1fbd2:	48 f4       	brcc	.+18     	; 0x1fbe6 <processOptiboot+0xce>
		// PROGRAM PAGE - we support flash programming only, not EEPROM
		uint8_t  buff[256];
		uint8_t* bufPtr;
		uint16_t addrPtr;

		getch();			/* getlen() */
   1fbd4:	a0 e0       	ldi	r26, 0x00	; 0
   1fbd6:	b0 e0       	ldi	r27, 0x00	; 0
		length = getch();
   1fbd8:	23 e0       	ldi	r18, 0x03	; 3
   1fbda:	fc 01       	movw	r30, r24
   1fbdc:	a0 93 5b 00 	sts	0x005B, r26
		getch();
   1fbe0:	20 93 57 00 	sts	0x0057, r18

		// If we are in RWW section, immediately start page erase
		if(address < NRWWSTART) boot_page_erase((uint16_t)(void*)address);
   1fbe4:	e8 95       	spm
   1fbe6:	8e 01       	movw	r16, r28
   1fbe8:	0f 5f       	subi	r16, 0xFF	; 255
   1fbea:	1f 4f       	sbci	r17, 0xFF	; 255
   1fbec:	29 df       	rcall	.-430    	; 0x1fa40 <getch>
   1fbee:	f8 01       	movw	r30, r16
   1fbf0:	81 93       	st	Z+, r24
   1fbf2:	8f 01       	movw	r16, r30
   1fbf4:	80 91 2a 01 	lds	r24, 0x012A
   1fbf8:	81 50       	subi	r24, 0x01	; 1
   1fbfa:	80 93 2a 01 	sts	0x012A, r24
   1fbfe:	88 23       	and	r24, r24
   1fc00:	a9 f7       	brne	.-22     	; 0x1fbec <processOptiboot+0xd4>
   1fc02:	80 91 28 01 	lds	r24, 0x0128
   1fc06:	90 91 29 01 	lds	r25, 0x0129
   1fc0a:	f0 ee       	ldi	r31, 0xE0	; 224

		// While that is going on, read in page contents
		bufPtr = buff;
		do* bufPtr++ = getch();
   1fc0c:	80 30       	cpi	r24, 0x00	; 0
   1fc0e:	9f 07       	cpc	r25, r31
   1fc10:	48 f0       	brcs	.+18     	; 0x1fc24 <processOptiboot+0x10c>
   1fc12:	a0 e0       	ldi	r26, 0x00	; 0
   1fc14:	b0 e0       	ldi	r27, 0x00	; 0
		while(--length);
   1fc16:	23 e0       	ldi	r18, 0x03	; 3
   1fc18:	fc 01       	movw	r30, r24
   1fc1a:	a0 93 5b 00 	sts	0x005B, r26
   1fc1e:	20 93 57 00 	sts	0x0057, r18
   1fc22:	e8 95       	spm

		// If we are in NRWW section, page erase has to be delayed until now.
		// Todo: Take RAMPZ into account
		if(address >= NRWWSTART) boot_page_erase((uint16_t)(void*)address);
   1fc24:	65 df       	rcall	.-310    	; 0x1faf0 <verifySpace>
   1fc26:	07 b6       	in	r0, 0x37	; 55
   1fc28:	00 fc       	sbrc	r0, 0
   1fc2a:	fd cf       	rjmp	.-6      	; 0x1fc26 <processOptiboot+0x10e>
   1fc2c:	a0 91 28 01 	lds	r26, 0x0128
   1fc30:	b0 91 29 01 	lds	r27, 0x0129
   1fc34:	89 81       	ldd	r24, Y+1	; 0x01
   1fc36:	9d 01       	movw	r18, r26
   1fc38:	60 e8       	ldi	r22, 0x80	; 128
   1fc3a:	71 e0       	ldi	r23, 0x01	; 1
   1fc3c:	ae 01       	movw	r20, r28
   1fc3e:	4f 5f       	subi	r20, 0xFF	; 255
   1fc40:	5f 4f       	sbci	r21, 0xFF	; 255
   1fc42:	4a 1b       	sub	r20, r26
   1fc44:	5b 0b       	sbc	r21, r27

		// Read command terminator, start reply
		verifySpace();
   1fc46:	a8 2e       	mov	r10, r24
   1fc48:	bb 24       	eor	r11, r11

		// If only a partial page is to be programmed, the erase might not be complete.
		// So check that here
		boot_spm_busy_wait();
   1fc4a:	69 01       	movw	r12, r18
   1fc4c:	ee 24       	eor	r14, r14
   1fc4e:	ff 24       	eor	r15, r15

		// Copy buffer into programming buffer
		bufPtr = buff;
		addrPtr = (uint16_t)(void*)address;
   1fc50:	8a 01       	movw	r16, r20
   1fc52:	02 0f       	add	r16, r18
   1fc54:	13 1f       	adc	r17, r19
   1fc56:	f8 01       	movw	r30, r16
		// If only a partial page is to be programmed, the erase might not be complete.
		// So check that here
		boot_spm_busy_wait();

		// Copy buffer into programming buffer
		bufPtr = buff;
   1fc58:	81 81       	ldd	r24, Z+1	; 0x01
   1fc5a:	90 e0       	ldi	r25, 0x00	; 0
		addrPtr = (uint16_t)(void*)address;
		ch = SPM_PAGESIZE / 2;
   1fc5c:	98 2f       	mov	r25, r24
		do {
			uint16_t a;
			a = *bufPtr++;
			a |= (*bufPtr++) << 8;
			boot_page_fill((uint16_t)(void*)addrPtr, a);
   1fc5e:	88 27       	eor	r24, r24
	while(--count);
	verifySpace();
}


uint8_t processOptiboot(void)
   1fc60:	8a 29       	or	r24, r10
   1fc62:	9b 29       	or	r25, r11
   1fc64:	0c 01       	movw	r0, r24
   1fc66:	f6 01       	movw	r30, r12
   1fc68:	e0 92 5b 00 	sts	0x005B, r14
		bufPtr = buff;
		addrPtr = (uint16_t)(void*)address;
		ch = SPM_PAGESIZE / 2;
		do {
			uint16_t a;
			a = *bufPtr++;
   1fc6c:	70 93 57 00 	sts	0x0057, r23
			a |= (*bufPtr++) << 8;
			boot_page_fill((uint16_t)(void*)addrPtr, a);
   1fc70:	e8 95       	spm
   1fc72:	11 24       	eor	r1, r1
	while(--count);
	verifySpace();
}


uint8_t processOptiboot(void)
   1fc74:	61 50       	subi	r22, 0x01	; 1
   1fc76:	29 f0       	breq	.+10     	; 0x1fc82 <processOptiboot+0x16a>
   1fc78:	f8 01       	movw	r30, r16
		addrPtr = (uint16_t)(void*)address;
		ch = SPM_PAGESIZE / 2;
		do {
			uint16_t a;
			a = *bufPtr++;
			a |= (*bufPtr++) << 8;
   1fc7a:	82 81       	ldd	r24, Z+2	; 0x02
   1fc7c:	2e 5f       	subi	r18, 0xFE	; 254
   1fc7e:	3f 4f       	sbci	r19, 0xFF	; 255
   1fc80:	e2 cf       	rjmp	.-60     	; 0x1fc46 <processOptiboot+0x12e>
   1fc82:	cd 01       	movw	r24, r26
   1fc84:	a0 e0       	ldi	r26, 0x00	; 0
   1fc86:	b0 e0       	ldi	r27, 0x00	; 0
			boot_page_fill((uint16_t)(void*)addrPtr, a);
   1fc88:	25 e0       	ldi	r18, 0x05	; 5
   1fc8a:	fc 01       	movw	r30, r24
   1fc8c:	a0 93 5b 00 	sts	0x005B, r26
   1fc90:	20 93 57 00 	sts	0x0057, r18
   1fc94:	e8 95       	spm
   1fc96:	07 b6       	in	r0, 0x37	; 55
			addrPtr += 2;
		} while(--ch);
   1fc98:	00 fc       	sbrc	r0, 0
   1fc9a:	fd cf       	rjmp	.-6      	; 0x1fc96 <processOptiboot+0x17e>
		addrPtr = (uint16_t)(void*)address;
		ch = SPM_PAGESIZE / 2;
		do {
			uint16_t a;
			a = *bufPtr++;
			a |= (*bufPtr++) << 8;
   1fc9c:	81 e1       	ldi	r24, 0x11	; 17
   1fc9e:	80 93 57 00 	sts	0x0057, r24
   1fca2:	e8 95       	spm
   1fca4:	34 c0       	rjmp	.+104    	; 0x1fd0e <processOptiboot+0x1f6>
			boot_page_fill((uint16_t)(void*)addrPtr, a);
			addrPtr += 2;
		} while(--ch);

		// Write from programming buffer
		boot_page_write((uint16_t)(void*)address);
   1fca6:	84 37       	cpi	r24, 0x74	; 116
   1fca8:	e9 f4       	brne	.+58     	; 0x1fce4 <processOptiboot+0x1cc>
   1fcaa:	ca de       	rcall	.-620    	; 0x1fa40 <getch>
   1fcac:	c9 de       	rcall	.-622    	; 0x1fa40 <getch>
   1fcae:	80 93 2a 01 	sts	0x012A, r24
   1fcb2:	c6 de       	rcall	.-628    	; 0x1fa40 <getch>
   1fcb4:	1d df       	rcall	.-454    	; 0x1faf0 <verifySpace>
   1fcb6:	e0 91 28 01 	lds	r30, 0x0128
		boot_spm_busy_wait();
   1fcba:	f0 91 29 01 	lds	r31, 0x0129
   1fcbe:	86 91       	elpm	r24, Z

#if defined(RWWSRE)
		// Reenable read access to flash
		boot_rww_enable();
   1fcc0:	b2 de       	rcall	.-668    	; 0x1fa26 <putch>
   1fcc2:	80 91 28 01 	lds	r24, 0x0128
   1fcc6:	90 91 29 01 	lds	r25, 0x0129
#endif
	}
	/* Read memory block mode, length is big endian.  */
	else if(ch == STK_READ_PAGE) {
   1fcca:	01 96       	adiw	r24, 0x01	; 1
   1fccc:	90 93 29 01 	sts	0x0129, r25
		// READ PAGE - we only read flash
		getch();			/* getlen() */
   1fcd0:	80 93 28 01 	sts	0x0128, r24
		length = getch();
   1fcd4:	80 91 2a 01 	lds	r24, 0x012A
   1fcd8:	81 50       	subi	r24, 0x01	; 1
		getch();
   1fcda:	80 93 2a 01 	sts	0x012A, r24

		verifySpace();
   1fcde:	88 23       	and	r24, r24
   1fce0:	51 f7       	brne	.-44     	; 0x1fcb6 <processOptiboot+0x19e>
#if defined(__AVR_ATmega1280__) || defined(__AVR_ATmega2560) || defined(__AVR_ATmega1284P__)
		//      do putch(pgm_read_byte_near(address++));
		//      while (--length);
		do {
			uint8_t result;
			__asm__("elpm %0,Z\n":"=r"(result):"z"(address));
   1fce2:	15 c0       	rjmp	.+42     	; 0x1fd0e <processOptiboot+0x1f6>
   1fce4:	85 37       	cpi	r24, 0x75	; 117
   1fce6:	39 f4       	brne	.+14     	; 0x1fcf6 <processOptiboot+0x1de>
   1fce8:	03 df       	rcall	.-506    	; 0x1faf0 <verifySpace>
   1fcea:	8e e1       	ldi	r24, 0x1E	; 30
			putch(result);
   1fcec:	9c de       	rcall	.-712    	; 0x1fa26 <putch>
   1fcee:	87 e9       	ldi	r24, 0x97	; 151
			address++;
   1fcf0:	9a de       	rcall	.-716    	; 0x1fa26 <putch>
   1fcf2:	85 e0       	ldi	r24, 0x05	; 5
   1fcf4:	37 cf       	rjmp	.-402    	; 0x1fb64 <processOptiboot+0x4c>
   1fcf6:	81 35       	cpi	r24, 0x51	; 81
   1fcf8:	49 f4       	brne	.+18     	; 0x1fd0c <processOptiboot+0x1f4>
   1fcfa:	fa de       	rcall	.-524    	; 0x1faf0 <verifySpace>
   1fcfc:	82 e0       	ldi	r24, 0x02	; 2
   1fcfe:	90 e0       	ldi	r25, 0x00	; 0
   1fd00:	6e ee       	ldi	r22, 0xEE	; 238
		} while(--length);
   1fd02:	28 d0       	rcall	.+80     	; 0x1fd54 <__eewr_byte_m1284p>
   1fd04:	80 e1       	ldi	r24, 0x10	; 16
   1fd06:	8f de       	rcall	.-738    	; 0x1fa26 <putch>
   1fd08:	80 e0       	ldi	r24, 0x00	; 0
   1fd0a:	04 c0       	rjmp	.+8      	; 0x1fd14 <processOptiboot+0x1fc>
   1fd0c:	f1 de       	rcall	.-542    	; 0x1faf0 <verifySpace>
   1fd0e:	80 e1       	ldi	r24, 0x10	; 16
   1fd10:	8a de       	rcall	.-748    	; 0x1fa26 <putch>
		do putch(pgm_read_byte_near(address++));
		while(--length);
#endif
	}
	/* Get device signature bytes  */
	else if(ch == STK_READ_SIGN) {
   1fd12:	81 e0       	ldi	r24, 0x01	; 1
   1fd14:	cf 5f       	subi	r28, 0xFF	; 255
		// READ SIGN - return what Avrdude wants to hear
		verifySpace();
   1fd16:	de 4f       	sbci	r29, 0xFE	; 254
   1fd18:	de bf       	out	0x3e, r29	; 62
		putch(SIGNATURE_0);
   1fd1a:	cd bf       	out	0x3d, r28	; 61
   1fd1c:	df 91       	pop	r29
   1fd1e:	cf 91       	pop	r28
		putch(SIGNATURE_1);
   1fd20:	1f 91       	pop	r17
   1fd22:	0f 91       	pop	r16
   1fd24:	ff 90       	pop	r15
		putch(SIGNATURE_2);
   1fd26:	ef 90       	pop	r14
   1fd28:	df 90       	pop	r13
	} else if(ch == STK_LEAVE_PROGMODE) {
   1fd2a:	cf 90       	pop	r12
   1fd2c:	bf 90       	pop	r11
		// Adaboot no-wait mod
		//watchdogConfig(WATCHDOG_16MS);
		verifySpace();
   1fd2e:	af 90       	pop	r10
   1fd30:	08 95       	ret

0001fd32 <memcpy_PF>:
		eeprom_write_byte(EEPROM_IMG_STAT, EEPROM_IMG_OK_VALUE);
   1fd32:	fa 01       	movw	r30, r20
   1fd34:	dc 01       	movw	r26, r24
   1fd36:	02 c0       	rjmp	.+4      	; 0x1fd3c <memcpy_PF+0xa>
   1fd38:	05 90       	lpm	r0, Z+
   1fd3a:	0d 92       	st	X+, r0
		putch(STK_OK);
   1fd3c:	21 50       	subi	r18, 0x01	; 1
   1fd3e:	30 40       	sbci	r19, 0x00	; 0
   1fd40:	d8 f7       	brcc	.-10     	; 0x1fd38 <memcpy_PF+0x6>
		return(0);
   1fd42:	08 95       	ret

0001fd44 <__eerd_byte_m1284p>:
   1fd44:	f9 99       	sbic	0x1f, 1	; 31
	} else {
		// This covers the response to commands like STK_ENTER_PROGMODE
		verifySpace();
   1fd46:	fe cf       	rjmp	.-4      	; 0x1fd44 <__eerd_byte_m1284p>
   1fd48:	92 bd       	out	0x22, r25	; 34
	}
	putch(STK_OK);
   1fd4a:	81 bd       	out	0x21, r24	; 33
   1fd4c:	f8 9a       	sbi	0x1f, 0	; 31
   1fd4e:	99 27       	eor	r25, r25
	return(1);
   1fd50:	80 b5       	in	r24, 0x20	; 32
}
   1fd52:	08 95       	ret

0001fd54 <__eewr_byte_m1284p>:
   1fd54:	26 2f       	mov	r18, r22

0001fd56 <__eewr_r18_m1284p>:
   1fd56:	f9 99       	sbic	0x1f, 1	; 31
   1fd58:	fe cf       	rjmp	.-4      	; 0x1fd56 <__eewr_r18_m1284p>
   1fd5a:	1f ba       	out	0x1f, r1	; 31
   1fd5c:	92 bd       	out	0x22, r25	; 34
   1fd5e:	81 bd       	out	0x21, r24	; 33
   1fd60:	20 bd       	out	0x20, r18	; 32
   1fd62:	0f b6       	in	r0, 0x3f	; 63
   1fd64:	f8 94       	cli
   1fd66:	fa 9a       	sbi	0x1f, 2	; 31
   1fd68:	f9 9a       	sbi	0x1f, 1	; 31
   1fd6a:	0f be       	out	0x3f, r0	; 63
   1fd6c:	01 96       	adiw	r24, 0x01	; 1
   1fd6e:	08 95       	ret

0001fd70 <_exit>:
   1fd70:	f8 94       	cli

0001fd72 <__stop_program>:
   1fd72:	ff cf       	rjmp	.-2      	; 0x1fd72 <__stop_program>
