
tftpboot_atmega328_ether.elf:     file format elf32-avr

Sections:
Idx Name          Size      VMA       LMA       File off  Algn
  0 .data         0000001c  00800100  000079cc  00000a60  2**0
                  CONTENTS, ALLOC, LOAD, DATA
  1 .text         000009cc  00007000  00007000  00000094  2**1
                  CONTENTS, ALLOC, LOAD, READONLY, CODE
  2 .bss          0000000d  0080011c  0080011c  00000a7c  2**0
                  ALLOC
  3 .stab         00002f88  00000000  00000000  00000a7c  2**2
                  CONTENTS, READONLY, DEBUGGING
  4 .stabstr      000010b0  00000000  00000000  00003a04  2**0
                  CONTENTS, READONLY, DEBUGGING
  5 .comment      00000011  00000000  00000000  00004ab4  2**0
                  CONTENTS, READONLY

Disassembly of section .text:

00007000 <__vectors>:
    7000:	50 c0       	rjmp	.+160    	; 0x70a2 <__ctors_end>
    7002:	00 00       	nop
    7004:	be c0       	rjmp	.+380    	; 0x7182 <__bad_interrupt>
    7006:	00 00       	nop
    7008:	bc c0       	rjmp	.+376    	; 0x7182 <__bad_interrupt>
    700a:	00 00       	nop
    700c:	ba c0       	rjmp	.+372    	; 0x7182 <__bad_interrupt>
    700e:	00 00       	nop
    7010:	b8 c0       	rjmp	.+368    	; 0x7182 <__bad_interrupt>
    7012:	00 00       	nop
    7014:	b6 c0       	rjmp	.+364    	; 0x7182 <__bad_interrupt>
    7016:	00 00       	nop
    7018:	b4 c0       	rjmp	.+360    	; 0x7182 <__bad_interrupt>
    701a:	00 00       	nop
    701c:	b2 c0       	rjmp	.+356    	; 0x7182 <__bad_interrupt>
    701e:	00 00       	nop
    7020:	b0 c0       	rjmp	.+352    	; 0x7182 <__bad_interrupt>
    7022:	00 00       	nop
    7024:	ae c0       	rjmp	.+348    	; 0x7182 <__bad_interrupt>
    7026:	00 00       	nop
    7028:	ac c0       	rjmp	.+344    	; 0x7182 <__bad_interrupt>
    702a:	00 00       	nop
    702c:	aa c0       	rjmp	.+340    	; 0x7182 <__bad_interrupt>
    702e:	00 00       	nop
    7030:	a8 c0       	rjmp	.+336    	; 0x7182 <__bad_interrupt>
    7032:	00 00       	nop
    7034:	a6 c0       	rjmp	.+332    	; 0x7182 <__bad_interrupt>
    7036:	00 00       	nop
    7038:	a4 c0       	rjmp	.+328    	; 0x7182 <__bad_interrupt>
    703a:	00 00       	nop
    703c:	a2 c0       	rjmp	.+324    	; 0x7182 <__bad_interrupt>
    703e:	00 00       	nop
    7040:	a0 c0       	rjmp	.+320    	; 0x7182 <__bad_interrupt>
    7042:	00 00       	nop
    7044:	9e c0       	rjmp	.+316    	; 0x7182 <__bad_interrupt>
    7046:	00 00       	nop
    7048:	9c c0       	rjmp	.+312    	; 0x7182 <__bad_interrupt>
    704a:	00 00       	nop
    704c:	9a c0       	rjmp	.+308    	; 0x7182 <__bad_interrupt>
    704e:	00 00       	nop
    7050:	98 c0       	rjmp	.+304    	; 0x7182 <__bad_interrupt>
    7052:	00 00       	nop
    7054:	96 c0       	rjmp	.+300    	; 0x7182 <__bad_interrupt>
    7056:	00 00       	nop
    7058:	94 c0       	rjmp	.+296    	; 0x7182 <__bad_interrupt>
    705a:	00 00       	nop
    705c:	92 c0       	rjmp	.+292    	; 0x7182 <__bad_interrupt>
    705e:	00 00       	nop
    7060:	90 c0       	rjmp	.+288    	; 0x7182 <__bad_interrupt>
    7062:	00 00       	nop
    7064:	8e c0       	rjmp	.+284    	; 0x7182 <__bad_interrupt>
	...

00007068 <tftp_invalid_image_packet>:
    7068:	13 00 05 00 00 49 6e 76 61 6c 69 64 20 69 6d 61     .....Invalid ima
    7078:	67 65 20 66 69 6c 65 00                             ge file.

00007080 <tftp_unknown_error_packet>:
    7080:	08 00 05 00 00 45 72 72 6f 72 00                    .....Error.

0000708b <tftp_full_error_packet>:
    708b:	09 00 05 00 03 46 75 6c 6c 00                       .....Full.

00007095 <tftp_opcode_error_packet>:
    7095:	0a 00 05 00 00 4f 70 63 6f 64 65 3f 00              .....Opcode?.

000070a2 <__ctors_end>:
    70a2:	11 24       	eor	r1, r1
    70a4:	1f be       	out	0x3f, r1	; 63
    70a6:	cf ef       	ldi	r28, 0xFF	; 255
    70a8:	d8 e0       	ldi	r29, 0x08	; 8
    70aa:	de bf       	out	0x3e, r29	; 62
    70ac:	cd bf       	out	0x3d, r28	; 61

000070ae <__do_copy_data>:
    70ae:	11 e0       	ldi	r17, 0x01	; 1
    70b0:	a0 e0       	ldi	r26, 0x00	; 0
    70b2:	b1 e0       	ldi	r27, 0x01	; 1
    70b4:	ec ec       	ldi	r30, 0xCC	; 204
    70b6:	f9 e7       	ldi	r31, 0x79	; 121
    70b8:	02 c0       	rjmp	.+4      	; 0x70be <__do_copy_data+0x10>
    70ba:	05 90       	lpm	r0, Z+
    70bc:	0d 92       	st	X+, r0
    70be:	ac 31       	cpi	r26, 0x1C	; 28
    70c0:	b1 07       	cpc	r27, r17
    70c2:	d9 f7       	brne	.-10     	; 0x70ba <__do_copy_data+0xc>

000070c4 <__do_clear_bss>:
    70c4:	11 e0       	ldi	r17, 0x01	; 1
    70c6:	ac e1       	ldi	r26, 0x1C	; 28
    70c8:	b1 e0       	ldi	r27, 0x01	; 1
    70ca:	01 c0       	rjmp	.+2      	; 0x70ce <.do_clear_bss_start>

000070cc <.do_clear_bss_loop>:
    70cc:	1d 92       	st	X+, r1

000070ce <.do_clear_bss_start>:
    70ce:	a9 32       	cpi	r26, 0x29	; 41
    70d0:	b1 07       	cpc	r27, r17
    70d2:	e1 f7       	brne	.-8      	; 0x70cc <.do_clear_bss_loop>
    70d4:	01 d0       	rcall	.+2      	; 0x70d8 <main>
    70d6:	78 c4       	rjmp	.+2288   	; 0x79c8 <_exit>

000070d8 <main>:
    70d8:	f0 d2       	rcall	.+1504   	; 0x76ba <watchdogDisable>
    70da:	2f ef       	ldi	r18, 0xFF	; 255
    70dc:	85 ea       	ldi	r24, 0xA5	; 165
    70de:	9e e0       	ldi	r25, 0x0E	; 14
    70e0:	21 50       	subi	r18, 0x01	; 1
    70e2:	80 40       	sbci	r24, 0x00	; 0
    70e4:	90 40       	sbci	r25, 0x00	; 0
    70e6:	e1 f7       	brne	.-8      	; 0x70e0 <main+0x8>
    70e8:	00 c0       	rjmp	.+0      	; 0x70ea <main+0x12>
    70ea:	00 00       	nop
    70ec:	11 24       	eor	r1, r1
    70ee:	85 e0       	ldi	r24, 0x05	; 5
    70f0:	80 93 81 00 	sts	0x0081, r24
    70f4:	e8 d3       	rcall	.+2000   	; 0x78c6 <serialInit>
    70f6:	9e d0       	rcall	.+316    	; 0x7234 <netInit>
    70f8:	80 d2       	rcall	.+1280   	; 0x75fa <tftpInit>
    70fa:	ef ef       	ldi	r30, 0xFF	; 255
    70fc:	f5 ea       	ldi	r31, 0xA5	; 165
    70fe:	2e e0       	ldi	r18, 0x0E	; 14
    7100:	e1 50       	subi	r30, 0x01	; 1
    7102:	f0 40       	sbci	r31, 0x00	; 0
    7104:	20 40       	sbci	r18, 0x00	; 0
    7106:	e1 f7       	brne	.-8      	; 0x7100 <main+0x28>
    7108:	00 c0       	rjmp	.+0      	; 0x710a <main+0x32>
    710a:	00 00       	nop
    710c:	10 92 24 01 	sts	0x0124, r1
    7110:	10 92 25 01 	sts	0x0125, r1
    7114:	c3 e0       	ldi	r28, 0x03	; 3
    7116:	e1 2c       	mov	r14, r1
    7118:	f1 2c       	mov	r15, r1
    711a:	80 91 24 01 	lds	r24, 0x0124
    711e:	88 23       	and	r24, r24
    7120:	29 f0       	breq	.+10     	; 0x712c <main+0x54>
    7122:	80 91 25 01 	lds	r24, 0x0125
    7126:	88 23       	and	r24, r24
    7128:	49 f0       	breq	.+18     	; 0x713c <main+0x64>
    712a:	04 c0       	rjmp	.+8      	; 0x7134 <main+0x5c>
    712c:	82 d2       	rcall	.+1284   	; 0x7632 <tftpPoll>
    712e:	81 11       	cpse	r24, r1
    7130:	f8 cf       	rjmp	.-16     	; 0x7122 <main+0x4a>
    7132:	20 c0       	rjmp	.+64     	; 0x7174 <main+0x9c>
    7134:	1a d4       	rcall	.+2100   	; 0x796a <timedOut>
    7136:	81 11       	cpse	r24, r1
    7138:	05 c0       	rjmp	.+10     	; 0x7144 <main+0x6c>
    713a:	1a c0       	rjmp	.+52     	; 0x7170 <main+0x98>
    713c:	ba d3       	rcall	.+1908   	; 0x78b2 <serialPoll>
    713e:	81 11       	cpse	r24, r1
    7140:	f9 cf       	rjmp	.-14     	; 0x7134 <main+0x5c>
    7142:	18 c0       	rjmp	.+48     	; 0x7174 <main+0x9c>
    7144:	80 91 25 01 	lds	r24, 0x0125
    7148:	81 30       	cpi	r24, 0x01	; 1
    714a:	69 f4       	brne	.+26     	; 0x7166 <main+0x8e>
    714c:	10 92 25 01 	sts	0x0125, r1
    7150:	07 b6       	in	r0, 0x37	; 55
    7152:	00 fc       	sbrc	r0, 0
    7154:	fd cf       	rjmp	.-6      	; 0x7150 <main+0x78>
    7156:	f9 99       	sbic	0x1f, 1	; 31
    7158:	fe cf       	rjmp	.-4      	; 0x7156 <main+0x7e>
    715a:	f7 01       	movw	r30, r14
    715c:	c7 bf       	out	0x37, r28	; 55
    715e:	e8 95       	spm
    7160:	ff d3       	rcall	.+2046   	; 0x7960 <resetTick>
    7162:	4b d2       	rcall	.+1174   	; 0x75fa <tftpInit>
    7164:	05 c0       	rjmp	.+10     	; 0x7170 <main+0x98>
    7166:	82 e0       	ldi	r24, 0x02	; 2
    7168:	90 e0       	ldi	r25, 0x00	; 0
    716a:	18 d4       	rcall	.+2096   	; 0x799c <__eerd_byte_m328p>
    716c:	8b 3b       	cpi	r24, 0xBB	; 187
    716e:	11 f0       	breq	.+4      	; 0x7174 <main+0x9c>
    7170:	d5 d3       	rcall	.+1962   	; 0x791c <updateLed>
    7172:	d3 cf       	rjmp	.-90     	; 0x711a <main+0x42>
    7174:	e0 91 1c 01 	lds	r30, 0x011C
    7178:	f0 91 1d 01 	lds	r31, 0x011D
    717c:	09 95       	icall
    717e:	80 e0       	ldi	r24, 0x00	; 0
    7180:	90 e0       	ldi	r25, 0x00	; 0

00007182 <__bad_interrupt>:
    7182:	3e cf       	rjmp	.-388    	; 0x7000 <__vectors>

00007184 <netWriteReg>:
	trace(", ");
	tracenum(value);
#endif

	// Send uint8_t to Ethernet controller
	SPCR = _BV(SPE) | _BV(MSTR); // Set SPI as master
    7184:	20 e5       	ldi	r18, 0x50	; 80
    7186:	2c bd       	out	0x2c, r18	; 44
	SS_LOW();
    7188:	2a 98       	cbi	0x05, 2	; 5
	SPDR = SPI_WRITE;
    718a:	20 ef       	ldi	r18, 0xF0	; 240
    718c:	2e bd       	out	0x2e, r18	; 46
	while(!(SPSR & _BV(SPIF)));
    718e:	0d b4       	in	r0, 0x2d	; 45
    7190:	07 fe       	sbrs	r0, 7
    7192:	fd cf       	rjmp	.-6      	; 0x718e <netWriteReg+0xa>
	SPDR = address >> 8;
    7194:	29 2f       	mov	r18, r25
    7196:	33 27       	eor	r19, r19
    7198:	2e bd       	out	0x2e, r18	; 46
	while(!(SPSR & _BV(SPIF)));
    719a:	0d b4       	in	r0, 0x2d	; 45
    719c:	07 fe       	sbrs	r0, 7
    719e:	fd cf       	rjmp	.-6      	; 0x719a <netWriteReg+0x16>
	SPDR = address & 0xff;
    71a0:	8e bd       	out	0x2e, r24	; 46
	while(!(SPSR & _BV(SPIF)));
    71a2:	0d b4       	in	r0, 0x2d	; 45
    71a4:	07 fe       	sbrs	r0, 7
    71a6:	fd cf       	rjmp	.-6      	; 0x71a2 <netWriteReg+0x1e>
	SPDR = value;
    71a8:	6e bd       	out	0x2e, r22	; 46
	while(!(SPSR & _BV(SPIF)));
    71aa:	0d b4       	in	r0, 0x2d	; 45
    71ac:	07 fe       	sbrs	r0, 7
    71ae:	fd cf       	rjmp	.-6      	; 0x71aa <netWriteReg+0x26>
	SS_HIGH();
    71b0:	2a 9a       	sbi	0x05, 2	; 5
	SPCR = 0; // Turn of SPI
    71b2:	1c bc       	out	0x2c, r1	; 44
    71b4:	08 95       	ret

000071b6 <netReadReg>:
//    tracenum(address);
//#endif

	// Read uint8_t from Ethernet controller
	uint8_t returnValue;
	SPCR = _BV(SPE) | _BV(MSTR);
    71b6:	20 e5       	ldi	r18, 0x50	; 80
    71b8:	2c bd       	out	0x2c, r18	; 44
	SS_LOW();
    71ba:	2a 98       	cbi	0x05, 2	; 5
	SPDR = SPI_READ;
    71bc:	2f e0       	ldi	r18, 0x0F	; 15
    71be:	2e bd       	out	0x2e, r18	; 46
	while(!(SPSR & _BV(SPIF)));
    71c0:	0d b4       	in	r0, 0x2d	; 45
    71c2:	07 fe       	sbrs	r0, 7
    71c4:	fd cf       	rjmp	.-6      	; 0x71c0 <netReadReg+0xa>
	SPDR = address >> 8;
    71c6:	29 2f       	mov	r18, r25
    71c8:	33 27       	eor	r19, r19
    71ca:	2e bd       	out	0x2e, r18	; 46
	while(!(SPSR & _BV(SPIF)));
    71cc:	0d b4       	in	r0, 0x2d	; 45
    71ce:	07 fe       	sbrs	r0, 7
    71d0:	fd cf       	rjmp	.-6      	; 0x71cc <netReadReg+0x16>
	SPDR = address & 0xff;
    71d2:	8e bd       	out	0x2e, r24	; 46
	while(!(SPSR & _BV(SPIF)));
    71d4:	0d b4       	in	r0, 0x2d	; 45
    71d6:	07 fe       	sbrs	r0, 7
    71d8:	fd cf       	rjmp	.-6      	; 0x71d4 <netReadReg+0x1e>
	SPDR = 0;
    71da:	1e bc       	out	0x2e, r1	; 46
	while(!(SPSR & _BV(SPIF)));
    71dc:	0d b4       	in	r0, 0x2d	; 45
    71de:	07 fe       	sbrs	r0, 7
    71e0:	fd cf       	rjmp	.-6      	; 0x71dc <netReadReg+0x26>
	SS_HIGH();
    71e2:	2a 9a       	sbi	0x05, 2	; 5
	returnValue = SPDR;
    71e4:	8e b5       	in	r24, 0x2e	; 46
	SPCR = 0;
    71e6:	1c bc       	out	0x2c, r1	; 44
	return(returnValue);
}
    71e8:	08 95       	ret

000071ea <netReadWord>:

uint16_t netReadWord(uint16_t address)
{
    71ea:	ef 92       	push	r14
    71ec:	ff 92       	push	r15
    71ee:	cf 93       	push	r28
    71f0:	7c 01       	movw	r14, r24
	// Read uint16_t from Ethernet controller
	return((netReadReg(address) << 8) | netReadReg(address + 1));
    71f2:	e1 df       	rcall	.-62     	; 0x71b6 <netReadReg>
    71f4:	c8 2f       	mov	r28, r24
    71f6:	c7 01       	movw	r24, r14
    71f8:	01 96       	adiw	r24, 0x01	; 1
    71fa:	dd df       	rcall	.-70     	; 0x71b6 <netReadReg>
    71fc:	2c 2f       	mov	r18, r28
    71fe:	30 e0       	ldi	r19, 0x00	; 0
    7200:	32 2f       	mov	r19, r18
    7202:	22 27       	eor	r18, r18
}
    7204:	a9 01       	movw	r20, r18
    7206:	48 2b       	or	r20, r24
    7208:	ca 01       	movw	r24, r20
    720a:	cf 91       	pop	r28
    720c:	ff 90       	pop	r15
    720e:	ef 90       	pop	r14
    7210:	08 95       	ret

00007212 <netWriteWord>:

void netWriteWord(uint16_t address, uint16_t value)
{
    7212:	cf 92       	push	r12
    7214:	df 92       	push	r13
    7216:	ef 92       	push	r14
    7218:	ff 92       	push	r15
    721a:	7c 01       	movw	r14, r24
    721c:	6b 01       	movw	r12, r22
	// Write uint16_t to Ethernet controller
	netWriteReg(address++, value >> 8);
    721e:	67 2f       	mov	r22, r23
    7220:	77 27       	eor	r23, r23
    7222:	b0 df       	rcall	.-160    	; 0x7184 <netWriteReg>
	netWriteReg(address, value & 0xff);
    7224:	6c 2d       	mov	r22, r12
    7226:	c7 01       	movw	r24, r14
    7228:	01 96       	adiw	r24, 0x01	; 1
}
    722a:	ff 90       	pop	r15
    722c:	ef 90       	pop	r14
    722e:	df 90       	pop	r13
    7230:	cf 90       	pop	r12

void netWriteWord(uint16_t address, uint16_t value)
{
	// Write uint16_t to Ethernet controller
	netWriteReg(address++, value >> 8);
	netWriteReg(address, value & 0xff);
    7232:	a8 cf       	rjmp	.-176    	; 0x7184 <netWriteReg>

00007234 <netInit>:
}

void netInit()
{
    7234:	cf 92       	push	r12
    7236:	df 92       	push	r13
    7238:	ef 92       	push	r14
    723a:	ff 92       	push	r15
	uint8_t i;

	// Set up outputs to communicate with W5100 chip
	// Set pins as output
	DDRB = _BV(SCK) | _BV(MOSI) | _BV(SS);
    723c:	8c e2       	ldi	r24, 0x2C	; 44
    723e:	84 b9       	out	0x04, r24	; 4
	// Set pins high
	PORTB = _BV(SCK) | _BV(MISO) | _BV(MOSI) | _BV(SS);
    7240:	8c e3       	ldi	r24, 0x3C	; 60
    7242:	85 b9       	out	0x05, r24	; 5
#ifdef _ARDUINO_ETHERNET
	DDRB |= _BV(LED);
    7244:	21 9a       	sbi	0x04, 1	; 4
	PORTB |= _BV(LED);
    7246:	29 9a       	sbi	0x05, 1	; 5
#endif

	// Set up SPI
	// Set the Double SPI Speed Bit
	SPSR = (1 << SPI2X);
    7248:	81 e0       	ldi	r24, 0x01	; 1
    724a:	8d bd       	out	0x2d, r24	; 45


	/* Pull in altered presets
	 * if available from AVR EEPROM (if signature bytes are set)*/
	if((eeprom_read_byte(EEPROM_SIG_1) == EEPROM_SIG_1_VALUE)
    724c:	80 e0       	ldi	r24, 0x00	; 0
    724e:	90 e0       	ldi	r25, 0x00	; 0
    7250:	a5 d3       	rcall	.+1866   	; 0x799c <__eerd_byte_m328p>
    7252:	85 35       	cpi	r24, 0x55	; 85
    7254:	39 f0       	breq	.+14     	; 0x7264 <netInit+0x30>
    7256:	e0 e0       	ldi	r30, 0x00	; 0
    7258:	ce 2e       	mov	r12, r30
    725a:	e1 e0       	ldi	r30, 0x01	; 1
    725c:	de 2e       	mov	r13, r30
		&& (eeprom_read_byte(EEPROM_SIG_2) == EEPROM_SIG_2_VALUE)) {
    725e:	e1 2c       	mov	r14, r1
    7260:	f1 2c       	mov	r15, r1
    7262:	19 c0       	rjmp	.+50     	; 0x7296 <netInit+0x62>
    7264:	81 e0       	ldi	r24, 0x01	; 1
    7266:	90 e0       	ldi	r25, 0x00	; 0
    7268:	99 d3       	rcall	.+1842   	; 0x799c <__eerd_byte_m328p>
    726a:	8a 3a       	cpi	r24, 0xAA	; 170
    726c:	a1 f7       	brne	.-24     	; 0x7256 <netInit+0x22>
    726e:	61 e0       	ldi	r22, 0x01	; 1
    7270:	c6 2e       	mov	r12, r22
    7272:	61 e0       	ldi	r22, 0x01	; 1
    7274:	d6 2e       	mov	r13, r22
    7276:	73 e0       	ldi	r23, 0x03	; 3
    7278:	e7 2e       	mov	r14, r23
    727a:	f1 2c       	mov	r15, r1

#ifdef _VERBOSE
		traceln(" Net: Using EEPROM settings");
#endif
		for(i = 0; i < 18; i++)
			registerBuffer[i+1] = eeprom_read_byte(EEPROM_DATA+i);
    727c:	c7 01       	movw	r24, r14
    727e:	8e d3       	rcall	.+1820   	; 0x799c <__eerd_byte_m328p>
    7280:	f6 01       	movw	r30, r12
    7282:	81 93       	st	Z+, r24
    7284:	6f 01       	movw	r12, r30
    7286:	ff ef       	ldi	r31, 0xFF	; 255
    7288:	ef 1a       	sub	r14, r31
    728a:	ff 0a       	sbc	r15, r31
		&& (eeprom_read_byte(EEPROM_SIG_2) == EEPROM_SIG_2_VALUE)) {

#ifdef _VERBOSE
		traceln(" Net: Using EEPROM settings");
#endif
		for(i = 0; i < 18; i++)
    728c:	85 e1       	ldi	r24, 0x15	; 21
    728e:	e8 16       	cp	r14, r24
    7290:	f1 04       	cpc	r15, r1
    7292:	a1 f7       	brne	.-24     	; 0x727c <netInit+0x48>
    7294:	e0 cf       	rjmp	.-64     	; 0x7256 <netInit+0x22>
	}
#endif

	// Configure Wiznet chip
	for(i = 0; i < REGISTER_BLOCK_SIZE; i++)
		netWriteReg(i, registerBuffer[i]);
    7296:	f6 01       	movw	r30, r12
    7298:	61 91       	ld	r22, Z+
    729a:	6f 01       	movw	r12, r30
    729c:	c7 01       	movw	r24, r14
    729e:	72 df       	rcall	.-284    	; 0x7184 <netWriteReg>
    72a0:	ff ef       	ldi	r31, 0xFF	; 255
    72a2:	ef 1a       	sub	r14, r31
    72a4:	ff 0a       	sbc	r15, r31
		if(i != 14) putch(0x2E);
	}
#endif

	// Configure Wiznet chip
	for(i = 0; i < REGISTER_BLOCK_SIZE; i++)
    72a6:	8c e1       	ldi	r24, 0x1C	; 28
    72a8:	e8 16       	cp	r14, r24
    72aa:	f1 04       	cpc	r15, r1
    72ac:	a1 f7       	brne	.-24     	; 0x7296 <netInit+0x62>
		netWriteReg(i, registerBuffer[i]);
#ifdef _VERBOSE
		traceln(" Net: Network init done");
#endif
}
    72ae:	ff 90       	pop	r15
    72b0:	ef 90       	pop	r14
    72b2:	df 90       	pop	r13
    72b4:	cf 90       	pop	r12
    72b6:	08 95       	ret

000072b8 <processPacket>:
#ifdef _DEBUG_TFTP
uint8_t processPacket(uint16_t packetSize)
{
#else
uint8_t processPacket()
{
    72b8:	af 92       	push	r10
    72ba:	bf 92       	push	r11
    72bc:	cf 92       	push	r12
    72be:	df 92       	push	r13
    72c0:	ef 92       	push	r14
    72c2:	ff 92       	push	r15
    72c4:	cf 93       	push	r28
    72c6:	df 93       	push	r29
    72c8:	cd b7       	in	r28, 0x3d	; 61
    72ca:	de b7       	in	r29, 0x3e	; 62
    72cc:	cc 50       	subi	r28, 0x0C	; 12
    72ce:	d2 40       	sbci	r29, 0x02	; 2
    72d0:	de bf       	out	0x3e, r29	; 62
    72d2:	cd bf       	out	0x3d, r28	; 61
	tracenum(packetSize);
	if(packetSize >= 0x800) traceln("Tftp: Overflow");
	//  step();
#endif

	readPointer = netReadWord(REG_S3_RX_RD0);
    72d4:	88 e2       	ldi	r24, 0x28	; 40
    72d6:	97 e0       	ldi	r25, 0x07	; 7
    72d8:	88 df       	rcall	.-240    	; 0x71ea <netReadWord>
#ifdef _DEBUG_TFTP
	traceln("Tftp: readPointer at position ");
	tracenum(readPointer);
#endif
	if(readPointer == 0) readPointer += S3_RX_START;
    72da:	00 97       	sbiw	r24, 0x00	; 0
    72dc:	11 f4       	brne	.+4      	; 0x72e2 <processPacket+0x2a>
    72de:	80 e0       	ldi	r24, 0x00	; 0
    72e0:	98 e7       	ldi	r25, 0x78	; 120
    72e2:	ee 24       	eor	r14, r14
    72e4:	e3 94       	inc	r14
    72e6:	f1 2c       	mov	r15, r1
    72e8:	ec 0e       	add	r14, r28
    72ea:	fd 1e       	adc	r15, r29

#ifdef _DEBUG_TFTP
uint8_t processPacket(uint16_t packetSize)
{
#else
uint8_t processPacket()
    72ec:	5e 01       	movw	r10, r28
    72ee:	23 ef       	ldi	r18, 0xF3	; 243
    72f0:	a2 1a       	sub	r10, r18
    72f2:	2d ef       	ldi	r18, 0xFD	; 253
    72f4:	b2 0a       	sbc	r11, r18
		if((count == TFTP_PACKET_MAX_SIZE - 1) || (count == 0)) {
			traceln("Tftp: Reading from position ");
			tracenum(readPointer);
		}
#endif
		*bufPtr++ = netReadReg(readPointer++);
    72f6:	6c 01       	movw	r12, r24
    72f8:	ef ef       	ldi	r30, 0xFF	; 255
    72fa:	ce 1a       	sub	r12, r30
    72fc:	de 0a       	sbc	r13, r30
    72fe:	5b df       	rcall	.-330    	; 0x71b6 <netReadReg>
    7300:	f7 01       	movw	r30, r14
    7302:	81 93       	st	Z+, r24
    7304:	7f 01       	movw	r14, r30
		if(readPointer == S3_RX_END) readPointer = S3_RX_START;
    7306:	c1 14       	cp	r12, r1
    7308:	f0 e8       	ldi	r31, 0x80	; 128
    730a:	df 06       	cpc	r13, r31
    730c:	11 f0       	breq	.+4      	; 0x7312 <processPacket+0x5a>
    730e:	c6 01       	movw	r24, r12
    7310:	02 c0       	rjmp	.+4      	; 0x7316 <processPacket+0x5e>
    7312:	80 e0       	ldi	r24, 0x00	; 0
    7314:	98 e7       	ldi	r25, 0x78	; 120
#ifdef _DEBUG_TFTP
	traceln("Tftp: readPointer at position ");
	tracenum(readPointer);
#endif
	if(readPointer == 0) readPointer += S3_RX_START;
	for(count = TFTP_PACKET_MAX_SIZE; count--;) {
    7316:	ea 14       	cp	r14, r10
    7318:	fb 04       	cpc	r15, r11
    731a:	69 f7       	brne	.-38     	; 0x72f6 <processPacket+0x3e>
		}
#endif
		*bufPtr++ = netReadReg(readPointer++);
		if(readPointer == S3_RX_END) readPointer = S3_RX_START;
	}
	netWriteWord(REG_S3_RX_RD0, readPointer);     // Write back new pointer
    731c:	bc 01       	movw	r22, r24
    731e:	88 e2       	ldi	r24, 0x28	; 40
    7320:	97 e0       	ldi	r25, 0x07	; 7
    7322:	77 df       	rcall	.-274    	; 0x7212 <netWriteWord>
	netWriteReg(REG_S3_CR, CR_RECV);
    7324:	60 e4       	ldi	r22, 0x40	; 64
    7326:	81 e0       	ldi	r24, 0x01	; 1
    7328:	97 e0       	ldi	r25, 0x07	; 7
    732a:	2c df       	rcall	.-424    	; 0x7184 <netWriteReg>
	while(netReadReg(REG_S3_CR));
    732c:	81 e0       	ldi	r24, 0x01	; 1
    732e:	97 e0       	ldi	r25, 0x07	; 7
    7330:	42 df       	rcall	.-380    	; 0x71b6 <netReadReg>
    7332:	81 11       	cpse	r24, r1
    7334:	fb cf       	rjmp	.-10     	; 0x732c <processPacket+0x74>
    7336:	cc 24       	eor	r12, r12
    7338:	c3 94       	inc	r12
    733a:	d1 2c       	mov	r13, r1
    733c:	cc 0e       	add	r12, r28
    733e:	dd 1e       	adc	r13, r29
    7340:	6c e0       	ldi	r22, 0x0C	; 12
    7342:	e6 2e       	mov	r14, r22
    7344:	67 e0       	ldi	r22, 0x07	; 7
    7346:	f6 2e       	mov	r15, r22
	traceln("Tftp: Setting return address");
#endif

	// Set up return IP address and port
	uint8_t i;
	for(i = 0; i < 6; i++) netWriteReg(REG_S3_DIPR0 + i, buffer[i]);
    7348:	f6 01       	movw	r30, r12
    734a:	61 91       	ld	r22, Z+
    734c:	6f 01       	movw	r12, r30
    734e:	c7 01       	movw	r24, r14
    7350:	19 df       	rcall	.-462    	; 0x7184 <netWriteReg>
    7352:	ff ef       	ldi	r31, 0xFF	; 255
    7354:	ef 1a       	sub	r14, r31
    7356:	ff 0a       	sbc	r15, r31
    7358:	22 e1       	ldi	r18, 0x12	; 18
    735a:	e2 16       	cp	r14, r18
    735c:	27 e0       	ldi	r18, 0x07	; 7
    735e:	f2 06       	cpc	r15, r18
    7360:	99 f7       	brne	.-26     	; 0x7348 <processPacket+0x90>

	// Parse packet
	uint16_t tftpDataLen = (buffer[6] << 8) + buffer[7];
    7362:	ef 80       	ldd	r14, Y+7	; 0x07
    7364:	28 85       	ldd	r18, Y+8	; 0x08
	uint16_t tftpOpcode = (buffer[8] << 8) + buffer[9];
	uint16_t tftpBlock = (buffer[10] << 8) + buffer[11];
    7366:	cb 84       	ldd	r12, Y+11	; 0x0b
    7368:	3c 85       	ldd	r19, Y+12	; 0x0c
	uint8_t i;
	for(i = 0; i < 6; i++) netWriteReg(REG_S3_DIPR0 + i, buffer[i]);

	// Parse packet
	uint16_t tftpDataLen = (buffer[6] << 8) + buffer[7];
	uint16_t tftpOpcode = (buffer[8] << 8) + buffer[9];
    736a:	89 85       	ldd	r24, Y+9	; 0x09
    736c:	90 e0       	ldi	r25, 0x00	; 0
    736e:	98 2f       	mov	r25, r24
    7370:	88 27       	eor	r24, r24
    7372:	4a 85       	ldd	r20, Y+10	; 0x0a
    7374:	84 0f       	add	r24, r20
    7376:	91 1d       	adc	r25, r1

	uint8_t returnCode = ERROR_UNKNOWN;
	uint16_t packetLength;


	switch(tftpOpcode) {
    7378:	83 30       	cpi	r24, 0x03	; 3
    737a:	91 05       	cpc	r25, r1
    737c:	c9 f1       	breq	.+114    	; 0x73f0 <processPacket+0x138>
    737e:	38 f4       	brcc	.+14     	; 0x738e <processPacket+0xd6>
    7380:	81 30       	cpi	r24, 0x01	; 1
    7382:	91 05       	cpc	r25, r1
    7384:	39 f0       	breq	.+14     	; 0x7394 <processPacket+0xdc>
    7386:	02 97       	sbiw	r24, 0x02	; 2
    7388:	09 f0       	breq	.+2      	; 0x738c <processPacket+0xd4>
    738a:	a1 c0       	rjmp	.+322    	; 0x74ce <processPacket+0x216>
    738c:	05 c0       	rjmp	.+10     	; 0x7398 <processPacket+0xe0>
    738e:	06 97       	sbiw	r24, 0x06	; 6
    7390:	08 f0       	brcs	.+2      	; 0x7394 <processPacket+0xdc>
    7392:	9d c0       	rjmp	.+314    	; 0x74ce <processPacket+0x216>
	tracenum(tftpOpcode);
	trace(" and data length ");
	tracenum(tftpDataLen - (TFTP_OPCODE_SIZE + TFTP_BLOCKNO_SIZE));
#endif

	uint8_t returnCode = ERROR_UNKNOWN;
    7394:	80 e0       	ldi	r24, 0x00	; 0
    7396:	a2 c0       	rjmp	.+324    	; 0x74dc <processPacket+0x224>
		case TFTP_OPCODE_WRQ: // Write request
#ifdef _VERBOSE
			traceln("Tftp: Write request");
#endif
			// Flagging image as invalid since the flashing process has started
			eeprom_write_byte(EEPROM_IMG_STAT, EEPROM_IMG_BAD_VALUE);
    7398:	6f ef       	ldi	r22, 0xFF	; 255
    739a:	82 e0       	ldi	r24, 0x02	; 2
    739c:	90 e0       	ldi	r25, 0x00	; 0
    739e:	06 d3       	rcall	.+1548   	; 0x79ac <__eewr_byte_m328p>
			netWriteReg(REG_S3_CR, CR_RECV);
    73a0:	60 e4       	ldi	r22, 0x40	; 64
    73a2:	81 e0       	ldi	r24, 0x01	; 1
    73a4:	97 e0       	ldi	r25, 0x07	; 7
    73a6:	ee de       	rcall	.-548    	; 0x7184 <netWriteReg>
			netWriteReg(REG_S3_CR, CR_CLOSE);
    73a8:	60 e1       	ldi	r22, 0x10	; 16
    73aa:	81 e0       	ldi	r24, 0x01	; 1
    73ac:	97 e0       	ldi	r25, 0x07	; 7
    73ae:	ea de       	rcall	.-556    	; 0x7184 <netWriteReg>
			do {
				netWriteReg(REG_S3_MR, MR_UDP);
    73b0:	62 e0       	ldi	r22, 0x02	; 2
    73b2:	80 e0       	ldi	r24, 0x00	; 0
    73b4:	97 e0       	ldi	r25, 0x07	; 7
    73b6:	e6 de       	rcall	.-564    	; 0x7184 <netWriteReg>
				netWriteReg(REG_S3_CR, CR_OPEN);
    73b8:	61 e0       	ldi	r22, 0x01	; 1
    73ba:	81 e0       	ldi	r24, 0x01	; 1
    73bc:	97 e0       	ldi	r25, 0x07	; 7
    73be:	e2 de       	rcall	.-572    	; 0x7184 <netWriteReg>
#ifdef _TFTP_RANDOM_PORT
				netWriteWord(REG_S3_PORT0, (buffer[4]<<8) | ~buffer[5]); // Generate a 'random' TID (RFC1350)
#else
				netWriteWord(REG_S3_PORT0, TFTP_STATIC_PORT);   // Not random any more
    73c0:	69 e7       	ldi	r22, 0x79	; 121
    73c2:	77 eb       	ldi	r23, 0xB7	; 183
    73c4:	84 e0       	ldi	r24, 0x04	; 4
    73c6:	97 e0       	ldi	r25, 0x07	; 7
    73c8:	24 df       	rcall	.-440    	; 0x7212 <netWriteWord>
#endif
				if(netReadReg(REG_S3_SR) != SOCK_UDP)
    73ca:	83 e0       	ldi	r24, 0x03	; 3
    73cc:	97 e0       	ldi	r25, 0x07	; 7
    73ce:	f3 de       	rcall	.-538    	; 0x71b6 <netReadReg>
    73d0:	82 32       	cpi	r24, 0x22	; 34
    73d2:	21 f0       	breq	.+8      	; 0x73dc <processPacket+0x124>
					netWriteReg(REG_S3_CR, CR_CLOSE);
    73d4:	60 e1       	ldi	r22, 0x10	; 16
    73d6:	81 e0       	ldi	r24, 0x01	; 1
    73d8:	97 e0       	ldi	r25, 0x07	; 7
    73da:	d4 de       	rcall	.-600    	; 0x7184 <netWriteReg>
			} while(netReadReg(REG_S3_SR) != SOCK_UDP);
    73dc:	83 e0       	ldi	r24, 0x03	; 3
    73de:	97 e0       	ldi	r25, 0x07	; 7
    73e0:	ea de       	rcall	.-556    	; 0x71b6 <netReadReg>
    73e2:	82 32       	cpi	r24, 0x22	; 34
    73e4:	29 f7       	brne	.-54     	; 0x73b0 <processPacket+0xf8>
			tracenum((buffer[4]<<8) | (buffer[5]^0x55));
#else
			tracenum(TFTP_STATIC_PORT);
#endif
#endif
			lastPacket = 0;
    73e6:	10 92 1f 01 	sts	0x011F, r1
    73ea:	10 92 1e 01 	sts	0x011E, r1
    73ee:	75 c0       	rjmp	.+234    	; 0x74da <processPacket+0x222>
	for(i = 0; i < 6; i++) netWriteReg(REG_S3_DIPR0 + i, buffer[i]);

	// Parse packet
	uint16_t tftpDataLen = (buffer[6] << 8) + buffer[7];
	uint16_t tftpOpcode = (buffer[8] << 8) + buffer[9];
	uint16_t tftpBlock = (buffer[10] << 8) + buffer[11];
    73f0:	d1 2c       	mov	r13, r1
    73f2:	dc 2c       	mov	r13, r12
    73f4:	cc 24       	eor	r12, r12
    73f6:	c3 0e       	add	r12, r19
    73f8:	d1 1c       	adc	r13, r1
	// Set up return IP address and port
	uint8_t i;
	for(i = 0; i < 6; i++) netWriteReg(REG_S3_DIPR0 + i, buffer[i]);

	// Parse packet
	uint16_t tftpDataLen = (buffer[6] << 8) + buffer[7];
    73fa:	f1 2c       	mov	r15, r1
    73fc:	fe 2c       	mov	r15, r14
    73fe:	ee 24       	eor	r14, r14
    7400:	e2 0e       	add	r14, r18
    7402:	f1 1c       	adc	r15, r1
			lastPacket = 0;
			returnCode = ACK; // Send back acknowledge for packet 0
			break;

		case TFTP_OPCODE_DATA:
			packetLength = tftpDataLen - (TFTP_OPCODE_SIZE + TFTP_BLOCKNO_SIZE);
    7404:	84 e0       	ldi	r24, 0x04	; 4
    7406:	e8 1a       	sub	r14, r24
    7408:	f1 08       	sbc	r15, r1
			lastPacket = tftpBlock;
    740a:	d0 92 1f 01 	sts	0x011F, r13
    740e:	c0 92 1e 01 	sts	0x011E, r12
			writeAddr = (tftpBlock - 1) << 9; // Flash write address for this block
    7412:	e1 e0       	ldi	r30, 0x01	; 1
    7414:	ce 1a       	sub	r12, r30
    7416:	d1 08       	sbc	r13, r1
    7418:	dc 2c       	mov	r13, r12
    741a:	cc 24       	eor	r12, r12
    741c:	dd 0c       	add	r13, r13
#ifdef _VERBOSE
			traceln("Tftp: Data for block ");
			tracenum(lastPacket);
#endif

			if((writeAddr + packetLength) > MAX_ADDR) {
    741e:	c6 01       	movw	r24, r12
    7420:	8e 0d       	add	r24, r14
    7422:	9f 1d       	adc	r25, r15
    7424:	81 30       	cpi	r24, 0x01	; 1
    7426:	90 47       	sbci	r25, 0x70	; 112
    7428:	08 f0       	brcs	.+2      	; 0x742c <processPacket+0x174>
    742a:	53 c0       	rjmp	.+166    	; 0x74d2 <processPacket+0x21a>
    742c:	03 c0       	rjmp	.+6      	; 0x7434 <processPacket+0x17c>

				uint8_t *pageBase = buffer + (UDP_HEADER_SIZE + TFTP_OPCODE_SIZE + TFTP_BLOCKNO_SIZE); // Start of block data
				uint16_t offset = 0; // Block offset

				// Round up packet length to a full flash sector size
				while(packetLength % SPM_PAGESIZE) packetLength++;
    742e:	2f ef       	ldi	r18, 0xFF	; 255
    7430:	e2 1a       	sub	r14, r18
    7432:	f2 0a       	sbc	r15, r18
    7434:	c7 01       	movw	r24, r14
    7436:	8f 77       	andi	r24, 0x7F	; 127
    7438:	99 27       	eor	r25, r25
    743a:	89 2b       	or	r24, r25
    743c:	c1 f7       	brne	.-16     	; 0x742e <processPacket+0x176>
#ifdef _DEBUG_TFTP
				traceln("Tftp: Packet length adjusted to ");
				tracenum(packetLength);
#endif
				if(writeAddr == 0) {
    743e:	c1 14       	cp	r12, r1
    7440:	d1 04       	cpc	r13, r1
    7442:	31 f4       	brne	.+12     	; 0x7450 <processPacket+0x198>
					// First sector - validate
					if(!validImage(pageBase)) {
    7444:	ce 01       	movw	r24, r28
    7446:	0d 96       	adiw	r24, 0x0d	; 13
    7448:	24 d1       	rcall	.+584    	; 0x7692 <validImage>
    744a:	88 23       	and	r24, r24
    744c:	09 f4       	brne	.+2      	; 0x7450 <processPacket+0x198>
    744e:	43 c0       	rjmp	.+134    	; 0x74d6 <processPacket+0x21e>
#ifdef _DEBUG_TFTP
				traceln("Tftp: Writing data from address ");
				tracenum(writeAddr);
#endif

				uint8_t *pageBase = buffer + (UDP_HEADER_SIZE + TFTP_OPCODE_SIZE + TFTP_BLOCKNO_SIZE); // Start of block data
    7450:	de 01       	movw	r26, r28
    7452:	1d 96       	adiw	r26, 0x0d	; 13
#endif
					}
				}

				// Flash packets
				for(offset = 0; offset < packetLength;) {
    7454:	80 e0       	ldi	r24, 0x00	; 0
    7456:	90 e0       	ldi	r25, 0x00	; 0
					uint16_t writeValue = (pageBase[offset]) | (pageBase[offset + 1] << 8);
					boot_page_fill(writeAddr + offset, writeValue);
    7458:	41 e0       	ldi	r20, 0x01	; 1
						tracenum(writeAddr + offset);
					}
#endif
					offset += 2;
					if(offset % SPM_PAGESIZE == 0) {
						boot_page_erase(writeAddr + offset - SPM_PAGESIZE);
    745a:	53 e0       	ldi	r21, 0x03	; 3
						boot_spm_busy_wait();
						boot_page_write(writeAddr + offset - SPM_PAGESIZE);
    745c:	65 e0       	ldi	r22, 0x05	; 5
						boot_spm_busy_wait();
						boot_rww_enable();
    745e:	71 e1       	ldi	r23, 0x11	; 17
#endif
					}
				}

				// Flash packets
				for(offset = 0; offset < packetLength;) {
    7460:	29 c0       	rjmp	.+82     	; 0x74b4 <processPacket+0x1fc>

#ifdef _DEBUG_TFTP
uint8_t processPacket(uint16_t packetSize)
{
#else
uint8_t processPacket()
    7462:	e1 e0       	ldi	r30, 0x01	; 1
    7464:	f0 e0       	ldi	r31, 0x00	; 0
    7466:	ec 0f       	add	r30, r28
    7468:	fd 1f       	adc	r31, r29
    746a:	e8 0f       	add	r30, r24
    746c:	f9 1f       	adc	r31, r25
					}
				}

				// Flash packets
				for(offset = 0; offset < packetLength;) {
					uint16_t writeValue = (pageBase[offset]) | (pageBase[offset + 1] << 8);
    746e:	25 85       	ldd	r18, Z+13	; 0x0d
    7470:	30 e0       	ldi	r19, 0x00	; 0
    7472:	32 2f       	mov	r19, r18
    7474:	22 27       	eor	r18, r18
    7476:	ec 91       	ld	r30, X
    7478:	2e 2b       	or	r18, r30
					boot_page_fill(writeAddr + offset, writeValue);
    747a:	f6 01       	movw	r30, r12
    747c:	09 01       	movw	r0, r18
    747e:	47 bf       	out	0x37, r20	; 55
    7480:	e8 95       	spm
    7482:	11 24       	eor	r1, r1
						tracenum(writeValue);
						trace(" at offset ");
						tracenum(writeAddr + offset);
					}
#endif
					offset += 2;
    7484:	02 96       	adiw	r24, 0x02	; 2
					if(offset % SPM_PAGESIZE == 0) {
    7486:	9c 01       	movw	r18, r24
    7488:	2f 77       	andi	r18, 0x7F	; 127
    748a:	33 27       	eor	r19, r19
    748c:	23 2b       	or	r18, r19
    748e:	71 f4       	brne	.+28     	; 0x74ac <processPacket+0x1f4>
						boot_page_erase(writeAddr + offset - SPM_PAGESIZE);
    7490:	ee 57       	subi	r30, 0x7E	; 126
    7492:	f1 09       	sbc	r31, r1
    7494:	57 bf       	out	0x37, r21	; 55
    7496:	e8 95       	spm
						boot_spm_busy_wait();
    7498:	07 b6       	in	r0, 0x37	; 55
    749a:	00 fc       	sbrc	r0, 0
    749c:	fd cf       	rjmp	.-6      	; 0x7498 <processPacket+0x1e0>
						boot_page_write(writeAddr + offset - SPM_PAGESIZE);
    749e:	67 bf       	out	0x37, r22	; 55
    74a0:	e8 95       	spm
						boot_spm_busy_wait();
    74a2:	07 b6       	in	r0, 0x37	; 55
    74a4:	00 fc       	sbrc	r0, 0
    74a6:	fd cf       	rjmp	.-6      	; 0x74a2 <processPacket+0x1ea>
						boot_rww_enable();
    74a8:	77 bf       	out	0x37, r23	; 55
    74aa:	e8 95       	spm
    74ac:	12 96       	adiw	r26, 0x02	; 2
    74ae:	f2 e0       	ldi	r31, 0x02	; 2
    74b0:	cf 0e       	add	r12, r31
    74b2:	d1 1c       	adc	r13, r1
#endif
					}
				}

				// Flash packets
				for(offset = 0; offset < packetLength;) {
    74b4:	8e 15       	cp	r24, r14
    74b6:	9f 05       	cpc	r25, r15
    74b8:	a0 f2       	brcs	.-88     	; 0x7462 <processPacket+0x1aa>
						boot_spm_busy_wait();
						boot_rww_enable();
					}
				}

				if(packetLength < TFTP_DATA_SIZE) {
    74ba:	e1 14       	cp	r14, r1
    74bc:	22 e0       	ldi	r18, 0x02	; 2
    74be:	f2 06       	cpc	r15, r18
    74c0:	60 f4       	brcc	.+24     	; 0x74da <processPacket+0x222>
					// Hand over to application
#ifdef _VERBOSE
					traceln("Tftp: Flash is complete");
#endif
					// Flag the image as valid since we received the last packet
					eeprom_write_byte(EEPROM_IMG_STAT, EEPROM_IMG_OK_VALUE);
    74c2:	6b eb       	ldi	r22, 0xBB	; 187
    74c4:	82 e0       	ldi	r24, 0x02	; 2
    74c6:	90 e0       	ldi	r25, 0x00	; 0
    74c8:	71 d2       	rcall	.+1250   	; 0x79ac <__eewr_byte_m328p>
					returnCode = FINAL_ACK;
    74ca:	84 e0       	ldi	r24, 0x04	; 4
    74cc:	07 c0       	rjmp	.+14     	; 0x74dc <processPacket+0x224>
#ifdef _DEBUG_TFTP
			traceln("Tftp: Invalid opcode ");
			tracenum(tftpOpcode);
#endif
			// Invalid - return error
			returnCode = ERROR_INVALID;
    74ce:	81 e0       	ldi	r24, 0x01	; 1
    74d0:	05 c0       	rjmp	.+10     	; 0x74dc <processPacket+0x224>
				// Flash is full - abort with an error before a bootloader overwrite occurs
				// Application is now corrupt, so do not hand over.
#ifdef _VERBOSE
				traceln("Tftp: Flash is full");
#endif
				returnCode = ERROR_FULL;
    74d2:	83 e0       	ldi	r24, 0x03	; 3
    74d4:	03 c0       	rjmp	.+6      	; 0x74dc <processPacket+0x224>
				tracenum(packetLength);
#endif
				if(writeAddr == 0) {
					// First sector - validate
					if(!validImage(pageBase)) {
						returnCode = INVALID_IMAGE;
    74d6:	85 e0       	ldi	r24, 0x05	; 5
    74d8:	01 c0       	rjmp	.+2      	; 0x74dc <processPacket+0x224>
#endif
					// Flag the image as valid since we received the last packet
					eeprom_write_byte(EEPROM_IMG_STAT, EEPROM_IMG_OK_VALUE);
					returnCode = FINAL_ACK;
				} else {
					returnCode = ACK;
    74da:	82 e0       	ldi	r24, 0x02	; 2
			returnCode = ERROR_INVALID;
			break;

	}
	return(returnCode);
}
    74dc:	c4 5f       	subi	r28, 0xF4	; 244
    74de:	dd 4f       	sbci	r29, 0xFD	; 253
    74e0:	de bf       	out	0x3e, r29	; 62
    74e2:	cd bf       	out	0x3d, r28	; 61
    74e4:	df 91       	pop	r29
    74e6:	cf 91       	pop	r28
    74e8:	ff 90       	pop	r15
    74ea:	ef 90       	pop	r14
    74ec:	df 90       	pop	r13
    74ee:	cf 90       	pop	r12
    74f0:	bf 90       	pop	r11
    74f2:	af 90       	pop	r10
    74f4:	08 95       	ret

000074f6 <sendResponse>:


void sendResponse(uint16_t response)
{
    74f6:	af 92       	push	r10
    74f8:	bf 92       	push	r11
    74fa:	cf 92       	push	r12
    74fc:	df 92       	push	r13
    74fe:	ef 92       	push	r14
    7500:	ff 92       	push	r15
    7502:	1f 93       	push	r17
    7504:	cf 93       	push	r28
    7506:	df 93       	push	r29
    7508:	cd b7       	in	r28, 0x3d	; 61
    750a:	de b7       	in	r29, 0x3e	; 62
    750c:	c4 56       	subi	r28, 0x64	; 100
    750e:	d1 09       	sbc	r29, r1
    7510:	de bf       	out	0x3e, r29	; 62
    7512:	cd bf       	out	0x3d, r28	; 61
    7514:	7c 01       	movw	r14, r24
	uint8_t txBuffer[100];
	uint8_t *txPtr = txBuffer;
	uint8_t packetLength;
	uint16_t writePointer;

	writePointer = netReadWord(REG_S3_TX_WR0) + S3_TX_START;
    7516:	84 e2       	ldi	r24, 0x24	; 36
    7518:	97 e0       	ldi	r25, 0x07	; 7
    751a:	67 de       	rcall	.-818    	; 0x71ea <netReadWord>
    751c:	98 5a       	subi	r25, 0xA8	; 168
    751e:	6c 01       	movw	r12, r24
	switch(response) {
    7520:	82 e0       	ldi	r24, 0x02	; 2
    7522:	e8 16       	cp	r14, r24
    7524:	f1 04       	cpc	r15, r1
    7526:	79 f1       	breq	.+94     	; 0x7586 <sendResponse+0x90>
    7528:	20 f4       	brcc	.+8      	; 0x7532 <sendResponse+0x3c>
    752a:	ea 94       	dec	r14
    752c:	ef 28       	or	r14, r15
    752e:	49 f4       	brne	.+18     	; 0x7542 <sendResponse+0x4c>
    7530:	18 c0       	rjmp	.+48     	; 0x7562 <sendResponse+0x6c>
    7532:	83 e0       	ldi	r24, 0x03	; 3
    7534:	e8 16       	cp	r14, r24
    7536:	f1 04       	cpc	r15, r1
    7538:	e9 f0       	breq	.+58     	; 0x7574 <sendResponse+0x7e>
    753a:	e4 e0       	ldi	r30, 0x04	; 4
    753c:	ee 16       	cp	r14, r30
    753e:	f1 04       	cpc	r15, r1
    7540:	11 f1       	breq	.+68     	; 0x7586 <sendResponse+0x90>
		default:

		case ERROR_UNKNOWN:
			// Send unknown error packet
			packetLength = TFTP_UNKNOWN_ERROR_LEN;
			memcpy_P(txBuffer, tftp_unknown_error_packet, packetLength);
    7542:	4a e0       	ldi	r20, 0x0A	; 10
    7544:	50 e0       	ldi	r21, 0x00	; 0
    7546:	60 e8       	ldi	r22, 0x80	; 128
    7548:	70 e7       	ldi	r23, 0x70	; 112
    754a:	ce 01       	movw	r24, r28
    754c:	01 96       	adiw	r24, 0x01	; 1
    754e:	1d d2       	rcall	.+1082   	; 0x798a <memcpy_P>
	switch(response) {
		default:

		case ERROR_UNKNOWN:
			// Send unknown error packet
			packetLength = TFTP_UNKNOWN_ERROR_LEN;
    7550:	8a e0       	ldi	r24, 0x0A	; 10
	}

	txPtr = txBuffer;
	while(packetLength--) {
		netWriteReg(writePointer++, *txPtr++);
		if(writePointer == S3_TX_END) writePointer = S3_TX_START;
    7552:	ee 24       	eor	r14, r14
    7554:	e3 94       	inc	r14
    7556:	f1 2c       	mov	r15, r1
    7558:	ec 0e       	add	r14, r28
    755a:	fd 1e       	adc	r15, r29
	}
	return(returnCode);
}


void sendResponse(uint16_t response)
    755c:	18 2f       	mov	r17, r24
    755e:	1e 0d       	add	r17, r14
    7560:	2e c0       	rjmp	.+92     	; 0x75be <sendResponse+0xc8>
			break;

		case ERROR_INVALID:
			// Send invalid opcode packet
			packetLength = TFTP_OPCODE_ERROR_LEN;
			memcpy_P(txBuffer, tftp_opcode_error_packet, packetLength);
    7562:	4c e0       	ldi	r20, 0x0C	; 12
    7564:	50 e0       	ldi	r21, 0x00	; 0
    7566:	65 e9       	ldi	r22, 0x95	; 149
    7568:	70 e7       	ldi	r23, 0x70	; 112
    756a:	ce 01       	movw	r24, r28
    756c:	01 96       	adiw	r24, 0x01	; 1
    756e:	0d d2       	rcall	.+1050   	; 0x798a <memcpy_P>
			memcpy_P(txBuffer, tftp_unknown_error_packet, packetLength);
			break;

		case ERROR_INVALID:
			// Send invalid opcode packet
			packetLength = TFTP_OPCODE_ERROR_LEN;
    7570:	8c e0       	ldi	r24, 0x0C	; 12
			memcpy_P(txBuffer, tftp_opcode_error_packet, packetLength);
			break;
    7572:	ef cf       	rjmp	.-34     	; 0x7552 <sendResponse+0x5c>

		case ERROR_FULL:
			// Send unknown error packet
			packetLength = TFTP_FULL_ERROR_LEN;
			memcpy_P(txBuffer, tftp_full_error_packet, packetLength);
    7574:	49 e0       	ldi	r20, 0x09	; 9
    7576:	50 e0       	ldi	r21, 0x00	; 0
    7578:	6b e8       	ldi	r22, 0x8B	; 139
    757a:	70 e7       	ldi	r23, 0x70	; 112
    757c:	ce 01       	movw	r24, r28
    757e:	01 96       	adiw	r24, 0x01	; 1
    7580:	04 d2       	rcall	.+1032   	; 0x798a <memcpy_P>
			memcpy_P(txBuffer, tftp_opcode_error_packet, packetLength);
			break;

		case ERROR_FULL:
			// Send unknown error packet
			packetLength = TFTP_FULL_ERROR_LEN;
    7582:	89 e0       	ldi	r24, 0x09	; 9
			memcpy_P(txBuffer, tftp_full_error_packet, packetLength);
			break;
    7584:	e6 cf       	rjmp	.-52     	; 0x7552 <sendResponse+0x5c>
				traceln("Tftp: Sent Final ACK ");
				tracenum(lastPacket);
			}
#endif
			packetLength = 4;
			*txPtr++ = TFTP_OPCODE_ACK >> 8;
    7586:	19 82       	std	Y+1, r1	; 0x01
			*txPtr++ = TFTP_OPCODE_ACK & 0xff;
    7588:	84 e0       	ldi	r24, 0x04	; 4
    758a:	8a 83       	std	Y+2, r24	; 0x02
			// lastPacket is block code
			*txPtr++ = lastPacket >> 8;
    758c:	80 91 1e 01 	lds	r24, 0x011E
    7590:	90 91 1f 01 	lds	r25, 0x011F
    7594:	9b 83       	std	Y+3, r25	; 0x03
			*txPtr = lastPacket & 0xff;
    7596:	8c 83       	std	Y+4, r24	; 0x04
			if(response == FINAL_ACK) {
				traceln("Tftp: Sent Final ACK ");
				tracenum(lastPacket);
			}
#endif
			packetLength = 4;
    7598:	84 e0       	ldi	r24, 0x04	; 4
			*txPtr++ = TFTP_OPCODE_ACK >> 8;
			*txPtr++ = TFTP_OPCODE_ACK & 0xff;
			// lastPacket is block code
			*txPtr++ = lastPacket >> 8;
			*txPtr = lastPacket & 0xff;
			break;
    759a:	db cf       	rjmp	.-74     	; 0x7552 <sendResponse+0x5c>
	}

	txPtr = txBuffer;
	while(packetLength--) {
		netWriteReg(writePointer++, *txPtr++);
    759c:	f7 01       	movw	r30, r14
    759e:	61 91       	ld	r22, Z+
    75a0:	7f 01       	movw	r14, r30
    75a2:	56 01       	movw	r10, r12
    75a4:	ff ef       	ldi	r31, 0xFF	; 255
    75a6:	af 1a       	sub	r10, r31
    75a8:	bf 0a       	sbc	r11, r31
    75aa:	c6 01       	movw	r24, r12
    75ac:	eb dd       	rcall	.-1066   	; 0x7184 <netWriteReg>
		if(writePointer == S3_TX_END) writePointer = S3_TX_START;
    75ae:	a1 14       	cp	r10, r1
    75b0:	80 e6       	ldi	r24, 0x60	; 96
    75b2:	b8 06       	cpc	r11, r24
    75b4:	19 f4       	brne	.+6      	; 0x75bc <sendResponse+0xc6>
    75b6:	a1 2c       	mov	r10, r1
    75b8:	e8 e5       	ldi	r30, 0x58	; 88
    75ba:	be 2e       	mov	r11, r30
    75bc:	65 01       	movw	r12, r10
			*txPtr = lastPacket & 0xff;
			break;
	}

	txPtr = txBuffer;
	while(packetLength--) {
    75be:	1e 11       	cpse	r17, r14
    75c0:	ed cf       	rjmp	.-38     	; 0x759c <sendResponse+0xa6>
		netWriteReg(writePointer++, *txPtr++);
		if(writePointer == S3_TX_END) writePointer = S3_TX_START;
	}
	netWriteWord(REG_S3_TX_WR0, writePointer - S3_TX_START);
    75c2:	b6 01       	movw	r22, r12
    75c4:	78 55       	subi	r23, 0x58	; 88
    75c6:	84 e2       	ldi	r24, 0x24	; 36
    75c8:	97 e0       	ldi	r25, 0x07	; 7
    75ca:	23 de       	rcall	.-954    	; 0x7212 <netWriteWord>
	netWriteReg(REG_S3_CR, CR_SEND);
    75cc:	60 e2       	ldi	r22, 0x20	; 32
    75ce:	81 e0       	ldi	r24, 0x01	; 1
    75d0:	97 e0       	ldi	r25, 0x07	; 7
    75d2:	d8 dd       	rcall	.-1104   	; 0x7184 <netWriteReg>
	while(netReadReg(REG_S3_CR));
    75d4:	81 e0       	ldi	r24, 0x01	; 1
    75d6:	97 e0       	ldi	r25, 0x07	; 7
    75d8:	ee dd       	rcall	.-1060   	; 0x71b6 <netReadReg>
    75da:	81 11       	cpse	r24, r1
    75dc:	fb cf       	rjmp	.-10     	; 0x75d4 <sendResponse+0xde>
#ifdef _VERBOSE
	traceln("Tftp: Response sent");
#endif
}
    75de:	cc 59       	subi	r28, 0x9C	; 156
    75e0:	df 4f       	sbci	r29, 0xFF	; 255
    75e2:	de bf       	out	0x3e, r29	; 62
    75e4:	cd bf       	out	0x3d, r28	; 61
    75e6:	df 91       	pop	r29
    75e8:	cf 91       	pop	r28
    75ea:	1f 91       	pop	r17
    75ec:	ff 90       	pop	r15
    75ee:	ef 90       	pop	r14
    75f0:	df 90       	pop	r13
    75f2:	cf 90       	pop	r12
    75f4:	bf 90       	pop	r11
    75f6:	af 90       	pop	r10
    75f8:	08 95       	ret

000075fa <tftpInit>:
void tftpInit()
{
	// Open socket
	do {
		// Write TFTP Port
		netWriteWord(REG_S3_PORT0, TFTP_PORT);
    75fa:	65 e4       	ldi	r22, 0x45	; 69
    75fc:	70 e0       	ldi	r23, 0x00	; 0
    75fe:	84 e0       	ldi	r24, 0x04	; 4
    7600:	97 e0       	ldi	r25, 0x07	; 7
    7602:	07 de       	rcall	.-1010   	; 0x7212 <netWriteWord>
		// Write mode
		netWriteReg(REG_S3_MR, MR_UDP);
    7604:	62 e0       	ldi	r22, 0x02	; 2
    7606:	80 e0       	ldi	r24, 0x00	; 0
    7608:	97 e0       	ldi	r25, 0x07	; 7
    760a:	bc dd       	rcall	.-1160   	; 0x7184 <netWriteReg>
		// Open Socket
		netWriteReg(REG_S3_CR, CR_OPEN);
    760c:	61 e0       	ldi	r22, 0x01	; 1
    760e:	81 e0       	ldi	r24, 0x01	; 1
    7610:	97 e0       	ldi	r25, 0x07	; 7
    7612:	b8 dd       	rcall	.-1168   	; 0x7184 <netWriteReg>
		// Read Status
		if(netReadReg(REG_S3_SR) != SOCK_UDP)
    7614:	83 e0       	ldi	r24, 0x03	; 3
    7616:	97 e0       	ldi	r25, 0x07	; 7
    7618:	ce dd       	rcall	.-1124   	; 0x71b6 <netReadReg>
    761a:	82 32       	cpi	r24, 0x22	; 34
    761c:	21 f0       	breq	.+8      	; 0x7626 <tftpInit+0x2c>
			// Close Socket if it wasn't initialized correctly
			netWriteReg(REG_S3_CR, CR_CLOSE);
    761e:	60 e1       	ldi	r22, 0x10	; 16
    7620:	81 e0       	ldi	r24, 0x01	; 1
    7622:	97 e0       	ldi	r25, 0x07	; 7
    7624:	af dd       	rcall	.-1186   	; 0x7184 <netWriteReg>
		// If socket correctly opened continue
	} while(netReadReg(REG_S3_SR) != SOCK_UDP);
    7626:	83 e0       	ldi	r24, 0x03	; 3
    7628:	97 e0       	ldi	r25, 0x07	; 7
    762a:	c5 dd       	rcall	.-1142   	; 0x71b6 <netReadReg>
    762c:	82 32       	cpi	r24, 0x22	; 34
    762e:	29 f7       	brne	.-54     	; 0x75fa <tftpInit>
#ifdef _VERBOSE
	traceln("Tftp: TFTP server init done");
#endif
}
    7630:	08 95       	ret

00007632 <tftpPoll>:

/**
 * Looks for a connection
 */
uint8_t tftpPoll()
{
    7632:	cf 93       	push	r28
	uint8_t response = ACK;
	// Get the size of the recieved data
	uint16_t packetSize = netReadWord(REG_S3_RX_RSR0);
    7634:	86 e2       	ldi	r24, 0x26	; 38
    7636:	97 e0       	ldi	r25, 0x07	; 7
    7638:	d8 dd       	rcall	.-1104   	; 0x71ea <netReadWord>

	if(packetSize) {
    763a:	89 2b       	or	r24, r25
    763c:	11 f4       	brne	.+4      	; 0x7642 <tftpPoll+0x10>
		netWriteReg(REG_S3_CR, CR_CLOSE);
		// Complete
		return(0);
	}
	// Tftp continues
	return(1);
    763e:	81 e0       	ldi	r24, 0x01	; 1
    7640:	26 c0       	rjmp	.+76     	; 0x768e <tftpPoll+0x5c>
	uint8_t response = ACK;
	// Get the size of the recieved data
	uint16_t packetSize = netReadWord(REG_S3_RX_RSR0);

	if(packetSize) {
		if(!tftpFlashing) resetTick();
    7642:	80 91 25 01 	lds	r24, 0x0125
    7646:	81 11       	cpse	r24, r1
    7648:	01 c0       	rjmp	.+2      	; 0x764c <tftpPoll+0x1a>
    764a:	8a d1       	rcall	.+788    	; 0x7960 <resetTick>
		tftpFlashing = TRUE;
    764c:	81 e0       	ldi	r24, 0x01	; 1
    764e:	80 93 25 01 	sts	0x0125, r24

		for(;;) {
			if(!(netReadReg(REG_S3_IR) & IR_RECV)) break;
    7652:	82 e0       	ldi	r24, 0x02	; 2
    7654:	97 e0       	ldi	r25, 0x07	; 7
    7656:	af dd       	rcall	.-1186   	; 0x71b6 <netReadReg>
    7658:	82 ff       	sbrs	r24, 2
    765a:	0e c0       	rjmp	.+28     	; 0x7678 <tftpPoll+0x46>

			netWriteReg(REG_S3_IR, IR_RECV);
    765c:	64 e0       	ldi	r22, 0x04	; 4
    765e:	82 e0       	ldi	r24, 0x02	; 2
    7660:	97 e0       	ldi	r25, 0x07	; 7
    7662:	90 dd       	rcall	.-1248   	; 0x7184 <netWriteReg>
	#else
		//round up by default
		__ticks_dc = (uint32_t)(ceil(fabs(__tmp)));
	#endif

	__builtin_avr_delay_cycles(__ticks_dc);
    7664:	2f ef       	ldi	r18, 0xFF	; 255
    7666:	87 e8       	ldi	r24, 0x87	; 135
    7668:	93 e1       	ldi	r25, 0x13	; 19
    766a:	21 50       	subi	r18, 0x01	; 1
    766c:	80 40       	sbci	r24, 0x00	; 0
    766e:	90 40       	sbci	r25, 0x00	; 0
    7670:	e1 f7       	brne	.-8      	; 0x766a <tftpPoll+0x38>
    7672:	00 c0       	rjmp	.+0      	; 0x7674 <tftpPoll+0x42>
    7674:	00 00       	nop
    7676:	ed cf       	rjmp	.-38     	; 0x7652 <tftpPoll+0x20>
		}
		// Process Packet and get TFTP response code
#ifdef _DEBUG_TFTP
		response = processPacket(packetSize);
#else
		response = processPacket();
    7678:	1f de       	rcall	.-962    	; 0x72b8 <processPacket>
    767a:	c8 2f       	mov	r28, r24
#endif
		// Send the response
		sendResponse(response);
    767c:	90 e0       	ldi	r25, 0x00	; 0
    767e:	3b df       	rcall	.-394    	; 0x74f6 <sendResponse>
	}
	if(response==FINAL_ACK) {
    7680:	c4 30       	cpi	r28, 0x04	; 4
    7682:	e9 f6       	brne	.-70     	; 0x763e <tftpPoll+0xc>
		netWriteReg(REG_S3_CR, CR_CLOSE);
    7684:	60 e1       	ldi	r22, 0x10	; 16
    7686:	81 e0       	ldi	r24, 0x01	; 1
    7688:	97 e0       	ldi	r25, 0x07	; 7
    768a:	7c dd       	rcall	.-1288   	; 0x7184 <netWriteReg>
		// Complete
		return(0);
    768c:	80 e0       	ldi	r24, 0x00	; 0
	}
	// Tftp continues
	return(1);
}
    768e:	cf 91       	pop	r28
    7690:	08 95       	ret

00007692 <validImage>:
#include "debug.h"
#include "serial.h"


uint8_t validImage(uint8_t *base)
{
    7692:	20 e0       	ldi	r18, 0x00	; 0
    7694:	30 e0       	ldi	r19, 0x00	; 0
#include "validate.h"
#include "debug.h"
#include "serial.h"


uint8_t validImage(uint8_t *base)
    7696:	fc 01       	movw	r30, r24
    7698:	e2 0f       	add	r30, r18
    769a:	f3 1f       	adc	r31, r19
	/* Check that a jump table is present in the first flash sector */
	uint8_t i;
	for(i = 0; i < 0x34; i += 4) {
		// For each vector, check it is of the form:
		// 0x0C 0x94 0xWX 0xYZ  ; JMP 0xWXYZ
		if(base[i] != 0x0c) {
    769c:	40 81       	ld	r20, Z
    769e:	4c 30       	cpi	r20, 0x0C	; 12
    76a0:	51 f4       	brne	.+20     	; 0x76b6 <validImage+0x24>
			tracenum(base[i]);
			trace(" instead of 0x0C");
#endif
			return(0);
		}
		if(base[i + 1] != 0x94) {
    76a2:	41 81       	ldd	r20, Z+1	; 0x01
    76a4:	44 39       	cpi	r20, 0x94	; 148
    76a6:	39 f4       	brne	.+14     	; 0x76b6 <validImage+0x24>
    76a8:	2c 5f       	subi	r18, 0xFC	; 252
    76aa:	3f 4f       	sbci	r19, 0xFF	; 255

uint8_t validImage(uint8_t *base)
{
	/* Check that a jump table is present in the first flash sector */
	uint8_t i;
	for(i = 0; i < 0x34; i += 4) {
    76ac:	24 33       	cpi	r18, 0x34	; 52
    76ae:	31 05       	cpc	r19, r1
    76b0:	91 f7       	brne	.-28     	; 0x7696 <validImage+0x4>
		}
	}
#ifdef _DEBUG_VALD
	traceln("Vald: Valid image");
#endif
	return(1);
    76b2:	81 e0       	ldi	r24, 0x01	; 1
    76b4:	08 95       	ret
			tracenum(i);
			trace(" with ");
			tracenum(base[i]);
			trace(" instead of 0x0C");
#endif
			return(0);
    76b6:	80 e0       	ldi	r24, 0x00	; 0
	}
#ifdef _DEBUG_VALD
	traceln("Vald: Valid image");
#endif
	return(1);
}
    76b8:	08 95       	ret

000076ba <watchdogDisable>:
 */
uint8_t watchdogDisable(void)
{
	uint8_t mcusr_mirror;

	mcusr_mirror = MCUSR;
    76ba:	84 b7       	in	r24, 0x34	; 52
	MCUSR = 0;
    76bc:	14 be       	out	0x34, r1	; 52
	wdt_disable();
    76be:	98 e1       	ldi	r25, 0x18	; 24
    76c0:	0f b6       	in	r0, 0x3f	; 63
    76c2:	f8 94       	cli
    76c4:	90 93 60 00 	sts	0x0060, r25
    76c8:	10 92 60 00 	sts	0x0060, r1
    76cc:	0f be       	out	0x3f, r0	; 63

	return(mcusr_mirror);
}
    76ce:	08 95       	ret

000076d0 <watchdogReset>:

void watchdogReset(void)
{
	wdt_reset();
    76d0:	a8 95       	wdr
    76d2:	08 95       	ret

000076d4 <watchdogConfig>:
}

void watchdogConfig(uint8_t x)
{
	WDTCSR = _BV(WDCE) | _BV(WDE);
    76d4:	e0 e6       	ldi	r30, 0x60	; 96
    76d6:	f0 e0       	ldi	r31, 0x00	; 0
    76d8:	98 e1       	ldi	r25, 0x18	; 24
    76da:	90 83       	st	Z, r25
	WDTCSR = x;
    76dc:	80 83       	st	Z, r24
    76de:	08 95       	ret

000076e0 <verifySpace>:
uint8_t  length;


void verifySpace()
{
	if(getch() != CRC_EOP) {
    76e0:	12 d1       	rcall	.+548    	; 0x7906 <getch>
    76e2:	80 32       	cpi	r24, 0x20	; 32
    76e4:	19 f0       	breq	.+6      	; 0x76ec <verifySpace+0xc>
		watchdogConfig(WATCHDOG_16MS);	// shorten WD timeout
    76e6:	88 e0       	ldi	r24, 0x08	; 8
    76e8:	f5 df       	rcall	.-22     	; 0x76d4 <watchdogConfig>
    76ea:	ff cf       	rjmp	.-2      	; 0x76ea <verifySpace+0xa>
		while(1)						// and busy-loop so that WD causes
			;							// a reset and app start.
	}
	putch(STK_INSYNC);
    76ec:	84 e1       	ldi	r24, 0x14	; 20
    76ee:	f8 c0       	rjmp	.+496    	; 0x78e0 <putch>

000076f0 <getNch>:
}


void getNch(uint8_t count)
{
    76f0:	cf 93       	push	r28
    76f2:	c8 2f       	mov	r28, r24
	do getch();
    76f4:	08 d1       	rcall	.+528    	; 0x7906 <getch>
	while(--count);
    76f6:	c1 50       	subi	r28, 0x01	; 1
    76f8:	e9 f7       	brne	.-6      	; 0x76f4 <getNch+0x4>
	verifySpace();
}
    76fa:	cf 91       	pop	r28

void getNch(uint8_t count)
{
	do getch();
	while(--count);
	verifySpace();
    76fc:	f1 cf       	rjmp	.-30     	; 0x76e0 <verifySpace>

000076fe <proccessCommand>:
}


uint8_t proccessCommand()
{
    76fe:	ef 92       	push	r14
    7700:	ff 92       	push	r15
    7702:	cf 93       	push	r28
    7704:	df 93       	push	r29
    7706:	cd b7       	in	r28, 0x3d	; 61
    7708:	de b7       	in	r29, 0x3e	; 62
    770a:	c1 50       	subi	r28, 0x01	; 1
    770c:	d1 40       	sbci	r29, 0x01	; 1
    770e:	de bf       	out	0x3e, r29	; 62
    7710:	cd bf       	out	0x3d, r28	; 61
	uint8_t ch;

	ch = getch();
    7712:	f9 d0       	rcall	.+498    	; 0x7906 <getch>

	if(ch == STK_GET_PARAMETER) {
    7714:	81 34       	cpi	r24, 0x41	; 65
    7716:	a9 f4       	brne	.+42     	; 0x7742 <proccessCommand+0x44>
		unsigned char which = getch();
    7718:	f6 d0       	rcall	.+492    	; 0x7906 <getch>
		verifySpace();
    771a:	cf 5f       	subi	r28, 0xFF	; 255
    771c:	de 4f       	sbci	r29, 0xFE	; 254
    771e:	88 83       	st	Y, r24
    7720:	c1 50       	subi	r28, 0x01	; 1
    7722:	d1 40       	sbci	r29, 0x01	; 1
    7724:	dd df       	rcall	.-70     	; 0x76e0 <verifySpace>
		if(which == 0x82) {
    7726:	cf 5f       	subi	r28, 0xFF	; 255
    7728:	de 4f       	sbci	r29, 0xFE	; 254
    772a:	88 81       	ld	r24, Y
    772c:	c1 50       	subi	r28, 0x01	; 1
    772e:	d1 40       	sbci	r29, 0x01	; 1
    7730:	82 38       	cpi	r24, 0x82	; 130
    7732:	11 f4       	brne	.+4      	; 0x7738 <proccessCommand+0x3a>
			/*
			 * Send tftpboot version as "minor SW version"
			 */
			putch(TFTPBOOT_MINVER);
    7734:	83 e0       	ldi	r24, 0x03	; 3
    7736:	03 c0       	rjmp	.+6      	; 0x773e <proccessCommand+0x40>
		} else if(which == 0x81) {
    7738:	81 38       	cpi	r24, 0x81	; 129
    773a:	e1 f7       	brne	.-8      	; 0x7734 <proccessCommand+0x36>
			putch(TFTPBOOT_MAJVER);
    773c:	80 e0       	ldi	r24, 0x00	; 0
    773e:	d0 d0       	rcall	.+416    	; 0x78e0 <putch>
    7740:	ac c0       	rjmp	.+344    	; 0x789a <proccessCommand+0x19c>
			 * GET PARAMETER returns a generic 0x03 reply for
			 * other parameters - enough to keep Avrdude happy
			 */
			putch(0x03);
		}
	} else if(ch == STK_SET_DEVICE) {
    7742:	82 34       	cpi	r24, 0x42	; 66
    7744:	11 f4       	brne	.+4      	; 0x774a <proccessCommand+0x4c>
		// SET DEVICE is ignored
		getNch(20);
    7746:	84 e1       	ldi	r24, 0x14	; 20
    7748:	03 c0       	rjmp	.+6      	; 0x7750 <proccessCommand+0x52>
	} else if(ch == STK_SET_DEVICE_EXT) {
    774a:	85 34       	cpi	r24, 0x45	; 69
    774c:	19 f4       	brne	.+6      	; 0x7754 <proccessCommand+0x56>
		// SET DEVICE EXT is ignored
		getNch(4);
    774e:	84 e0       	ldi	r24, 0x04	; 4
    7750:	cf df       	rcall	.-98     	; 0x76f0 <getNch>
    7752:	a3 c0       	rjmp	.+326    	; 0x789a <proccessCommand+0x19c>
	} else if(ch == STK_LOAD_ADDRESS) {
    7754:	85 35       	cpi	r24, 0x55	; 85
    7756:	69 f4       	brne	.+26     	; 0x7772 <proccessCommand+0x74>
		// LOAD ADDRESS
		uint16_t newAddress;
		newAddress = getch();
    7758:	d6 d0       	rcall	.+428    	; 0x7906 <getch>
    775a:	f8 2e       	mov	r15, r24
		newAddress = (newAddress & 0xff) | (getch() << 8);
    775c:	d4 d0       	rcall	.+424    	; 0x7906 <getch>
    775e:	2f 2d       	mov	r18, r15
    7760:	30 e0       	ldi	r19, 0x00	; 0
    7762:	38 2b       	or	r19, r24
#ifdef RAMPZ
		// Transfer top bit to RAMPZ
		RAMPZ = (newAddress & 0x8000) ? 1 : 0;
#endif

		newAddress += newAddress; // Convert from word address to byte address
    7764:	22 0f       	add	r18, r18
    7766:	33 1f       	adc	r19, r19
		address = newAddress;
    7768:	30 93 21 01 	sts	0x0121, r19
    776c:	20 93 20 01 	sts	0x0120, r18
    7770:	93 c0       	rjmp	.+294    	; 0x7898 <proccessCommand+0x19a>
		verifySpace();
	} else if(ch == STK_UNIVERSAL) {
    7772:	86 35       	cpi	r24, 0x56	; 86
    7774:	19 f4       	brne	.+6      	; 0x777c <proccessCommand+0x7e>
		// UNIVERSAL command is ignored
		getNch(4);
    7776:	84 e0       	ldi	r24, 0x04	; 4
    7778:	bb df       	rcall	.-138    	; 0x76f0 <getNch>
    777a:	e0 cf       	rjmp	.-64     	; 0x773c <proccessCommand+0x3e>
		putch(0x00);
	}
	/* Write memory, length is big endian and is in bytes */
	else if(ch == STK_PROG_PAGE) {
    777c:	84 36       	cpi	r24, 0x64	; 100
    777e:	09 f0       	breq	.+2      	; 0x7782 <proccessCommand+0x84>
    7780:	5b c0       	rjmp	.+182    	; 0x7838 <proccessCommand+0x13a>
		// PROGRAM PAGE - we support flash programming only, not EEPROM
		uint8_t  buff[256];
		uint8_t* bufPtr;
		uint16_t addrPtr;

		getch();			/* getlen() */
    7782:	c1 d0       	rcall	.+386    	; 0x7906 <getch>
		length = getch();
    7784:	c0 d0       	rcall	.+384    	; 0x7906 <getch>
    7786:	80 93 26 01 	sts	0x0126, r24
		getch();
    778a:	bd d0       	rcall	.+378    	; 0x7906 <getch>

		// If we are in RWW section, immediately start page erase
		if(address < NRWWSTART) boot_page_erase((uint16_t)(void *)address);
    778c:	e0 91 20 01 	lds	r30, 0x0120
    7790:	f0 91 21 01 	lds	r31, 0x0121
    7794:	e1 15       	cp	r30, r1
    7796:	80 e7       	ldi	r24, 0x70	; 112
    7798:	f8 07       	cpc	r31, r24
    779a:	18 f4       	brcc	.+6      	; 0x77a2 <proccessCommand+0xa4>
    779c:	83 e0       	ldi	r24, 0x03	; 3
    779e:	87 bf       	out	0x37, r24	; 55
    77a0:	e8 95       	spm
    77a2:	ee 24       	eor	r14, r14
    77a4:	e3 94       	inc	r14
    77a6:	f1 2c       	mov	r15, r1
    77a8:	ec 0e       	add	r14, r28
    77aa:	fd 1e       	adc	r15, r29

		// While that is going on, read in page contents
		bufPtr = buff;
		do *bufPtr++ = getch();
    77ac:	ac d0       	rcall	.+344    	; 0x7906 <getch>
    77ae:	f7 01       	movw	r30, r14
    77b0:	81 93       	st	Z+, r24
    77b2:	7f 01       	movw	r14, r30
		while(--length);
    77b4:	80 91 26 01 	lds	r24, 0x0126
    77b8:	81 50       	subi	r24, 0x01	; 1
    77ba:	80 93 26 01 	sts	0x0126, r24
    77be:	81 11       	cpse	r24, r1
    77c0:	f5 cf       	rjmp	.-22     	; 0x77ac <proccessCommand+0xae>

		// If we are in NRWW section, page erase has to be delayed until now.
		// Todo: Take RAMPZ into account
		if(address >= NRWWSTART) boot_page_erase((uint16_t)(void *)address);
    77c2:	e0 91 20 01 	lds	r30, 0x0120
    77c6:	f0 91 21 01 	lds	r31, 0x0121
    77ca:	e1 15       	cp	r30, r1
    77cc:	80 e7       	ldi	r24, 0x70	; 112
    77ce:	f8 07       	cpc	r31, r24
    77d0:	18 f0       	brcs	.+6      	; 0x77d8 <proccessCommand+0xda>
    77d2:	83 e0       	ldi	r24, 0x03	; 3
    77d4:	87 bf       	out	0x37, r24	; 55
    77d6:	e8 95       	spm

		// Read command terminator, start reply
		verifySpace();
    77d8:	83 df       	rcall	.-250    	; 0x76e0 <verifySpace>

		// If only a partial page is to be programmed, the erase might not be complete.
		// So check that here
		boot_spm_busy_wait();
    77da:	07 b6       	in	r0, 0x37	; 55
    77dc:	00 fc       	sbrc	r0, 0
    77de:	fd cf       	rjmp	.-6      	; 0x77da <proccessCommand+0xdc>

		// Copy buffer into programming buffer
		bufPtr = buff;
		addrPtr = (uint16_t)(void *)address;
    77e0:	40 91 20 01 	lds	r20, 0x0120
    77e4:	50 91 21 01 	lds	r21, 0x0121
		// If only a partial page is to be programmed, the erase might not be complete.
		// So check that here
		boot_spm_busy_wait();

		// Copy buffer into programming buffer
		bufPtr = buff;
    77e8:	29 81       	ldd	r18, Y+1	; 0x01
    77ea:	80 e0       	ldi	r24, 0x00	; 0
    77ec:	90 e0       	ldi	r25, 0x00	; 0
		ch = SPM_PAGESIZE / 2;
		do {
			uint16_t a;
			a = *bufPtr++;
			a |= (*bufPtr++) << 8;
			boot_page_fill((uint16_t)(void *)addrPtr, a);
    77ee:	61 e0       	ldi	r22, 0x01	; 1
	while(--count);
	verifySpace();
}


uint8_t proccessCommand()
    77f0:	a1 e0       	ldi	r26, 0x01	; 1
    77f2:	b0 e0       	ldi	r27, 0x00	; 0
    77f4:	ac 0f       	add	r26, r28
    77f6:	bd 1f       	adc	r27, r29
    77f8:	a8 0f       	add	r26, r24
    77fa:	b9 1f       	adc	r27, r25
    77fc:	fc 01       	movw	r30, r24
    77fe:	e4 0f       	add	r30, r20
    7800:	f5 1f       	adc	r31, r21
		addrPtr = (uint16_t)(void *)address;
		ch = SPM_PAGESIZE / 2;
		do {
			uint16_t a;
			a = *bufPtr++;
			a |= (*bufPtr++) << 8;
    7802:	11 96       	adiw	r26, 0x01	; 1
    7804:	7c 91       	ld	r23, X
    7806:	11 97       	sbiw	r26, 0x01	; 1
    7808:	30 e0       	ldi	r19, 0x00	; 0
    780a:	37 2b       	or	r19, r23
			boot_page_fill((uint16_t)(void *)addrPtr, a);
    780c:	09 01       	movw	r0, r18
    780e:	67 bf       	out	0x37, r22	; 55
    7810:	e8 95       	spm
    7812:	11 24       	eor	r1, r1
			addrPtr += 2;
		} while(--ch);
    7814:	8e 37       	cpi	r24, 0x7E	; 126
    7816:	91 05       	cpc	r25, r1
    7818:	21 f0       	breq	.+8      	; 0x7822 <proccessCommand+0x124>
		addrPtr = (uint16_t)(void *)address;
		ch = SPM_PAGESIZE / 2;
		do {
			uint16_t a;
			a = *bufPtr++;
			a |= (*bufPtr++) << 8;
    781a:	12 96       	adiw	r26, 0x02	; 2
    781c:	2c 91       	ld	r18, X
    781e:	02 96       	adiw	r24, 0x02	; 2
    7820:	e7 cf       	rjmp	.-50     	; 0x77f0 <proccessCommand+0xf2>
			boot_page_fill((uint16_t)(void *)addrPtr, a);
			addrPtr += 2;
		} while(--ch);

		// Write from programming buffer
		boot_page_write((uint16_t)(void *)address);
    7822:	85 e0       	ldi	r24, 0x05	; 5
    7824:	fa 01       	movw	r30, r20
    7826:	87 bf       	out	0x37, r24	; 55
    7828:	e8 95       	spm
		boot_spm_busy_wait();
    782a:	07 b6       	in	r0, 0x37	; 55
    782c:	00 fc       	sbrc	r0, 0
    782e:	fd cf       	rjmp	.-6      	; 0x782a <proccessCommand+0x12c>

#if defined(RWWSRE)
		// Reenable read access to flash
		boot_rww_enable();
    7830:	81 e1       	ldi	r24, 0x11	; 17
    7832:	87 bf       	out	0x37, r24	; 55
    7834:	e8 95       	spm
    7836:	31 c0       	rjmp	.+98     	; 0x789a <proccessCommand+0x19c>
#endif
	}
	/* Read memory block mode, length is big endian.  */
	else if(ch == STK_READ_PAGE) {
    7838:	84 37       	cpi	r24, 0x74	; 116
    783a:	d1 f4       	brne	.+52     	; 0x7870 <proccessCommand+0x172>
		// READ PAGE - we only read flash
		getch();			/* getlen() */
    783c:	64 d0       	rcall	.+200    	; 0x7906 <getch>
		length = getch();
    783e:	63 d0       	rcall	.+198    	; 0x7906 <getch>
    7840:	80 93 26 01 	sts	0x0126, r24
		getch();
    7844:	60 d0       	rcall	.+192    	; 0x7906 <getch>

		verifySpace();
    7846:	4c df       	rcall	.-360    	; 0x76e0 <verifySpace>
			__asm__("elpm %0,Z\n":"=r"(result):"z"(address));
			putch(result);
			address++;
		} while(--length);
#else
		do putch(pgm_read_byte_near(address++));
    7848:	e0 91 20 01 	lds	r30, 0x0120
    784c:	f0 91 21 01 	lds	r31, 0x0121
    7850:	cf 01       	movw	r24, r30
    7852:	01 96       	adiw	r24, 0x01	; 1
    7854:	90 93 21 01 	sts	0x0121, r25
    7858:	80 93 20 01 	sts	0x0120, r24
    785c:	84 91       	lpm	r24, Z
    785e:	40 d0       	rcall	.+128    	; 0x78e0 <putch>
		while(--length);
    7860:	80 91 26 01 	lds	r24, 0x0126
    7864:	81 50       	subi	r24, 0x01	; 1
    7866:	80 93 26 01 	sts	0x0126, r24
    786a:	81 11       	cpse	r24, r1
    786c:	ed cf       	rjmp	.-38     	; 0x7848 <proccessCommand+0x14a>
    786e:	15 c0       	rjmp	.+42     	; 0x789a <proccessCommand+0x19c>
#endif
	}
	/* Get device signature bytes  */
	else if(ch == STK_READ_SIGN) {
    7870:	85 37       	cpi	r24, 0x75	; 117
    7872:	39 f4       	brne	.+14     	; 0x7882 <proccessCommand+0x184>
		// READ SIGN - return what Avrdude wants to hear
		verifySpace();
    7874:	35 df       	rcall	.-406    	; 0x76e0 <verifySpace>
		putch(SIGNATURE_0);
    7876:	8e e1       	ldi	r24, 0x1E	; 30
    7878:	33 d0       	rcall	.+102    	; 0x78e0 <putch>
		putch(SIGNATURE_1);
    787a:	85 e9       	ldi	r24, 0x95	; 149
    787c:	31 d0       	rcall	.+98     	; 0x78e0 <putch>
		putch(SIGNATURE_2);
    787e:	8f e0       	ldi	r24, 0x0F	; 15
    7880:	5e cf       	rjmp	.-324    	; 0x773e <proccessCommand+0x40>
	} else if(ch == STK_LEAVE_PROGMODE) {
    7882:	81 35       	cpi	r24, 0x51	; 81
    7884:	49 f4       	brne	.+18     	; 0x7898 <proccessCommand+0x19a>
		// Adaboot no-wait mod
		//watchdogConfig(WATCHDOG_16MS);
		verifySpace();
    7886:	2c df       	rcall	.-424    	; 0x76e0 <verifySpace>
		eeprom_write_byte(EEPROM_IMG_STAT, EEPROM_IMG_OK_VALUE);
    7888:	6b eb       	ldi	r22, 0xBB	; 187
    788a:	82 e0       	ldi	r24, 0x02	; 2
    788c:	90 e0       	ldi	r25, 0x00	; 0
    788e:	8e d0       	rcall	.+284    	; 0x79ac <__eewr_byte_m328p>
		putch(STK_OK);
    7890:	80 e1       	ldi	r24, 0x10	; 16
    7892:	26 d0       	rcall	.+76     	; 0x78e0 <putch>
		return(0);
    7894:	80 e0       	ldi	r24, 0x00	; 0
    7896:	04 c0       	rjmp	.+8      	; 0x78a0 <proccessCommand+0x1a2>
	} else {
		// This covers the response to commands like STK_ENTER_PROGMODE
		verifySpace();
    7898:	23 df       	rcall	.-442    	; 0x76e0 <verifySpace>
	}
	putch(STK_OK);
    789a:	80 e1       	ldi	r24, 0x10	; 16
    789c:	21 d0       	rcall	.+66     	; 0x78e0 <putch>
	return(1);
    789e:	81 e0       	ldi	r24, 0x01	; 1
}
    78a0:	cf 5f       	subi	r28, 0xFF	; 255
    78a2:	de 4f       	sbci	r29, 0xFE	; 254
    78a4:	de bf       	out	0x3e, r29	; 62
    78a6:	cd bf       	out	0x3d, r28	; 61
    78a8:	df 91       	pop	r29
    78aa:	cf 91       	pop	r28
    78ac:	ff 90       	pop	r15
    78ae:	ef 90       	pop	r14
    78b0:	08 95       	ret

000078b2 <serialPoll>:


uint8_t serialPoll()
{
	if(UCSR0A & _BV(RXC0)){
    78b2:	80 91 c0 00 	lds	r24, 0x00C0
    78b6:	87 ff       	sbrs	r24, 7
    78b8:	04 c0       	rjmp	.+8      	; 0x78c2 <serialPoll+0x10>
		serialFlashing = TRUE;
    78ba:	81 e0       	ldi	r24, 0x01	; 1
    78bc:	80 93 24 01 	sts	0x0124, r24
		return(proccessCommand());
    78c0:	1e cf       	rjmp	.-452    	; 0x76fe <proccessCommand>
	} else return(1);
}
    78c2:	81 e0       	ldi	r24, 0x01	; 1
    78c4:	08 95       	ret

000078c6 <serialInit>:
#include "pin_defs.h"


void serialInit()
{
	UCSR0A = _BV(U2X0); //Double speed mode USART0
    78c6:	82 e0       	ldi	r24, 0x02	; 2
    78c8:	80 93 c0 00 	sts	0x00C0, r24
	UCSR0B = _BV(RXEN0) | _BV(TXEN0);
    78cc:	88 e1       	ldi	r24, 0x18	; 24
    78ce:	80 93 c1 00 	sts	0x00C1, r24
	UCSR0C = _BV(UCSZ00) | _BV(UCSZ01);
    78d2:	86 e0       	ldi	r24, 0x06	; 6
    78d4:	80 93 c2 00 	sts	0x00C2, r24
	UBRR0L = (uint8_t)((F_CPU + BAUD_RATE * 4L) / (BAUD_RATE * 8L) - 1);
    78d8:	80 e1       	ldi	r24, 0x10	; 16
    78da:	80 93 c4 00 	sts	0x00C4, r24
    78de:	08 95       	ret

000078e0 <putch>:
}


void putch(uint8_t c)
{
	while(!(UCSR0A & _BV(UDRE0)));
    78e0:	90 91 c0 00 	lds	r25, 0x00C0
    78e4:	95 ff       	sbrs	r25, 5
    78e6:	fc cf       	rjmp	.-8      	; 0x78e0 <putch>
	UDR0 = c;
    78e8:	80 93 c6 00 	sts	0x00C6, r24
    78ec:	08 95       	ret

000078ee <puthex>:
}


void puthex(uint8_t c)
{
	c &= 0xf;
    78ee:	8f 70       	andi	r24, 0x0F	; 15
	if(c > 9) c += 7;
    78f0:	8a 30       	cpi	r24, 0x0A	; 10
    78f2:	08 f0       	brcs	.+2      	; 0x78f6 <puthex+0x8>
    78f4:	89 5f       	subi	r24, 0xF9	; 249
	while(!(UCSR0A & _BV(UDRE0)));
    78f6:	90 91 c0 00 	lds	r25, 0x00C0
    78fa:	95 ff       	sbrs	r25, 5
    78fc:	fc cf       	rjmp	.-8      	; 0x78f6 <puthex+0x8>
	UDR0 = c + '0';
    78fe:	80 5d       	subi	r24, 0xD0	; 208
    7900:	80 93 c6 00 	sts	0x00C6, r24
    7904:	08 95       	ret

00007906 <getch>:

uint8_t getch(void)
{
	uint8_t ch;

	while(!(UCSR0A & _BV(RXC0)));
    7906:	80 91 c0 00 	lds	r24, 0x00C0
    790a:	87 ff       	sbrs	r24, 7
    790c:	fc cf       	rjmp	.-8      	; 0x7906 <getch>
	if(!(UCSR0A & _BV(FE0))) {
    790e:	80 91 c0 00 	lds	r24, 0x00C0
    7912:	84 ff       	sbrs	r24, 4
		 * expects to be talking to the application, and DON'T reset the
		 * watchdog.  This should cause the bootloader to abort and run
		 * the application "soon", if it keeps happening.  (Note that we
		 * don't care that an invalid char is returned...)
		 */
		watchdogReset();
    7914:	dd de       	rcall	.-582    	; 0x76d0 <watchdogReset>
	}
	ch = UDR0;
    7916:	80 91 c6 00 	lds	r24, 0x00C6

	return ch;
}
    791a:	08 95       	ret

0000791c <updateLed>:
uint16_t tick = 0;


void updateLed(void)
{
	uint16_t nextTimer1 = TCNT1;
    791c:	80 91 84 00 	lds	r24, 0x0084
    7920:	90 91 85 00 	lds	r25, 0x0085
	if(nextTimer1 & 0x400) LED_PORT ^= _BV(LED); // Led pin high
    7924:	92 ff       	sbrs	r25, 2
    7926:	05 c0       	rjmp	.+10     	; 0x7932 <updateLed+0x16>
    7928:	25 b1       	in	r18, 0x05	; 5
    792a:	32 e0       	ldi	r19, 0x02	; 2
    792c:	23 27       	eor	r18, r19
    792e:	25 b9       	out	0x05, r18	; 5
    7930:	01 c0       	rjmp	.+2      	; 0x7934 <updateLed+0x18>
	else LED_PORT &= ~_BV(LED); // Led pin low
    7932:	29 98       	cbi	0x05, 1	; 5
	if(nextTimer1 < lastTimer1) tick++;
    7934:	20 91 27 01 	lds	r18, 0x0127
    7938:	30 91 28 01 	lds	r19, 0x0128
    793c:	82 17       	cp	r24, r18
    793e:	93 07       	cpc	r25, r19
    7940:	50 f4       	brcc	.+20     	; 0x7956 <updateLed+0x3a>
    7942:	20 91 22 01 	lds	r18, 0x0122
    7946:	30 91 23 01 	lds	r19, 0x0123
    794a:	2f 5f       	subi	r18, 0xFF	; 255
    794c:	3f 4f       	sbci	r19, 0xFF	; 255
    794e:	30 93 23 01 	sts	0x0123, r19
    7952:	20 93 22 01 	sts	0x0122, r18
	lastTimer1 = nextTimer1;
    7956:	90 93 28 01 	sts	0x0128, r25
    795a:	80 93 27 01 	sts	0x0127, r24
    795e:	08 95       	ret

00007960 <resetTick>:
}

void resetTick(void)
{
	tick = 0;
    7960:	10 92 23 01 	sts	0x0123, r1
    7964:	10 92 22 01 	sts	0x0122, r1
    7968:	08 95       	ret

0000796a <timedOut>:
}

uint8_t timedOut(void)
{
	// Never timeout if there is no code in Flash
	if(pgm_read_word(0x0000) == 0xFFFF) return(0);
    796a:	e0 e0       	ldi	r30, 0x00	; 0
    796c:	f0 e0       	ldi	r31, 0x00	; 0
    796e:	85 91       	lpm	r24, Z+
    7970:	94 91       	lpm	r25, Z
    7972:	01 96       	adiw	r24, 0x01	; 1
    7974:	41 f0       	breq	.+16     	; 0x7986 <timedOut+0x1c>
	if(tick > TIMEOUT) return(1);
    7976:	81 e0       	ldi	r24, 0x01	; 1
    7978:	20 91 22 01 	lds	r18, 0x0122
    797c:	30 91 23 01 	lds	r19, 0x0123
    7980:	24 30       	cpi	r18, 0x04	; 4
    7982:	31 05       	cpc	r19, r1
    7984:	08 f4       	brcc	.+2      	; 0x7988 <timedOut+0x1e>
}

uint8_t timedOut(void)
{
	// Never timeout if there is no code in Flash
	if(pgm_read_word(0x0000) == 0xFFFF) return(0);
    7986:	80 e0       	ldi	r24, 0x00	; 0
	if(tick > TIMEOUT) return(1);
	return(0);
}
    7988:	08 95       	ret

0000798a <memcpy_P>:
    798a:	fb 01       	movw	r30, r22
    798c:	dc 01       	movw	r26, r24
    798e:	02 c0       	rjmp	.+4      	; 0x7994 <memcpy_P+0xa>
    7990:	05 90       	lpm	r0, Z+
    7992:	0d 92       	st	X+, r0
    7994:	41 50       	subi	r20, 0x01	; 1
    7996:	50 40       	sbci	r21, 0x00	; 0
    7998:	d8 f7       	brcc	.-10     	; 0x7990 <memcpy_P+0x6>
    799a:	08 95       	ret

0000799c <__eerd_byte_m328p>:
    799c:	f9 99       	sbic	0x1f, 1	; 31
    799e:	fe cf       	rjmp	.-4      	; 0x799c <__eerd_byte_m328p>
    79a0:	92 bd       	out	0x22, r25	; 34
    79a2:	81 bd       	out	0x21, r24	; 33
    79a4:	f8 9a       	sbi	0x1f, 0	; 31
    79a6:	99 27       	eor	r25, r25
    79a8:	80 b5       	in	r24, 0x20	; 32
    79aa:	08 95       	ret

000079ac <__eewr_byte_m328p>:
    79ac:	26 2f       	mov	r18, r22

000079ae <__eewr_r18_m328p>:
    79ae:	f9 99       	sbic	0x1f, 1	; 31
    79b0:	fe cf       	rjmp	.-4      	; 0x79ae <__eewr_r18_m328p>
    79b2:	1f ba       	out	0x1f, r1	; 31
    79b4:	92 bd       	out	0x22, r25	; 34
    79b6:	81 bd       	out	0x21, r24	; 33
    79b8:	20 bd       	out	0x20, r18	; 32
    79ba:	0f b6       	in	r0, 0x3f	; 63
    79bc:	f8 94       	cli
    79be:	fa 9a       	sbi	0x1f, 2	; 31
    79c0:	f9 9a       	sbi	0x1f, 1	; 31
    79c2:	0f be       	out	0x3f, r0	; 63
    79c4:	01 96       	adiw	r24, 0x01	; 1
    79c6:	08 95       	ret

000079c8 <_exit>:
    79c8:	f8 94       	cli

000079ca <__stop_program>:
    79ca:	ff cf       	rjmp	.-2      	; 0x79ca <__stop_program>
